[2.088s] Invoking command in '/home/maddy/canopen_test/a5_simulator': PYTHONPATH=/home/maddy/canopen_test/build/a5_simulator/prefix_override:/usr/lib/python3/dist-packages/colcon_core/task/python/colcon_distutils_commands:/home/maddy/canopen_test/install/a5_simulator/lib/python3.10/site-packages:${PYTHONPATH} /usr/bin/python3 -W ignore:setup.py install is deprecated -W ignore:easy_install command is deprecated setup.py egg_info --egg-base ../build/a5_simulator build --build-base /home/maddy/canopen_test/build/a5_simulator/build install --record /home/maddy/canopen_test/build/a5_simulator/install.log --single-version-externally-managed install_data
[2.456s] running egg_info
[2.458s] writing ../build/a5_simulator/a5_simulator.egg-info/PKG-INFO
[2.458s] writing dependency_links to ../build/a5_simulator/a5_simulator.egg-info/dependency_links.txt
[2.458s] writing entry points to ../build/a5_simulator/a5_simulator.egg-info/entry_points.txt
[2.458s] writing requirements to ../build/a5_simulator/a5_simulator.egg-info/requires.txt
[2.459s] writing top-level names to ../build/a5_simulator/a5_simulator.egg-info/top_level.txt
[2.461s] reading manifest file '../build/a5_simulator/a5_simulator.egg-info/SOURCES.txt'
[2.463s] writing manifest file '../build/a5_simulator/a5_simulator.egg-info/SOURCES.txt'
[2.463s] running build
[2.463s] running build_py
[2.463s] running install
[2.464s] running install_lib
[2.466s] running install_data
[2.466s] running install_egg_info
[2.468s] removing '/home/maddy/canopen_test/install/a5_simulator/lib/python3.10/site-packages/a5_simulator-0.1.0-py3.10.egg-info' (and everything under it)
[2.468s] Copying ../build/a5_simulator/a5_simulator.egg-info to /home/maddy/canopen_test/install/a5_simulator/lib/python3.10/site-packages/a5_simulator-0.1.0-py3.10.egg-info
[2.470s] running install_scripts
[2.503s] Installing a5_simulator_node script to /home/maddy/canopen_test/install/a5_simulator/lib/a5_simulator
[2.504s] writing list of installed files to '/home/maddy/canopen_test/build/a5_simulator/install.log'
[2.537s] Invoked command in '/home/maddy/canopen_test/a5_simulator' returned '0': PYTHONPATH=/home/maddy/canopen_test/build/a5_simulator/prefix_override:/usr/lib/python3/dist-packages/colcon_core/task/python/colcon_distutils_commands:/home/maddy/canopen_test/install/a5_simulator/lib/python3.10/site-packages:${PYTHONPATH} /usr/bin/python3 -W ignore:setup.py install is deprecated -W ignore:easy_install command is deprecated setup.py egg_info --egg-base ../build/a5_simulator build --build-base /home/maddy/canopen_test/build/a5_simulator/build install --record /home/maddy/canopen_test/build/a5_simulator/install.log --single-version-externally-managed install_data
