[1.356s] Invoking command in '/home/maddy/canopen_test/a5_control': AMENT_PREFIX_PATH=/home/maddy/canopen_test/install/iris_interfaces:${AMENT_PREFIX_PATH} CMAKE_PREFIX_PATH=/home/maddy/canopen_test/install/iris_interfaces LD_LIBRARY_PATH=/home/maddy/canopen_test/install/iris_interfaces/lib:${LD_LIBRARY_PATH} PYTHONPATH=/home/maddy/canopen_test/build/a5_control/prefix_override:/usr/lib/python3/dist-packages/colcon_core/task/python/colcon_distutils_commands:/home/maddy/canopen_test/install/a5_control/lib/python3.10/site-packages:/home/maddy/canopen_test/install/iris_interfaces/local/lib/python3.10/dist-packages:${PYTHONPATH} /usr/bin/python3 -W ignore:setup.py install is deprecated -W ignore:easy_install command is deprecated setup.py egg_info --egg-base ../build/a5_control build --build-base /home/maddy/canopen_test/build/a5_control/build install --record /home/maddy/canopen_test/build/a5_control/install.log --single-version-externally-managed install_data
[1.758s] running egg_info
[1.761s] writing ../build/a5_control/a5_control.egg-info/PKG-INFO
[1.762s] writing dependency_links to ../build/a5_control/a5_control.egg-info/dependency_links.txt
[1.762s] writing entry points to ../build/a5_control/a5_control.egg-info/entry_points.txt
[1.762s] writing requirements to ../build/a5_control/a5_control.egg-info/requires.txt
[1.763s] writing top-level names to ../build/a5_control/a5_control.egg-info/top_level.txt
[1.765s] reading manifest file '../build/a5_control/a5_control.egg-info/SOURCES.txt'
[1.766s] writing manifest file '../build/a5_control/a5_control.egg-info/SOURCES.txt'
[1.767s] running build
[1.767s] running build_py
[1.767s] creating /home/maddy/canopen_test/build/a5_control/build/lib/a5_control
[1.767s] copying a5_control/__init__.py -> /home/maddy/canopen_test/build/a5_control/build/lib/a5_control
[1.767s] copying a5_control/a5_control.py -> /home/maddy/canopen_test/build/a5_control/build/lib/a5_control
[1.768s] running install
[1.768s] running install_lib
[1.769s] creating /home/maddy/canopen_test/install/a5_control/lib/python3.10/site-packages/a5_control
[1.769s] copying /home/maddy/canopen_test/build/a5_control/build/lib/a5_control/__init__.py -> /home/maddy/canopen_test/install/a5_control/lib/python3.10/site-packages/a5_control
[1.770s] copying /home/maddy/canopen_test/build/a5_control/build/lib/a5_control/a5_control.py -> /home/maddy/canopen_test/install/a5_control/lib/python3.10/site-packages/a5_control
[1.770s] byte-compiling /home/maddy/canopen_test/install/a5_control/lib/python3.10/site-packages/a5_control/__init__.py to __init__.cpython-310.pyc
[1.771s] byte-compiling /home/maddy/canopen_test/install/a5_control/lib/python3.10/site-packages/a5_control/a5_control.py to a5_control.cpython-310.pyc
[1.772s] running install_data
[1.773s] error: can't copy 'resource/a5_control': doesn't exist or not a regular file
[1.798s] Invoked command in '/home/maddy/canopen_test/a5_control' returned '1': AMENT_PREFIX_PATH=/home/maddy/canopen_test/install/iris_interfaces:${AMENT_PREFIX_PATH} CMAKE_PREFIX_PATH=/home/maddy/canopen_test/install/iris_interfaces LD_LIBRARY_PATH=/home/maddy/canopen_test/install/iris_interfaces/lib:${LD_LIBRARY_PATH} PYTHONPATH=/home/maddy/canopen_test/build/a5_control/prefix_override:/usr/lib/python3/dist-packages/colcon_core/task/python/colcon_distutils_commands:/home/maddy/canopen_test/install/a5_control/lib/python3.10/site-packages:/home/maddy/canopen_test/install/iris_interfaces/local/lib/python3.10/dist-packages:${PYTHONPATH} /usr/bin/python3 -W ignore:setup.py install is deprecated -W ignore:easy_install command is deprecated setup.py egg_info --egg-base ../build/a5_control build --build-base /home/maddy/canopen_test/build/a5_control/build install --record /home/maddy/canopen_test/build/a5_control/install.log --single-version-externally-managed install_data
