running develop
Removing /home/maddy/canopen_test/install/motor_control/lib/python3.10/site-packages/motor-control.egg-link (link to .)
running egg_info
writing ../build/motor_control/motor_control.egg-info/PKG-INFO
writing dependency_links to ../build/motor_control/motor_control.egg-info/dependency_links.txt
writing entry points to ../build/motor_control/motor_control.egg-info/entry_points.txt
writing requirements to ../build/motor_control/motor_control.egg-info/requires.txt
writing top-level names to ../build/motor_control/motor_control.egg-info/top_level.txt
reading manifest file '../build/motor_control/motor_control.egg-info/SOURCES.txt'
writing manifest file '../build/motor_control/motor_control.egg-info/SOURCES.txt'
running build
running build_py
creating /home/maddy/canopen_test/build/motor_control/build
creating /home/maddy/canopen_test/build/motor_control/build/lib
creating /home/maddy/canopen_test/build/motor_control/build/lib/motor_control
copying motor_control/__init__.py -> /home/maddy/canopen_test/build/motor_control/build/lib/motor_control
copying motor_control/iris_motor_control.py -> /home/maddy/canopen_test/build/motor_control/build/lib/motor_control
copying motor_control/italsea_dual_drive.py -> /home/maddy/canopen_test/build/motor_control/build/lib/motor_control
running install
running install_lib
creating /home/maddy/canopen_test/install/motor_control/lib/python3.10/site-packages/motor_control
copying /home/maddy/canopen_test/build/motor_control/build/lib/motor_control/__init__.py -> /home/maddy/canopen_test/install/motor_control/lib/python3.10/site-packages/motor_control
copying /home/maddy/canopen_test/build/motor_control/build/lib/motor_control/iris_motor_control.py -> /home/maddy/canopen_test/install/motor_control/lib/python3.10/site-packages/motor_control
copying /home/maddy/canopen_test/build/motor_control/build/lib/motor_control/italsea_dual_drive.py -> /home/maddy/canopen_test/install/motor_control/lib/python3.10/site-packages/motor_control
byte-compiling /home/maddy/canopen_test/install/motor_control/lib/python3.10/site-packages/motor_control/__init__.py to __init__.cpython-310.pyc
byte-compiling /home/maddy/canopen_test/install/motor_control/lib/python3.10/site-packages/motor_control/iris_motor_control.py to iris_motor_control.cpython-310.pyc
byte-compiling /home/maddy/canopen_test/install/motor_control/lib/python3.10/site-packages/motor_control/italsea_dual_drive.py to italsea_dual_drive.cpython-310.pyc
running install_data
copying resource/motor_control -> /home/maddy/canopen_test/install/motor_control/share/ament_index/resource_index/packages
copying package.xml -> /home/maddy/canopen_test/install/motor_control/share/motor_control
running install_egg_info
Copying ../build/motor_control/motor_control.egg-info to /home/maddy/canopen_test/install/motor_control/lib/python3.10/site-packages/motor_control-0.0.0-py3.10.egg-info
running install_scripts
Installing motor_control_node script to /home/maddy/canopen_test/install/motor_control/lib/motor_control
writing list of installed files to '/home/maddy/canopen_test/build/motor_control/install.log'
