[0.302s] Invoking command in '/home/maddy/canopen_test/build/motor_control': AMENT_PREFIX_PATH=/home/maddy/canopen_test/install/iris_interfaces CMAKE_PREFIX_PATH=/home/maddy/canopen_test/install/iris_interfaces LD_LIBRARY_PATH=/home/maddy/canopen_test/install/iris_interfaces/lib PYTHONPATH=/home/maddy/canopen_test/build/motor_control/prefix_override:/usr/lib/python3/dist-packages/colcon_core/task/python/colcon_distutils_commands:/home/maddy/canopen_test/install/motor_control/lib/python3.10/site-packages:/home/maddy/canopen_test/install/iris_interfaces/local/lib/python3.10/dist-packages /usr/bin/python3 -W ignore:setup.py install is deprecated -W ignore:easy_install command is deprecated setup.py develop --uninstall --editable --build-directory /home/maddy/canopen_test/build/motor_control/build
[0.415s] running develop
[0.462s] Removing /home/maddy/canopen_test/install/motor_control/lib/python3.10/site-packages/motor-control.egg-link (link to .)
[0.477s] Invoked command in '/home/maddy/canopen_test/build/motor_control' returned '0': AMENT_PREFIX_PATH=/home/maddy/canopen_test/install/iris_interfaces CMAKE_PREFIX_PATH=/home/maddy/canopen_test/install/iris_interfaces LD_LIBRARY_PATH=/home/maddy/canopen_test/install/iris_interfaces/lib PYTHONPATH=/home/maddy/canopen_test/build/motor_control/prefix_override:/usr/lib/python3/dist-packages/colcon_core/task/python/colcon_distutils_commands:/home/maddy/canopen_test/install/motor_control/lib/python3.10/site-packages:/home/maddy/canopen_test/install/iris_interfaces/local/lib/python3.10/dist-packages /usr/bin/python3 -W ignore:setup.py install is deprecated -W ignore:easy_install command is deprecated setup.py develop --uninstall --editable --build-directory /home/maddy/canopen_test/build/motor_control/build
[0.479s] Invoking command in '/home/maddy/canopen_test/motor_control': AMENT_PREFIX_PATH=/home/maddy/canopen_test/install/iris_interfaces CMAKE_PREFIX_PATH=/home/maddy/canopen_test/install/iris_interfaces LD_LIBRARY_PATH=/home/maddy/canopen_test/install/iris_interfaces/lib PYTHONPATH=/home/maddy/canopen_test/build/motor_control/prefix_override:/usr/lib/python3/dist-packages/colcon_core/task/python/colcon_distutils_commands:/home/maddy/canopen_test/install/motor_control/lib/python3.10/site-packages:/home/maddy/canopen_test/install/iris_interfaces/local/lib/python3.10/dist-packages /usr/bin/python3 -W ignore:setup.py install is deprecated -W ignore:easy_install command is deprecated setup.py egg_info --egg-base ../build/motor_control build --build-base /home/maddy/canopen_test/build/motor_control/build install --record /home/maddy/canopen_test/build/motor_control/install.log --install-scripts $base/lib/motor_control --single-version-externally-managed install_data --force
[0.586s] running egg_info
[0.586s] writing ../build/motor_control/motor_control.egg-info/PKG-INFO
[0.586s] writing dependency_links to ../build/motor_control/motor_control.egg-info/dependency_links.txt
[0.586s] writing entry points to ../build/motor_control/motor_control.egg-info/entry_points.txt
[0.586s] writing requirements to ../build/motor_control/motor_control.egg-info/requires.txt
[0.586s] writing top-level names to ../build/motor_control/motor_control.egg-info/top_level.txt
[0.587s] reading manifest file '../build/motor_control/motor_control.egg-info/SOURCES.txt'
[0.588s] writing manifest file '../build/motor_control/motor_control.egg-info/SOURCES.txt'
[0.588s] running build
[0.588s] running build_py
[0.588s] creating /home/maddy/canopen_test/build/motor_control/build
[0.588s] creating /home/maddy/canopen_test/build/motor_control/build/lib
[0.588s] creating /home/maddy/canopen_test/build/motor_control/build/lib/motor_control
[0.588s] copying motor_control/__init__.py -> /home/maddy/canopen_test/build/motor_control/build/lib/motor_control
[0.588s] copying motor_control/iris_motor_control.py -> /home/maddy/canopen_test/build/motor_control/build/lib/motor_control
[0.588s] copying motor_control/italsea_dual_drive.py -> /home/maddy/canopen_test/build/motor_control/build/lib/motor_control
[0.588s] running install
[0.588s] running install_lib
[0.589s] creating /home/maddy/canopen_test/install/motor_control/lib/python3.10/site-packages/motor_control
[0.589s] copying /home/maddy/canopen_test/build/motor_control/build/lib/motor_control/__init__.py -> /home/maddy/canopen_test/install/motor_control/lib/python3.10/site-packages/motor_control
[0.589s] copying /home/maddy/canopen_test/build/motor_control/build/lib/motor_control/iris_motor_control.py -> /home/maddy/canopen_test/install/motor_control/lib/python3.10/site-packages/motor_control
[0.589s] copying /home/maddy/canopen_test/build/motor_control/build/lib/motor_control/italsea_dual_drive.py -> /home/maddy/canopen_test/install/motor_control/lib/python3.10/site-packages/motor_control
[0.589s] byte-compiling /home/maddy/canopen_test/install/motor_control/lib/python3.10/site-packages/motor_control/__init__.py to __init__.cpython-310.pyc
[0.589s] byte-compiling /home/maddy/canopen_test/install/motor_control/lib/python3.10/site-packages/motor_control/iris_motor_control.py to iris_motor_control.cpython-310.pyc
[0.591s] byte-compiling /home/maddy/canopen_test/install/motor_control/lib/python3.10/site-packages/motor_control/italsea_dual_drive.py to italsea_dual_drive.cpython-310.pyc
[0.591s] running install_data
[0.591s] copying resource/motor_control -> /home/maddy/canopen_test/install/motor_control/share/ament_index/resource_index/packages
[0.591s] copying package.xml -> /home/maddy/canopen_test/install/motor_control/share/motor_control
[0.591s] running install_egg_info
[0.592s] Copying ../build/motor_control/motor_control.egg-info to /home/maddy/canopen_test/install/motor_control/lib/python3.10/site-packages/motor_control-0.0.0-py3.10.egg-info
[0.593s] running install_scripts
[0.606s] Installing motor_control_node script to /home/maddy/canopen_test/install/motor_control/lib/motor_control
[0.606s] writing list of installed files to '/home/maddy/canopen_test/build/motor_control/install.log'
[0.619s] Invoked command in '/home/maddy/canopen_test/motor_control' returned '0': AMENT_PREFIX_PATH=/home/maddy/canopen_test/install/iris_interfaces CMAKE_PREFIX_PATH=/home/maddy/canopen_test/install/iris_interfaces LD_LIBRARY_PATH=/home/maddy/canopen_test/install/iris_interfaces/lib PYTHONPATH=/home/maddy/canopen_test/build/motor_control/prefix_override:/usr/lib/python3/dist-packages/colcon_core/task/python/colcon_distutils_commands:/home/maddy/canopen_test/install/motor_control/lib/python3.10/site-packages:/home/maddy/canopen_test/install/iris_interfaces/local/lib/python3.10/dist-packages /usr/bin/python3 -W ignore:setup.py install is deprecated -W ignore:easy_install command is deprecated setup.py egg_info --egg-base ../build/motor_control build --build-base /home/maddy/canopen_test/build/motor_control/build install --record /home/maddy/canopen_test/build/motor_control/install.log --install-scripts $base/lib/motor_control --single-version-externally-managed install_data --force
