[0.204s] DEBUG:colcon:Command line arguments: ['/usr/bin/colcon', 'build', '--symlink-install']
[0.204s] DEBUG:colcon:Parsed command line arguments: Namespace(log_base=None, log_level=None, verb_name='build', build_base='build', install_base='install', merge_install=False, symlink_install=True, test_result_base=None, continue_on_error=False, executor='parallel', parallel_workers=12, event_handlers=None, ignore_user_meta=False, metas=['./colcon.meta'], base_paths=['.'], packages_ignore=None, packages_ignore_regex=None, paths=None, packages_up_to=None, packages_up_to_regex=None, packages_above=None, packages_above_and_dependencies=None, packages_above_depth=None, packages_select_by_dep=None, packages_skip_by_dep=None, packages_skip_up_to=None, packages_select_build_failed=False, packages_skip_build_finished=False, packages_select_test_failures=False, packages_skip_test_passed=False, packages_select=None, packages_skip=None, packages_select_regex=None, packages_skip_regex=None, packages_start=None, packages_end=None, allow_overriding=[], cmake_args=None, cmake_target=None, cmake_target_skip_unavailable=False, cmake_clean_cache=False, cmake_clean_first=False, cmake_force_configure=False, ament_cmake_args=None, catkin_cmake_args=None, catkin_skip_building_tests=False, verb_parser=<colcon_defaults.argument_parser.defaults.DefaultArgumentsDecorator object at 0xffff7f6d0460>, verb_extension=<colcon_core.verb.build.BuildVerb object at 0xffff7f69ff10>, main=<bound method BuildVerb.main of <colcon_core.verb.build.BuildVerb object at 0xffff7f69ff10>>)
[0.527s] Level 1:colcon.colcon_core.package_discovery:discover_packages(colcon_meta) check parameters
[0.527s] Level 1:colcon.colcon_core.package_discovery:discover_packages(recursive) check parameters
[0.527s] Level 1:colcon.colcon_core.package_discovery:discover_packages(ignore) check parameters
[0.527s] Level 1:colcon.colcon_core.package_discovery:discover_packages(path) check parameters
[0.527s] Level 1:colcon.colcon_core.package_discovery:discover_packages(colcon_meta) discover
[0.527s] Level 1:colcon.colcon_core.package_discovery:discover_packages(recursive) discover
[0.528s] INFO:colcon.colcon_core.package_discovery:Crawling recursively for packages in '/home/agx/canopen_test'
[0.528s] Level 1:colcon.colcon_core.package_identification:_identify(.) by extensions ['ignore', 'ignore_ament_install']
[0.528s] Level 1:colcon.colcon_core.package_identification:_identify(.) by extension 'ignore'
[0.528s] Level 1:colcon.colcon_core.package_identification:_identify(.) by extension 'ignore_ament_install'
[0.528s] Level 1:colcon.colcon_core.package_identification:_identify(.) by extensions ['colcon_pkg']
[0.528s] Level 1:colcon.colcon_core.package_identification:_identify(.) by extension 'colcon_pkg'
[0.528s] Level 1:colcon.colcon_core.package_identification:_identify(.) by extensions ['colcon_meta']
[0.528s] Level 1:colcon.colcon_core.package_identification:_identify(.) by extension 'colcon_meta'
[0.528s] Level 1:colcon.colcon_core.package_identification:_identify(.) by extensions ['ros']
[0.528s] Level 1:colcon.colcon_core.package_identification:_identify(.) by extension 'ros'
[0.546s] Level 1:colcon.colcon_core.package_identification:_identify(.) by extensions ['cmake', 'python']
[0.546s] Level 1:colcon.colcon_core.package_identification:_identify(.) by extension 'cmake'
[0.546s] Level 1:colcon.colcon_core.package_identification:_identify(.) by extension 'python'
[0.546s] Level 1:colcon.colcon_core.package_identification:_identify(.) by extensions ['python_setup_py']
[0.546s] Level 1:colcon.colcon_core.package_identification:_identify(.) by extension 'python_setup_py'
[0.547s] Level 1:colcon.colcon_core.package_identification:_identify(a5_control) by extensions ['ignore', 'ignore_ament_install']
[0.547s] Level 1:colcon.colcon_core.package_identification:_identify(a5_control) by extension 'ignore'
[0.547s] Level 1:colcon.colcon_core.package_identification:_identify(a5_control) by extension 'ignore_ament_install'
[0.547s] Level 1:colcon.colcon_core.package_identification:_identify(a5_control) by extensions ['colcon_pkg']
[0.547s] Level 1:colcon.colcon_core.package_identification:_identify(a5_control) by extension 'colcon_pkg'
[0.547s] Level 1:colcon.colcon_core.package_identification:_identify(a5_control) by extensions ['colcon_meta']
[0.547s] Level 1:colcon.colcon_core.package_identification:_identify(a5_control) by extension 'colcon_meta'
[0.547s] Level 1:colcon.colcon_core.package_identification:_identify(a5_control) by extensions ['ros']
[0.547s] Level 1:colcon.colcon_core.package_identification:_identify(a5_control) by extension 'ros'
[0.552s] DEBUG:colcon.colcon_core.package_identification:Package 'a5_control' with type 'ros.ament_python' and name 'a5_control'
[0.552s] Level 1:colcon.colcon_core.package_identification:_identify(build) by extensions ['ignore', 'ignore_ament_install']
[0.552s] Level 1:colcon.colcon_core.package_identification:_identify(build) by extension 'ignore'
[0.552s] Level 1:colcon.colcon_core.package_identification:_identify(build) ignored
[0.553s] Level 1:colcon.colcon_core.package_identification:_identify(can_interface) by extensions ['ignore', 'ignore_ament_install']
[0.553s] Level 1:colcon.colcon_core.package_identification:_identify(can_interface) by extension 'ignore'
[0.553s] Level 1:colcon.colcon_core.package_identification:_identify(can_interface) by extension 'ignore_ament_install'
[0.553s] Level 1:colcon.colcon_core.package_identification:_identify(can_interface) by extensions ['colcon_pkg']
[0.553s] Level 1:colcon.colcon_core.package_identification:_identify(can_interface) by extension 'colcon_pkg'
[0.553s] Level 1:colcon.colcon_core.package_identification:_identify(can_interface) by extensions ['colcon_meta']
[0.553s] Level 1:colcon.colcon_core.package_identification:_identify(can_interface) by extension 'colcon_meta'
[0.553s] Level 1:colcon.colcon_core.package_identification:_identify(can_interface) by extensions ['ros']
[0.553s] Level 1:colcon.colcon_core.package_identification:_identify(can_interface) by extension 'ros'
[0.554s] DEBUG:colcon.colcon_core.package_identification:Package 'can_interface' with type 'ros.ament_python' and name 'can_interface'
[0.554s] Level 1:colcon.colcon_core.package_identification:_identify(install) by extensions ['ignore', 'ignore_ament_install']
[0.555s] Level 1:colcon.colcon_core.package_identification:_identify(install) by extension 'ignore'
[0.555s] Level 1:colcon.colcon_core.package_identification:_identify(install) ignored
[0.555s] Level 1:colcon.colcon_core.package_identification:_identify(iris_interfaces) by extensions ['ignore', 'ignore_ament_install']
[0.555s] Level 1:colcon.colcon_core.package_identification:_identify(iris_interfaces) by extension 'ignore'
[0.555s] Level 1:colcon.colcon_core.package_identification:_identify(iris_interfaces) by extension 'ignore_ament_install'
[0.555s] Level 1:colcon.colcon_core.package_identification:_identify(iris_interfaces) by extensions ['colcon_pkg']
[0.555s] Level 1:colcon.colcon_core.package_identification:_identify(iris_interfaces) by extension 'colcon_pkg'
[0.555s] Level 1:colcon.colcon_core.package_identification:_identify(iris_interfaces) by extensions ['colcon_meta']
[0.555s] Level 1:colcon.colcon_core.package_identification:_identify(iris_interfaces) by extension 'colcon_meta'
[0.555s] Level 1:colcon.colcon_core.package_identification:_identify(iris_interfaces) by extensions ['ros']
[0.556s] Level 1:colcon.colcon_core.package_identification:_identify(iris_interfaces) by extension 'ros'
[0.557s] DEBUG:colcon.colcon_core.package_identification:Package 'iris_interfaces' with type 'ros.ament_cmake' and name 'iris_interfaces'
[0.557s] Level 1:colcon.colcon_core.package_identification:_identify(log) by extensions ['ignore', 'ignore_ament_install']
[0.557s] Level 1:colcon.colcon_core.package_identification:_identify(log) by extension 'ignore'
[0.557s] Level 1:colcon.colcon_core.package_identification:_identify(log) ignored
[0.557s] Level 1:colcon.colcon_core.package_identification:_identify(motor_control) by extensions ['ignore', 'ignore_ament_install']
[0.557s] Level 1:colcon.colcon_core.package_identification:_identify(motor_control) by extension 'ignore'
[0.558s] Level 1:colcon.colcon_core.package_identification:_identify(motor_control) by extension 'ignore_ament_install'
[0.558s] Level 1:colcon.colcon_core.package_identification:_identify(motor_control) by extensions ['colcon_pkg']
[0.558s] Level 1:colcon.colcon_core.package_identification:_identify(motor_control) by extension 'colcon_pkg'
[0.558s] Level 1:colcon.colcon_core.package_identification:_identify(motor_control) by extensions ['colcon_meta']
[0.558s] Level 1:colcon.colcon_core.package_identification:_identify(motor_control) by extension 'colcon_meta'
[0.558s] Level 1:colcon.colcon_core.package_identification:_identify(motor_control) by extensions ['ros']
[0.558s] Level 1:colcon.colcon_core.package_identification:_identify(motor_control) by extension 'ros'
[0.559s] DEBUG:colcon.colcon_core.package_identification:Package 'motor_control' with type 'ros.ament_python' and name 'motor_control'
[0.559s] Level 1:colcon.colcon_core.package_identification:_identify(venv241) by extensions ['ignore', 'ignore_ament_install']
[0.559s] Level 1:colcon.colcon_core.package_identification:_identify(venv241) by extension 'ignore'
[0.559s] Level 1:colcon.colcon_core.package_identification:_identify(venv241) ignored
[0.560s] Level 1:colcon.colcon_core.package_discovery:discover_packages(recursive) using defaults
[0.560s] Level 1:colcon.colcon_core.package_discovery:discover_packages(ignore) discover
[0.560s] Level 1:colcon.colcon_core.package_discovery:discover_packages(ignore) using defaults
[0.560s] Level 1:colcon.colcon_core.package_discovery:discover_packages(path) discover
[0.560s] Level 1:colcon.colcon_core.package_discovery:discover_packages(path) using defaults
[0.626s] Level 1:colcon.colcon_core.package_discovery:discover_packages(prefix_path) check parameters
[0.627s] Level 1:colcon.colcon_core.package_discovery:discover_packages(prefix_path) discover
[0.631s] DEBUG:colcon.colcon_installed_package_information.package_discovery:Found 358 installed packages in /opt/ros/humble
[0.634s] Level 1:colcon.colcon_core.package_discovery:discover_packages(prefix_path) using defaults
[0.700s] Level 5:colcon.colcon_core.verb:set package 'can_interface' build argument 'cmake_args' from command line to 'None'
[0.701s] Level 5:colcon.colcon_core.verb:set package 'can_interface' build argument 'cmake_target' from command line to 'None'
[0.701s] Level 5:colcon.colcon_core.verb:set package 'can_interface' build argument 'cmake_target_skip_unavailable' from command line to 'False'
[0.701s] Level 5:colcon.colcon_core.verb:set package 'can_interface' build argument 'cmake_clean_cache' from command line to 'False'
[0.701s] Level 5:colcon.colcon_core.verb:set package 'can_interface' build argument 'cmake_clean_first' from command line to 'False'
[0.701s] Level 5:colcon.colcon_core.verb:set package 'can_interface' build argument 'cmake_force_configure' from command line to 'False'
[0.701s] Level 5:colcon.colcon_core.verb:set package 'can_interface' build argument 'ament_cmake_args' from command line to 'None'
[0.701s] Level 5:colcon.colcon_core.verb:set package 'can_interface' build argument 'catkin_cmake_args' from command line to 'None'
[0.701s] Level 5:colcon.colcon_core.verb:set package 'can_interface' build argument 'catkin_skip_building_tests' from command line to 'False'
[0.701s] DEBUG:colcon.colcon_core.verb:Building package 'can_interface' with the following arguments: {'ament_cmake_args': None, 'build_base': '/home/agx/canopen_test/build/can_interface', 'catkin_cmake_args': None, 'catkin_skip_building_tests': False, 'cmake_args': None, 'cmake_clean_cache': False, 'cmake_clean_first': False, 'cmake_force_configure': False, 'cmake_target': None, 'cmake_target_skip_unavailable': False, 'install_base': '/home/agx/canopen_test/install/can_interface', 'merge_install': False, 'path': '/home/agx/canopen_test/can_interface', 'symlink_install': True, 'test_result_base': None}
[0.701s] Level 5:colcon.colcon_core.verb:set package 'iris_interfaces' build argument 'cmake_args' from command line to 'None'
[0.702s] Level 5:colcon.colcon_core.verb:set package 'iris_interfaces' build argument 'cmake_target' from command line to 'None'
[0.702s] Level 5:colcon.colcon_core.verb:set package 'iris_interfaces' build argument 'cmake_target_skip_unavailable' from command line to 'False'
[0.702s] Level 5:colcon.colcon_core.verb:set package 'iris_interfaces' build argument 'cmake_clean_cache' from command line to 'False'
[0.702s] Level 5:colcon.colcon_core.verb:set package 'iris_interfaces' build argument 'cmake_clean_first' from command line to 'False'
[0.702s] Level 5:colcon.colcon_core.verb:set package 'iris_interfaces' build argument 'cmake_force_configure' from command line to 'False'
[0.702s] Level 5:colcon.colcon_core.verb:set package 'iris_interfaces' build argument 'ament_cmake_args' from command line to 'None'
[0.702s] Level 5:colcon.colcon_core.verb:set package 'iris_interfaces' build argument 'catkin_cmake_args' from command line to 'None'
[0.702s] Level 5:colcon.colcon_core.verb:set package 'iris_interfaces' build argument 'catkin_skip_building_tests' from command line to 'False'
[0.702s] DEBUG:colcon.colcon_core.verb:Building package 'iris_interfaces' with the following arguments: {'ament_cmake_args': None, 'build_base': '/home/agx/canopen_test/build/iris_interfaces', 'catkin_cmake_args': None, 'catkin_skip_building_tests': False, 'cmake_args': None, 'cmake_clean_cache': False, 'cmake_clean_first': False, 'cmake_force_configure': False, 'cmake_target': None, 'cmake_target_skip_unavailable': False, 'install_base': '/home/agx/canopen_test/install/iris_interfaces', 'merge_install': False, 'path': '/home/agx/canopen_test/iris_interfaces', 'symlink_install': True, 'test_result_base': None}
[0.702s] Level 5:colcon.colcon_core.verb:set package 'a5_control' build argument 'cmake_args' from command line to 'None'
[0.702s] Level 5:colcon.colcon_core.verb:set package 'a5_control' build argument 'cmake_target' from command line to 'None'
[0.702s] Level 5:colcon.colcon_core.verb:set package 'a5_control' build argument 'cmake_target_skip_unavailable' from command line to 'False'
[0.702s] Level 5:colcon.colcon_core.verb:set package 'a5_control' build argument 'cmake_clean_cache' from command line to 'False'
[0.702s] Level 5:colcon.colcon_core.verb:set package 'a5_control' build argument 'cmake_clean_first' from command line to 'False'
[0.702s] Level 5:colcon.colcon_core.verb:set package 'a5_control' build argument 'cmake_force_configure' from command line to 'False'
[0.703s] Level 5:colcon.colcon_core.verb:set package 'a5_control' build argument 'ament_cmake_args' from command line to 'None'
[0.703s] Level 5:colcon.colcon_core.verb:set package 'a5_control' build argument 'catkin_cmake_args' from command line to 'None'
[0.703s] Level 5:colcon.colcon_core.verb:set package 'a5_control' build argument 'catkin_skip_building_tests' from command line to 'False'
[0.703s] DEBUG:colcon.colcon_core.verb:Building package 'a5_control' with the following arguments: {'ament_cmake_args': None, 'build_base': '/home/agx/canopen_test/build/a5_control', 'catkin_cmake_args': None, 'catkin_skip_building_tests': False, 'cmake_args': None, 'cmake_clean_cache': False, 'cmake_clean_first': False, 'cmake_force_configure': False, 'cmake_target': None, 'cmake_target_skip_unavailable': False, 'install_base': '/home/agx/canopen_test/install/a5_control', 'merge_install': False, 'path': '/home/agx/canopen_test/a5_control', 'symlink_install': True, 'test_result_base': None}
[0.703s] Level 5:colcon.colcon_core.verb:set package 'motor_control' build argument 'cmake_args' from command line to 'None'
[0.703s] Level 5:colcon.colcon_core.verb:set package 'motor_control' build argument 'cmake_target' from command line to 'None'
[0.703s] Level 5:colcon.colcon_core.verb:set package 'motor_control' build argument 'cmake_target_skip_unavailable' from command line to 'False'
[0.703s] Level 5:colcon.colcon_core.verb:set package 'motor_control' build argument 'cmake_clean_cache' from command line to 'False'
[0.703s] Level 5:colcon.colcon_core.verb:set package 'motor_control' build argument 'cmake_clean_first' from command line to 'False'
[0.703s] Level 5:colcon.colcon_core.verb:set package 'motor_control' build argument 'cmake_force_configure' from command line to 'False'
[0.703s] Level 5:colcon.colcon_core.verb:set package 'motor_control' build argument 'ament_cmake_args' from command line to 'None'
[0.703s] Level 5:colcon.colcon_core.verb:set package 'motor_control' build argument 'catkin_cmake_args' from command line to 'None'
[0.703s] Level 5:colcon.colcon_core.verb:set package 'motor_control' build argument 'catkin_skip_building_tests' from command line to 'False'
[0.703s] DEBUG:colcon.colcon_core.verb:Building package 'motor_control' with the following arguments: {'ament_cmake_args': None, 'build_base': '/home/agx/canopen_test/build/motor_control', 'catkin_cmake_args': None, 'catkin_skip_building_tests': False, 'cmake_args': None, 'cmake_clean_cache': False, 'cmake_clean_first': False, 'cmake_force_configure': False, 'cmake_target': None, 'cmake_target_skip_unavailable': False, 'install_base': '/home/agx/canopen_test/install/motor_control', 'merge_install': False, 'path': '/home/agx/canopen_test/motor_control', 'symlink_install': True, 'test_result_base': None}
[0.704s] INFO:colcon.colcon_core.executor:Executing jobs using 'parallel' executor
[0.706s] DEBUG:colcon.colcon_parallel_executor.executor.parallel:run_until_complete
[0.706s] INFO:colcon.colcon_ros.task.ament_cmake.build:Building ROS package in '/home/agx/canopen_test/iris_interfaces' with build type 'ament_cmake'
[0.707s] INFO:colcon.colcon_cmake.task.cmake.build:Building CMake package in '/home/agx/canopen_test/iris_interfaces'
[0.712s] INFO:colcon.colcon_core.plugin_system:Skipping extension 'colcon_core.shell.bat': Not used on non-Windows systems
[0.712s] INFO:colcon.colcon_core.shell:Skip shell extension 'powershell' for command environment: Not usable outside of PowerShell
[0.712s] DEBUG:colcon.colcon_core.shell:Skip shell extension 'dsv' for command environment
[0.717s] INFO:colcon.colcon_ros.task.ament_python.build:Building ROS package in '/home/agx/canopen_test/can_interface' with build type 'ament_python'
[0.718s] Level 1:colcon.colcon_core.shell:create_environment_hook('can_interface', 'ament_prefix_path')
[0.718s] INFO:colcon.colcon_core.shell:Creating environment hook '/home/agx/canopen_test/install/can_interface/share/can_interface/hook/ament_prefix_path.ps1'
[0.720s] INFO:colcon.colcon_core.shell:Creating environment descriptor '/home/agx/canopen_test/install/can_interface/share/can_interface/hook/ament_prefix_path.dsv'
[0.721s] INFO:colcon.colcon_core.shell:Creating environment hook '/home/agx/canopen_test/install/can_interface/share/can_interface/hook/ament_prefix_path.sh'
[0.722s] INFO:colcon.colcon_core.shell:Skip shell extension 'powershell' for command environment: Not usable outside of PowerShell
[0.722s] DEBUG:colcon.colcon_core.shell:Skip shell extension 'dsv' for command environment
[0.736s] DEBUG:colcon.colcon_core.event_handler.log_command:Invoking command in '/home/agx/canopen_test/build/iris_interfaces': CMAKE_PREFIX_PATH=/opt/ros/humble VIRTUAL_ENV_PROMPT=(venv241) /usr/bin/cmake --build /home/agx/canopen_test/build/iris_interfaces -- -j12 -l12
[1.156s] INFO:colcon.colcon_core.task.python.build:Building Python package in '/home/agx/canopen_test/can_interface'
[1.157s] INFO:colcon.colcon_core.shell:Skip shell extension 'powershell' for command environment: Not usable outside of PowerShell
[1.157s] DEBUG:colcon.colcon_core.shell:Skip shell extension 'dsv' for command environment
[1.338s] DEBUG:colcon.colcon_core.event_handler.log_command:Invoked command in '/home/agx/canopen_test/build/iris_interfaces' returned '0': CMAKE_PREFIX_PATH=/opt/ros/humble VIRTUAL_ENV_PROMPT=(venv241) /usr/bin/cmake --build /home/agx/canopen_test/build/iris_interfaces -- -j12 -l12
[1.358s] DEBUG:colcon.colcon_core.event_handler.log_command:Invoking command in '/home/agx/canopen_test/build/iris_interfaces': CMAKE_PREFIX_PATH=/opt/ros/humble VIRTUAL_ENV_PROMPT=(venv241) /usr/bin/cmake --install /home/agx/canopen_test/build/iris_interfaces
[1.668s] Level 1:colcon.colcon_core.environment:create_environment_scripts_only(iris_interfaces)
[1.670s] DEBUG:colcon.colcon_core.event_handler.log_command:Invoked command in '/home/agx/canopen_test/build/iris_interfaces' returned '0': CMAKE_PREFIX_PATH=/opt/ros/humble VIRTUAL_ENV_PROMPT=(venv241) /usr/bin/cmake --install /home/agx/canopen_test/build/iris_interfaces
[1.677s] Level 1:colcon.colcon_core.environment:checking '/home/agx/canopen_test/install/iris_interfaces' for CMake module files
[1.679s] Level 1:colcon.colcon_core.environment:checking '/home/agx/canopen_test/install/iris_interfaces' for CMake config files
[1.681s] Level 1:colcon.colcon_core.shell:create_environment_hook('iris_interfaces', 'cmake_prefix_path')
[1.682s] INFO:colcon.colcon_core.shell:Creating environment hook '/home/agx/canopen_test/install/iris_interfaces/share/iris_interfaces/hook/cmake_prefix_path.ps1'
[1.684s] INFO:colcon.colcon_core.shell:Creating environment descriptor '/home/agx/canopen_test/install/iris_interfaces/share/iris_interfaces/hook/cmake_prefix_path.dsv'
[1.685s] INFO:colcon.colcon_core.shell:Creating environment hook '/home/agx/canopen_test/install/iris_interfaces/share/iris_interfaces/hook/cmake_prefix_path.sh'
[1.687s] Level 1:colcon.colcon_core.environment:checking '/home/agx/canopen_test/install/iris_interfaces/lib'
[1.688s] Level 1:colcon.colcon_core.shell:create_environment_hook('iris_interfaces', 'ld_library_path_lib')
[1.689s] INFO:colcon.colcon_core.shell:Creating environment hook '/home/agx/canopen_test/install/iris_interfaces/share/iris_interfaces/hook/ld_library_path_lib.ps1'
[1.690s] INFO:colcon.colcon_core.shell:Creating environment descriptor '/home/agx/canopen_test/install/iris_interfaces/share/iris_interfaces/hook/ld_library_path_lib.dsv'
[1.692s] INFO:colcon.colcon_core.shell:Creating environment hook '/home/agx/canopen_test/install/iris_interfaces/share/iris_interfaces/hook/ld_library_path_lib.sh'
[1.693s] Level 1:colcon.colcon_core.environment:checking '/home/agx/canopen_test/install/iris_interfaces/bin'
[1.693s] Level 1:colcon.colcon_core.environment:checking '/home/agx/canopen_test/install/iris_interfaces/lib/pkgconfig/iris_interfaces.pc'
[1.694s] Level 1:colcon.colcon_core.environment:checking '/home/agx/canopen_test/install/iris_interfaces/lib/python3.10/site-packages'
[1.695s] Level 1:colcon.colcon_core.shell:create_environment_hook('iris_interfaces', 'pythonpath')
[1.695s] INFO:colcon.colcon_core.shell:Creating environment hook '/home/agx/canopen_test/install/iris_interfaces/share/iris_interfaces/hook/pythonpath.ps1'
[1.697s] INFO:colcon.colcon_core.shell:Creating environment descriptor '/home/agx/canopen_test/install/iris_interfaces/share/iris_interfaces/hook/pythonpath.dsv'
[1.698s] INFO:colcon.colcon_core.shell:Creating environment hook '/home/agx/canopen_test/install/iris_interfaces/share/iris_interfaces/hook/pythonpath.sh'
[1.701s] Level 1:colcon.colcon_core.environment:checking '/home/agx/canopen_test/install/iris_interfaces/bin'
[1.702s] INFO:colcon.colcon_core.shell:Creating package script '/home/agx/canopen_test/install/iris_interfaces/share/iris_interfaces/package.ps1'
[1.706s] INFO:colcon.colcon_core.shell:Creating package descriptor '/home/agx/canopen_test/install/iris_interfaces/share/iris_interfaces/package.dsv'
[1.709s] INFO:colcon.colcon_core.shell:Creating package script '/home/agx/canopen_test/install/iris_interfaces/share/iris_interfaces/package.sh'
[1.712s] INFO:colcon.colcon_core.shell:Creating package script '/home/agx/canopen_test/install/iris_interfaces/share/iris_interfaces/package.bash'
[1.715s] INFO:colcon.colcon_core.shell:Creating package script '/home/agx/canopen_test/install/iris_interfaces/share/iris_interfaces/package.zsh'
[1.718s] Level 1:colcon.colcon_core.environment:create_file_with_runtime_dependencies(/home/agx/canopen_test/install/iris_interfaces/share/colcon-core/packages/iris_interfaces)
[1.720s] Level 1:colcon.colcon_core.environment:create_environment_scripts_only(iris_interfaces)
[1.721s] Level 1:colcon.colcon_core.environment:checking '/home/agx/canopen_test/install/iris_interfaces' for CMake module files
[1.724s] Level 1:colcon.colcon_core.environment:checking '/home/agx/canopen_test/install/iris_interfaces' for CMake config files
[1.726s] Level 1:colcon.colcon_core.shell:create_environment_hook('iris_interfaces', 'cmake_prefix_path')
[1.727s] INFO:colcon.colcon_core.shell:Creating environment hook '/home/agx/canopen_test/install/iris_interfaces/share/iris_interfaces/hook/cmake_prefix_path.ps1'
[1.728s] INFO:colcon.colcon_core.shell:Creating environment descriptor '/home/agx/canopen_test/install/iris_interfaces/share/iris_interfaces/hook/cmake_prefix_path.dsv'
[1.729s] INFO:colcon.colcon_core.shell:Creating environment hook '/home/agx/canopen_test/install/iris_interfaces/share/iris_interfaces/hook/cmake_prefix_path.sh'
[1.731s] Level 1:colcon.colcon_core.environment:checking '/home/agx/canopen_test/install/iris_interfaces/lib'
[1.732s] Level 1:colcon.colcon_core.shell:create_environment_hook('iris_interfaces', 'ld_library_path_lib')
[1.732s] INFO:colcon.colcon_core.shell:Creating environment hook '/home/agx/canopen_test/install/iris_interfaces/share/iris_interfaces/hook/ld_library_path_lib.ps1'
[1.734s] INFO:colcon.colcon_core.shell:Creating environment descriptor '/home/agx/canopen_test/install/iris_interfaces/share/iris_interfaces/hook/ld_library_path_lib.dsv'
[1.735s] INFO:colcon.colcon_core.shell:Creating environment hook '/home/agx/canopen_test/install/iris_interfaces/share/iris_interfaces/hook/ld_library_path_lib.sh'
[1.736s] Level 1:colcon.colcon_core.environment:checking '/home/agx/canopen_test/install/iris_interfaces/bin'
[1.737s] Level 1:colcon.colcon_core.environment:checking '/home/agx/canopen_test/install/iris_interfaces/lib/pkgconfig/iris_interfaces.pc'
[1.738s] Level 1:colcon.colcon_core.environment:checking '/home/agx/canopen_test/install/iris_interfaces/lib/python3.10/site-packages'
[1.738s] Level 1:colcon.colcon_core.shell:create_environment_hook('iris_interfaces', 'pythonpath')
[1.738s] INFO:colcon.colcon_core.shell:Creating environment hook '/home/agx/canopen_test/install/iris_interfaces/share/iris_interfaces/hook/pythonpath.ps1'
[1.740s] INFO:colcon.colcon_core.shell:Creating environment descriptor '/home/agx/canopen_test/install/iris_interfaces/share/iris_interfaces/hook/pythonpath.dsv'
[1.741s] INFO:colcon.colcon_core.shell:Creating environment hook '/home/agx/canopen_test/install/iris_interfaces/share/iris_interfaces/hook/pythonpath.sh'
[1.743s] Level 1:colcon.colcon_core.environment:checking '/home/agx/canopen_test/install/iris_interfaces/bin'
[1.744s] INFO:colcon.colcon_core.shell:Creating package script '/home/agx/canopen_test/install/iris_interfaces/share/iris_interfaces/package.ps1'
[1.746s] INFO:colcon.colcon_core.shell:Creating package descriptor '/home/agx/canopen_test/install/iris_interfaces/share/iris_interfaces/package.dsv'
[1.748s] INFO:colcon.colcon_core.shell:Creating package script '/home/agx/canopen_test/install/iris_interfaces/share/iris_interfaces/package.sh'
[1.749s] INFO:colcon.colcon_core.shell:Creating package script '/home/agx/canopen_test/install/iris_interfaces/share/iris_interfaces/package.bash'
[1.751s] INFO:colcon.colcon_core.shell:Creating package script '/home/agx/canopen_test/install/iris_interfaces/share/iris_interfaces/package.zsh'
[1.752s] Level 1:colcon.colcon_core.environment:create_file_with_runtime_dependencies(/home/agx/canopen_test/install/iris_interfaces/share/colcon-core/packages/iris_interfaces)
[1.754s] INFO:colcon.colcon_ros.task.ament_python.build:Building ROS package in '/home/agx/canopen_test/a5_control' with build type 'ament_python'
[1.754s] Level 1:colcon.colcon_core.shell:create_environment_hook('a5_control', 'ament_prefix_path')
[1.755s] INFO:colcon.colcon_core.shell:Creating environment hook '/home/agx/canopen_test/install/a5_control/share/a5_control/hook/ament_prefix_path.ps1'
[1.757s] INFO:colcon.colcon_core.shell:Creating environment descriptor '/home/agx/canopen_test/install/a5_control/share/a5_control/hook/ament_prefix_path.dsv'
[1.758s] INFO:colcon.colcon_core.shell:Creating environment hook '/home/agx/canopen_test/install/a5_control/share/a5_control/hook/ament_prefix_path.sh'
[1.760s] INFO:colcon.colcon_core.shell:Skip shell extension 'powershell' for command environment: Not usable outside of PowerShell
[1.760s] DEBUG:colcon.colcon_core.shell:Skip shell extension 'dsv' for command environment
[1.769s] INFO:colcon.colcon_ros.task.ament_python.build:Building ROS package in '/home/agx/canopen_test/motor_control' with build type 'ament_python'
[1.769s] Level 1:colcon.colcon_core.shell:create_environment_hook('motor_control', 'ament_prefix_path')
[1.770s] INFO:colcon.colcon_core.shell:Creating environment hook '/home/agx/canopen_test/install/motor_control/share/motor_control/hook/ament_prefix_path.ps1'
[1.771s] INFO:colcon.colcon_core.shell:Creating environment descriptor '/home/agx/canopen_test/install/motor_control/share/motor_control/hook/ament_prefix_path.dsv'
[1.771s] INFO:colcon.colcon_core.shell:Creating environment hook '/home/agx/canopen_test/install/motor_control/share/motor_control/hook/ament_prefix_path.sh'
[1.772s] INFO:colcon.colcon_core.shell:Skip shell extension 'powershell' for command environment: Not usable outside of PowerShell
[1.772s] DEBUG:colcon.colcon_core.shell:Skip shell extension 'dsv' for command environment
[1.784s] DEBUG:colcon.colcon_core.event_handler.log_command:Invoking command in '/home/agx/canopen_test/build/can_interface': PYTHONPATH=/home/agx/canopen_test/build/can_interface/prefix_override:/usr/lib/python3/dist-packages/colcon_core/task/python/colcon_distutils_commands:/home/agx/canopen_test/install/can_interface/lib/python3.10/site-packages:${PYTHONPATH} VIRTUAL_ENV_PROMPT=(venv241) /usr/bin/python3 -W ignore:setup.py install is deprecated -W ignore:easy_install command is deprecated setup.py develop --editable --build-directory /home/agx/canopen_test/build/can_interface/build --no-deps symlink_data
[2.194s] INFO:colcon.colcon_core.task.python.build:Building Python package in '/home/agx/canopen_test/a5_control'
[2.195s] INFO:colcon.colcon_core.shell:Skip shell extension 'powershell' for command environment: Not usable outside of PowerShell
[2.195s] DEBUG:colcon.colcon_core.shell:Skip shell extension 'dsv' for command environment
[2.615s] INFO:colcon.colcon_core.task.python.build:Building Python package in '/home/agx/canopen_test/motor_control'
[2.616s] INFO:colcon.colcon_core.shell:Skip shell extension 'powershell' for command environment: Not usable outside of PowerShell
[2.616s] DEBUG:colcon.colcon_core.shell:Skip shell extension 'dsv' for command environment
[2.630s] Level 1:colcon.colcon_core.shell:create_environment_hook('can_interface', 'pythonpath_develop')
[2.631s] INFO:colcon.colcon_core.shell:Creating environment hook '/home/agx/canopen_test/build/can_interface/share/can_interface/hook/pythonpath_develop.ps1'
[2.632s] DEBUG:colcon.colcon_core.event_handler.log_command:Invoked command in '/home/agx/canopen_test/build/can_interface' returned '0': PYTHONPATH=/home/agx/canopen_test/build/can_interface/prefix_override:/usr/lib/python3/dist-packages/colcon_core/task/python/colcon_distutils_commands:/home/agx/canopen_test/install/can_interface/lib/python3.10/site-packages:${PYTHONPATH} VIRTUAL_ENV_PROMPT=(venv241) /usr/bin/python3 -W ignore:setup.py install is deprecated -W ignore:easy_install command is deprecated setup.py develop --editable --build-directory /home/agx/canopen_test/build/can_interface/build --no-deps symlink_data
[2.633s] INFO:colcon.colcon_core.shell:Creating environment descriptor '/home/agx/canopen_test/build/can_interface/share/can_interface/hook/pythonpath_develop.dsv'
[2.634s] INFO:colcon.colcon_core.shell:Creating environment hook '/home/agx/canopen_test/build/can_interface/share/can_interface/hook/pythonpath_develop.sh'
[2.636s] Level 1:colcon.colcon_core.environment:checking '/home/agx/canopen_test/install/can_interface' for CMake module files
[2.637s] Level 1:colcon.colcon_core.environment:checking '/home/agx/canopen_test/install/can_interface' for CMake config files
[2.639s] Level 1:colcon.colcon_core.environment:checking '/home/agx/canopen_test/install/can_interface/lib'
[2.639s] Level 1:colcon.colcon_core.environment:checking '/home/agx/canopen_test/install/can_interface/bin'
[2.639s] Level 1:colcon.colcon_core.environment:checking '/home/agx/canopen_test/install/can_interface/lib/pkgconfig/can_interface.pc'
[2.640s] Level 1:colcon.colcon_core.environment:checking '/home/agx/canopen_test/install/can_interface/lib/python3.10/site-packages'
[2.640s] Level 1:colcon.colcon_core.shell:create_environment_hook('can_interface', 'pythonpath')
[2.641s] INFO:colcon.colcon_core.shell:Creating environment hook '/home/agx/canopen_test/install/can_interface/share/can_interface/hook/pythonpath.ps1'
[2.642s] INFO:colcon.colcon_core.shell:Creating environment descriptor '/home/agx/canopen_test/install/can_interface/share/can_interface/hook/pythonpath.dsv'
[2.643s] INFO:colcon.colcon_core.shell:Creating environment hook '/home/agx/canopen_test/install/can_interface/share/can_interface/hook/pythonpath.sh'
[2.645s] Level 1:colcon.colcon_core.environment:checking '/home/agx/canopen_test/install/can_interface/bin'
[2.645s] Level 1:colcon.colcon_core.environment:create_environment_scripts_only(can_interface)
[2.646s] INFO:colcon.colcon_core.shell:Creating package script '/home/agx/canopen_test/install/can_interface/share/can_interface/package.ps1'
[2.648s] INFO:colcon.colcon_core.shell:Creating package descriptor '/home/agx/canopen_test/install/can_interface/share/can_interface/package.dsv'
[2.649s] INFO:colcon.colcon_core.shell:Creating package script '/home/agx/canopen_test/install/can_interface/share/can_interface/package.sh'
[2.651s] INFO:colcon.colcon_core.shell:Creating package script '/home/agx/canopen_test/install/can_interface/share/can_interface/package.bash'
[2.652s] INFO:colcon.colcon_core.shell:Creating package script '/home/agx/canopen_test/install/can_interface/share/can_interface/package.zsh'
[2.653s] Level 1:colcon.colcon_core.environment:create_file_with_runtime_dependencies(/home/agx/canopen_test/install/can_interface/share/colcon-core/packages/can_interface)
[3.196s] DEBUG:colcon.colcon_core.event_handler.log_command:Invoking command in '/home/agx/canopen_test/build/a5_control': AMENT_PREFIX_PATH=/home/agx/canopen_test/install/iris_interfaces:${AMENT_PREFIX_PATH} CMAKE_PREFIX_PATH=/home/agx/canopen_test/install/iris_interfaces LD_LIBRARY_PATH=/home/agx/canopen_test/install/iris_interfaces/lib:${LD_LIBRARY_PATH} PYTHONPATH=/home/agx/canopen_test/build/a5_control/prefix_override:/usr/lib/python3/dist-packages/colcon_core/task/python/colcon_distutils_commands:/home/agx/canopen_test/install/a5_control/lib/python3.10/site-packages:/home/agx/canopen_test/install/iris_interfaces/lib/python3.10/site-packages:${PYTHONPATH} VIRTUAL_ENV_PROMPT=(venv241) /usr/bin/python3 -W ignore:setup.py install is deprecated -W ignore:easy_install command is deprecated setup.py develop --editable --build-directory /home/agx/canopen_test/build/a5_control/build --no-deps symlink_data
[3.199s] DEBUG:colcon.colcon_core.event_handler.log_command:Invoking command in '/home/agx/canopen_test/build/motor_control': AMENT_PREFIX_PATH=/home/agx/canopen_test/install/iris_interfaces:${AMENT_PREFIX_PATH} CMAKE_PREFIX_PATH=/home/agx/canopen_test/install/iris_interfaces LD_LIBRARY_PATH=/home/agx/canopen_test/install/iris_interfaces/lib:${LD_LIBRARY_PATH} PYTHONPATH=/home/agx/canopen_test/build/motor_control/prefix_override:/usr/lib/python3/dist-packages/colcon_core/task/python/colcon_distutils_commands:/home/agx/canopen_test/install/motor_control/lib/python3.10/site-packages:/home/agx/canopen_test/install/iris_interfaces/lib/python3.10/site-packages:${PYTHONPATH} VIRTUAL_ENV_PROMPT=(venv241) /usr/bin/python3 -W ignore:setup.py install is deprecated -W ignore:easy_install command is deprecated setup.py develop --editable --build-directory /home/agx/canopen_test/build/motor_control/build --no-deps symlink_data
[3.903s] Level 1:colcon.colcon_core.shell:create_environment_hook('a5_control', 'pythonpath_develop')
[3.904s] INFO:colcon.colcon_core.shell:Creating environment hook '/home/agx/canopen_test/build/a5_control/share/a5_control/hook/pythonpath_develop.ps1'
[3.905s] DEBUG:colcon.colcon_core.event_handler.log_command:Invoked command in '/home/agx/canopen_test/build/a5_control' returned '0': AMENT_PREFIX_PATH=/home/agx/canopen_test/install/iris_interfaces:${AMENT_PREFIX_PATH} CMAKE_PREFIX_PATH=/home/agx/canopen_test/install/iris_interfaces LD_LIBRARY_PATH=/home/agx/canopen_test/install/iris_interfaces/lib:${LD_LIBRARY_PATH} PYTHONPATH=/home/agx/canopen_test/build/a5_control/prefix_override:/usr/lib/python3/dist-packages/colcon_core/task/python/colcon_distutils_commands:/home/agx/canopen_test/install/a5_control/lib/python3.10/site-packages:/home/agx/canopen_test/install/iris_interfaces/lib/python3.10/site-packages:${PYTHONPATH} VIRTUAL_ENV_PROMPT=(venv241) /usr/bin/python3 -W ignore:setup.py install is deprecated -W ignore:easy_install command is deprecated setup.py develop --editable --build-directory /home/agx/canopen_test/build/a5_control/build --no-deps symlink_data
[3.906s] INFO:colcon.colcon_core.shell:Creating environment descriptor '/home/agx/canopen_test/build/a5_control/share/a5_control/hook/pythonpath_develop.dsv'
[3.907s] INFO:colcon.colcon_core.shell:Creating environment hook '/home/agx/canopen_test/build/a5_control/share/a5_control/hook/pythonpath_develop.sh'
[3.908s] Level 1:colcon.colcon_core.environment:checking '/home/agx/canopen_test/install/a5_control' for CMake module files
[3.909s] Level 1:colcon.colcon_core.environment:checking '/home/agx/canopen_test/install/a5_control' for CMake config files
[3.910s] Level 1:colcon.colcon_core.environment:checking '/home/agx/canopen_test/install/a5_control/lib'
[3.911s] Level 1:colcon.colcon_core.environment:checking '/home/agx/canopen_test/install/a5_control/bin'
[3.911s] Level 1:colcon.colcon_core.environment:checking '/home/agx/canopen_test/install/a5_control/lib/pkgconfig/a5_control.pc'
[3.912s] Level 1:colcon.colcon_core.environment:checking '/home/agx/canopen_test/install/a5_control/lib/python3.10/site-packages'
[3.912s] Level 1:colcon.colcon_core.shell:create_environment_hook('a5_control', 'pythonpath')
[3.913s] INFO:colcon.colcon_core.shell:Creating environment hook '/home/agx/canopen_test/install/a5_control/share/a5_control/hook/pythonpath.ps1'
[3.915s] INFO:colcon.colcon_core.shell:Creating environment descriptor '/home/agx/canopen_test/install/a5_control/share/a5_control/hook/pythonpath.dsv'
[3.916s] INFO:colcon.colcon_core.shell:Creating environment hook '/home/agx/canopen_test/install/a5_control/share/a5_control/hook/pythonpath.sh'
[3.919s] Level 1:colcon.colcon_core.environment:checking '/home/agx/canopen_test/install/a5_control/bin'
[3.919s] Level 1:colcon.colcon_core.environment:create_environment_scripts_only(a5_control)
[3.921s] INFO:colcon.colcon_core.shell:Creating package script '/home/agx/canopen_test/install/a5_control/share/a5_control/package.ps1'
[3.923s] INFO:colcon.colcon_core.shell:Creating package descriptor '/home/agx/canopen_test/install/a5_control/share/a5_control/package.dsv'
[3.924s] INFO:colcon.colcon_core.shell:Creating package script '/home/agx/canopen_test/install/a5_control/share/a5_control/package.sh'
[3.926s] INFO:colcon.colcon_core.shell:Creating package script '/home/agx/canopen_test/install/a5_control/share/a5_control/package.bash'
[3.927s] INFO:colcon.colcon_core.shell:Creating package script '/home/agx/canopen_test/install/a5_control/share/a5_control/package.zsh'
[3.929s] Level 1:colcon.colcon_core.environment:create_file_with_runtime_dependencies(/home/agx/canopen_test/install/a5_control/share/colcon-core/packages/a5_control)
[3.932s] Level 1:colcon.colcon_core.shell:create_environment_hook('motor_control', 'pythonpath_develop')
[3.933s] INFO:colcon.colcon_core.shell:Creating environment hook '/home/agx/canopen_test/build/motor_control/share/motor_control/hook/pythonpath_develop.ps1'
[3.935s] DEBUG:colcon.colcon_core.event_handler.log_command:Invoked command in '/home/agx/canopen_test/build/motor_control' returned '0': AMENT_PREFIX_PATH=/home/agx/canopen_test/install/iris_interfaces:${AMENT_PREFIX_PATH} CMAKE_PREFIX_PATH=/home/agx/canopen_test/install/iris_interfaces LD_LIBRARY_PATH=/home/agx/canopen_test/install/iris_interfaces/lib:${LD_LIBRARY_PATH} PYTHONPATH=/home/agx/canopen_test/build/motor_control/prefix_override:/usr/lib/python3/dist-packages/colcon_core/task/python/colcon_distutils_commands:/home/agx/canopen_test/install/motor_control/lib/python3.10/site-packages:/home/agx/canopen_test/install/iris_interfaces/lib/python3.10/site-packages:${PYTHONPATH} VIRTUAL_ENV_PROMPT=(venv241) /usr/bin/python3 -W ignore:setup.py install is deprecated -W ignore:easy_install command is deprecated setup.py develop --editable --build-directory /home/agx/canopen_test/build/motor_control/build --no-deps symlink_data
[3.935s] INFO:colcon.colcon_core.shell:Creating environment descriptor '/home/agx/canopen_test/build/motor_control/share/motor_control/hook/pythonpath_develop.dsv'
[3.937s] INFO:colcon.colcon_core.shell:Creating environment hook '/home/agx/canopen_test/build/motor_control/share/motor_control/hook/pythonpath_develop.sh'
[3.939s] Level 1:colcon.colcon_core.environment:checking '/home/agx/canopen_test/install/motor_control' for CMake module files
[3.940s] Level 1:colcon.colcon_core.environment:checking '/home/agx/canopen_test/install/motor_control' for CMake config files
[3.942s] Level 1:colcon.colcon_core.environment:checking '/home/agx/canopen_test/install/motor_control/lib'
[3.942s] Level 1:colcon.colcon_core.environment:checking '/home/agx/canopen_test/install/motor_control/bin'
[3.943s] Level 1:colcon.colcon_core.environment:checking '/home/agx/canopen_test/install/motor_control/lib/pkgconfig/motor_control.pc'
[3.943s] Level 1:colcon.colcon_core.environment:checking '/home/agx/canopen_test/install/motor_control/lib/python3.10/site-packages'
[3.944s] Level 1:colcon.colcon_core.shell:create_environment_hook('motor_control', 'pythonpath')
[3.944s] INFO:colcon.colcon_core.shell:Creating environment hook '/home/agx/canopen_test/install/motor_control/share/motor_control/hook/pythonpath.ps1'
[3.946s] INFO:colcon.colcon_core.shell:Creating environment descriptor '/home/agx/canopen_test/install/motor_control/share/motor_control/hook/pythonpath.dsv'
[3.947s] INFO:colcon.colcon_core.shell:Creating environment hook '/home/agx/canopen_test/install/motor_control/share/motor_control/hook/pythonpath.sh'
[3.950s] Level 1:colcon.colcon_core.environment:checking '/home/agx/canopen_test/install/motor_control/bin'
[3.950s] Level 1:colcon.colcon_core.environment:create_environment_scripts_only(motor_control)
[3.951s] INFO:colcon.colcon_core.shell:Creating package script '/home/agx/canopen_test/install/motor_control/share/motor_control/package.ps1'
[3.953s] INFO:colcon.colcon_core.shell:Creating package descriptor '/home/agx/canopen_test/install/motor_control/share/motor_control/package.dsv'
[3.955s] INFO:colcon.colcon_core.shell:Creating package script '/home/agx/canopen_test/install/motor_control/share/motor_control/package.sh'
[3.956s] INFO:colcon.colcon_core.shell:Creating package script '/home/agx/canopen_test/install/motor_control/share/motor_control/package.bash'
[3.958s] INFO:colcon.colcon_core.shell:Creating package script '/home/agx/canopen_test/install/motor_control/share/motor_control/package.zsh'
[3.959s] Level 1:colcon.colcon_core.environment:create_file_with_runtime_dependencies(/home/agx/canopen_test/install/motor_control/share/colcon-core/packages/motor_control)
[3.960s] DEBUG:colcon.colcon_parallel_executor.executor.parallel:closing loop
[3.960s] DEBUG:colcon.colcon_parallel_executor.executor.parallel:loop closed
[3.961s] DEBUG:colcon.colcon_parallel_executor.executor.parallel:run_until_complete finished with '0'
[3.961s] DEBUG:colcon.colcon_core.event_reactor:joining thread
[3.980s] INFO:colcon.colcon_core.plugin_system:Skipping extension 'colcon_notification.desktop_notification.terminal_notifier': Not used on non-Darwin systems
[3.981s] INFO:colcon.colcon_core.plugin_system:Skipping extension 'colcon_notification.desktop_notification.win32': Not used on non-Windows systems
[3.981s] INFO:colcon.colcon_notification.desktop_notification:Sending desktop notification using 'notify2'
[4.053s] DEBUG:colcon.colcon_core.event_reactor:joined thread
[4.054s] INFO:colcon.colcon_core.shell:Creating prefix script '/home/agx/canopen_test/install/local_setup.ps1'
[4.057s] INFO:colcon.colcon_core.shell:Creating prefix util module '/home/agx/canopen_test/install/_local_setup_util_ps1.py'
[4.061s] INFO:colcon.colcon_core.shell:Creating prefix chain script '/home/agx/canopen_test/install/setup.ps1'
[4.063s] INFO:colcon.colcon_core.shell:Creating prefix script '/home/agx/canopen_test/install/local_setup.sh'
[4.065s] INFO:colcon.colcon_core.shell:Creating prefix util module '/home/agx/canopen_test/install/_local_setup_util_sh.py'
[4.066s] INFO:colcon.colcon_core.shell:Creating prefix chain script '/home/agx/canopen_test/install/setup.sh'
[4.069s] INFO:colcon.colcon_core.shell:Creating prefix script '/home/agx/canopen_test/install/local_setup.bash'
[4.070s] INFO:colcon.colcon_core.shell:Creating prefix chain script '/home/agx/canopen_test/install/setup.bash'
[4.073s] INFO:colcon.colcon_core.shell:Creating prefix script '/home/agx/canopen_test/install/local_setup.zsh'
[4.075s] INFO:colcon.colcon_core.shell:Creating prefix chain script '/home/agx/canopen_test/install/setup.zsh'
