running egg_info
creating ../build/a5_control/a5_control.egg-info
writing ../build/a5_control/a5_control.egg-info/PKG-INFO
writing dependency_links to ../build/a5_control/a5_control.egg-info/dependency_links.txt
writing entry points to ../build/a5_control/a5_control.egg-info/entry_points.txt
writing requirements to ../build/a5_control/a5_control.egg-info/requires.txt
writing top-level names to ../build/a5_control/a5_control.egg-info/top_level.txt
writing manifest file '../build/a5_control/a5_control.egg-info/SOURCES.txt'
reading manifest file '../build/a5_control/a5_control.egg-info/SOURCES.txt'
writing manifest file '../build/a5_control/a5_control.egg-info/SOURCES.txt'
running build
running build_py
creating /home/maddy/canopen_test/build/a5_control/build
creating /home/maddy/canopen_test/build/a5_control/build/lib
creating /home/maddy/canopen_test/build/a5_control/build/lib/a5control
copying a5control/a5_control.py -> /home/maddy/canopen_test/build/a5_control/build/lib/a5control
copying a5control/__init__.py -> /home/maddy/canopen_test/build/a5_control/build/lib/a5control
running install
running install_lib
creating /home/maddy/canopen_test/install/a5_control/lib/python3.10/site-packages/a5control
copying /home/maddy/canopen_test/build/a5_control/build/lib/a5control/a5_control.py -> /home/maddy/canopen_test/install/a5_control/lib/python3.10/site-packages/a5control
copying /home/maddy/canopen_test/build/a5_control/build/lib/a5control/__init__.py -> /home/maddy/canopen_test/install/a5_control/lib/python3.10/site-packages/a5control
byte-compiling /home/maddy/canopen_test/install/a5_control/lib/python3.10/site-packages/a5control/a5_control.py to a5_control.cpython-310.pyc
byte-compiling /home/maddy/canopen_test/install/a5_control/lib/python3.10/site-packages/a5control/__init__.py to __init__.cpython-310.pyc
running install_data
creating /home/maddy/canopen_test/install/a5_control/share/ament_index
creating /home/maddy/canopen_test/install/a5_control/share/ament_index/resource_index
creating /home/maddy/canopen_test/install/a5_control/share/ament_index/resource_index/packages
copying resource/a5_control -> /home/maddy/canopen_test/install/a5_control/share/ament_index/resource_index/packages
copying package.xml -> /home/maddy/canopen_test/install/a5_control/share/a5_control
running install_egg_info
Copying ../build/a5_control/a5_control.egg-info to /home/maddy/canopen_test/install/a5_control/lib/python3.10/site-packages/a5_control-0.0.0-py3.10.egg-info
running install_scripts
writing list of installed files to '/home/maddy/canopen_test/build/a5_control/install.log'
