[0.367s] Invoking command in '/home/maddy/canopen_test/a5_control': PYTHONPATH=/home/maddy/canopen_test/build/a5_control/prefix_override:/usr/lib/python3/dist-packages/colcon_core/task/python/colcon_distutils_commands:/home/maddy/canopen_test/install/a5_control/lib/python3.10/site-packages:${PYTHONPATH} /usr/bin/python3 -W ignore:setup.py install is deprecated -W ignore:easy_install command is deprecated setup.py egg_info --egg-base ../build/a5_control build --build-base /home/maddy/canopen_test/build/a5_control/build install --record /home/maddy/canopen_test/build/a5_control/install.log --single-version-externally-managed install_data
[0.505s] running egg_info
[0.505s] creating ../build/a5_control/a5_control.egg-info
[0.506s] writing ../build/a5_control/a5_control.egg-info/PKG-INFO
[0.506s] writing dependency_links to ../build/a5_control/a5_control.egg-info/dependency_links.txt
[0.506s] writing entry points to ../build/a5_control/a5_control.egg-info/entry_points.txt
[0.506s] writing requirements to ../build/a5_control/a5_control.egg-info/requires.txt
[0.506s] writing top-level names to ../build/a5_control/a5_control.egg-info/top_level.txt
[0.506s] writing manifest file '../build/a5_control/a5_control.egg-info/SOURCES.txt'
[0.507s] reading manifest file '../build/a5_control/a5_control.egg-info/SOURCES.txt'
[0.507s] writing manifest file '../build/a5_control/a5_control.egg-info/SOURCES.txt'
[0.507s] running build
[0.507s] running build_py
[0.508s] creating /home/maddy/canopen_test/build/a5_control/build
[0.508s] creating /home/maddy/canopen_test/build/a5_control/build/lib
[0.508s] creating /home/maddy/canopen_test/build/a5_control/build/lib/a5control
[0.508s] copying a5control/a5_control.py -> /home/maddy/canopen_test/build/a5_control/build/lib/a5control
[0.508s] copying a5control/__init__.py -> /home/maddy/canopen_test/build/a5_control/build/lib/a5control
[0.508s] running install
[0.508s] running install_lib
[0.508s] creating /home/maddy/canopen_test/install/a5_control/lib/python3.10/site-packages/a5control
[0.508s] copying /home/maddy/canopen_test/build/a5_control/build/lib/a5control/a5_control.py -> /home/maddy/canopen_test/install/a5_control/lib/python3.10/site-packages/a5control
[0.508s] copying /home/maddy/canopen_test/build/a5_control/build/lib/a5control/__init__.py -> /home/maddy/canopen_test/install/a5_control/lib/python3.10/site-packages/a5control
[0.508s] byte-compiling /home/maddy/canopen_test/install/a5_control/lib/python3.10/site-packages/a5control/a5_control.py to a5_control.cpython-310.pyc
[0.509s] byte-compiling /home/maddy/canopen_test/install/a5_control/lib/python3.10/site-packages/a5control/__init__.py to __init__.cpython-310.pyc
[0.509s] running install_data
[0.509s] creating /home/maddy/canopen_test/install/a5_control/share/ament_index
[0.509s] creating /home/maddy/canopen_test/install/a5_control/share/ament_index/resource_index
[0.509s] creating /home/maddy/canopen_test/install/a5_control/share/ament_index/resource_index/packages
[0.509s] copying resource/a5_control -> /home/maddy/canopen_test/install/a5_control/share/ament_index/resource_index/packages
[0.509s] copying package.xml -> /home/maddy/canopen_test/install/a5_control/share/a5_control
[0.509s] running install_egg_info
[0.510s] Copying ../build/a5_control/a5_control.egg-info to /home/maddy/canopen_test/install/a5_control/lib/python3.10/site-packages/a5_control-0.0.0-py3.10.egg-info
[0.511s] running install_scripts
[0.523s] writing list of installed files to '/home/maddy/canopen_test/build/a5_control/install.log'
[0.541s] Invoked command in '/home/maddy/canopen_test/a5_control' returned '0': PYTHONPATH=/home/maddy/canopen_test/build/a5_control/prefix_override:/usr/lib/python3/dist-packages/colcon_core/task/python/colcon_distutils_commands:/home/maddy/canopen_test/install/a5_control/lib/python3.10/site-packages:${PYTHONPATH} /usr/bin/python3 -W ignore:setup.py install is deprecated -W ignore:easy_install command is deprecated setup.py egg_info --egg-base ../build/a5_control build --build-base /home/maddy/canopen_test/build/a5_control/build install --record /home/maddy/canopen_test/build/a5_control/install.log --single-version-externally-managed install_data
