[0.088s] DEBUG:colcon:Command line arguments: ['/usr/bin/colcon', 'build']
[0.088s] DEBUG:colcon:Parsed command line arguments: Namespace(log_base=None, log_level=None, verb_name='build', build_base='build', install_base='install', merge_install=False, symlink_install=False, test_result_base=None, continue_on_error=False, executor='parallel', parallel_workers=16, event_handlers=None, ignore_user_meta=False, metas=['./colcon.meta'], base_paths=['.'], packages_ignore=None, packages_ignore_regex=None, paths=None, packages_up_to=None, packages_up_to_regex=None, packages_above=None, packages_above_and_dependencies=None, packages_above_depth=None, packages_select_by_dep=None, packages_skip_by_dep=None, packages_skip_up_to=None, packages_select_build_failed=False, packages_skip_build_finished=False, packages_select_test_failures=False, packages_skip_test_passed=False, packages_select=None, packages_skip=None, packages_select_regex=None, packages_skip_regex=None, packages_start=None, packages_end=None, allow_overriding=[], cmake_args=None, cmake_target=None, cmake_target_skip_unavailable=False, cmake_clean_cache=False, cmake_clean_first=False, cmake_force_configure=False, ament_cmake_args=None, catkin_cmake_args=None, catkin_skip_building_tests=False, mixin_files=None, mixin=None, verb_parser=<colcon_mixin.mixin.mixin_argument.MixinArgumentDecorator object at 0x790f8395ab90>, verb_extension=<colcon_core.verb.build.BuildVerb object at 0x790f8395a500>, main=<bound method BuildVerb.main of <colcon_core.verb.build.BuildVerb object at 0x790f8395a500>>, mixin_verb=('build',))
[0.201s] Level 1:colcon.colcon_core.package_discovery:discover_packages(colcon_meta) check parameters
[0.202s] Level 1:colcon.colcon_core.package_discovery:discover_packages(recursive) check parameters
[0.202s] Level 1:colcon.colcon_core.package_discovery:discover_packages(ignore) check parameters
[0.202s] Level 1:colcon.colcon_core.package_discovery:discover_packages(path) check parameters
[0.202s] Level 1:colcon.colcon_core.package_discovery:discover_packages(colcon_meta) discover
[0.202s] Level 1:colcon.colcon_core.package_discovery:discover_packages(recursive) discover
[0.202s] INFO:colcon.colcon_core.package_discovery:Crawling recursively for packages in '/home/maddy/canopen_test'
[0.202s] Level 1:colcon.colcon_core.package_identification:_identify(.) by extensions ['ignore', 'ignore_ament_install']
[0.202s] Level 1:colcon.colcon_core.package_identification:_identify(.) by extension 'ignore'
[0.202s] Level 1:colcon.colcon_core.package_identification:_identify(.) by extension 'ignore_ament_install'
[0.202s] Level 1:colcon.colcon_core.package_identification:_identify(.) by extensions ['colcon_pkg']
[0.202s] Level 1:colcon.colcon_core.package_identification:_identify(.) by extension 'colcon_pkg'
[0.202s] Level 1:colcon.colcon_core.package_identification:_identify(.) by extensions ['colcon_meta']
[0.202s] Level 1:colcon.colcon_core.package_identification:_identify(.) by extension 'colcon_meta'
[0.202s] Level 1:colcon.colcon_core.package_identification:_identify(.) by extensions ['ros']
[0.202s] Level 1:colcon.colcon_core.package_identification:_identify(.) by extension 'ros'
[0.208s] Level 1:colcon.colcon_core.package_identification:_identify(.) by extensions ['cmake', 'python']
[0.208s] Level 1:colcon.colcon_core.package_identification:_identify(.) by extension 'cmake'
[0.208s] Level 1:colcon.colcon_core.package_identification:_identify(.) by extension 'python'
[0.209s] Level 1:colcon.colcon_core.package_identification:_identify(.) by extensions ['python_setup_py']
[0.209s] Level 1:colcon.colcon_core.package_identification:_identify(.) by extension 'python_setup_py'
[0.209s] Level 1:colcon.colcon_core.package_identification:_identify(a5_control) by extensions ['ignore', 'ignore_ament_install']
[0.209s] Level 1:colcon.colcon_core.package_identification:_identify(a5_control) by extension 'ignore'
[0.209s] Level 1:colcon.colcon_core.package_identification:_identify(a5_control) by extension 'ignore_ament_install'
[0.209s] Level 1:colcon.colcon_core.package_identification:_identify(a5_control) by extensions ['colcon_pkg']
[0.209s] Level 1:colcon.colcon_core.package_identification:_identify(a5_control) by extension 'colcon_pkg'
[0.209s] Level 1:colcon.colcon_core.package_identification:_identify(a5_control) by extensions ['colcon_meta']
[0.209s] Level 1:colcon.colcon_core.package_identification:_identify(a5_control) by extension 'colcon_meta'
[0.209s] Level 1:colcon.colcon_core.package_identification:_identify(a5_control) by extensions ['ros']
[0.209s] Level 1:colcon.colcon_core.package_identification:_identify(a5_control) by extension 'ros'
[0.210s] DEBUG:colcon.colcon_core.package_identification:Package 'a5_control' with type 'ros.ament_python' and name 'a5_control'
[0.210s] Level 1:colcon.colcon_core.package_identification:_identify(build) by extensions ['ignore', 'ignore_ament_install']
[0.210s] Level 1:colcon.colcon_core.package_identification:_identify(build) by extension 'ignore'
[0.210s] Level 1:colcon.colcon_core.package_identification:_identify(build) ignored
[0.211s] Level 1:colcon.colcon_core.package_identification:_identify(install) by extensions ['ignore', 'ignore_ament_install']
[0.211s] Level 1:colcon.colcon_core.package_identification:_identify(install) by extension 'ignore'
[0.211s] Level 1:colcon.colcon_core.package_identification:_identify(install) ignored
[0.211s] Level 1:colcon.colcon_core.package_identification:_identify(iris_interfaces) by extensions ['ignore', 'ignore_ament_install']
[0.211s] Level 1:colcon.colcon_core.package_identification:_identify(iris_interfaces) by extension 'ignore'
[0.211s] Level 1:colcon.colcon_core.package_identification:_identify(iris_interfaces) by extension 'ignore_ament_install'
[0.211s] Level 1:colcon.colcon_core.package_identification:_identify(iris_interfaces) by extensions ['colcon_pkg']
[0.211s] Level 1:colcon.colcon_core.package_identification:_identify(iris_interfaces) by extension 'colcon_pkg'
[0.211s] Level 1:colcon.colcon_core.package_identification:_identify(iris_interfaces) by extensions ['colcon_meta']
[0.211s] Level 1:colcon.colcon_core.package_identification:_identify(iris_interfaces) by extension 'colcon_meta'
[0.211s] Level 1:colcon.colcon_core.package_identification:_identify(iris_interfaces) by extensions ['ros']
[0.211s] Level 1:colcon.colcon_core.package_identification:_identify(iris_interfaces) by extension 'ros'
[0.211s] DEBUG:colcon.colcon_core.package_identification:Package 'iris_interfaces' with type 'ros.ament_cmake' and name 'iris_interfaces'
[0.211s] Level 1:colcon.colcon_core.package_identification:_identify(log) by extensions ['ignore', 'ignore_ament_install']
[0.212s] Level 1:colcon.colcon_core.package_identification:_identify(log) by extension 'ignore'
[0.212s] Level 1:colcon.colcon_core.package_identification:_identify(log) ignored
[0.212s] Level 1:colcon.colcon_core.package_discovery:discover_packages(recursive) using defaults
[0.212s] Level 1:colcon.colcon_core.package_discovery:discover_packages(ignore) discover
[0.212s] Level 1:colcon.colcon_core.package_discovery:discover_packages(ignore) using defaults
[0.212s] Level 1:colcon.colcon_core.package_discovery:discover_packages(path) discover
[0.212s] Level 1:colcon.colcon_core.package_discovery:discover_packages(path) using defaults
[0.229s] Level 1:colcon.colcon_core.package_discovery:discover_packages(prefix_path) check parameters
[0.229s] Level 1:colcon.colcon_core.package_discovery:discover_packages(prefix_path) discover
[0.232s] DEBUG:colcon.colcon_installed_package_information.package_discovery:Found 324 installed packages in /opt/ros/humble
[0.233s] Level 1:colcon.colcon_core.package_discovery:discover_packages(prefix_path) using defaults
[0.255s] Level 5:colcon.colcon_core.verb:set package 'iris_interfaces' build argument 'cmake_args' from command line to 'None'
[0.255s] Level 5:colcon.colcon_core.verb:set package 'iris_interfaces' build argument 'cmake_target' from command line to 'None'
[0.255s] Level 5:colcon.colcon_core.verb:set package 'iris_interfaces' build argument 'cmake_target_skip_unavailable' from command line to 'False'
[0.255s] Level 5:colcon.colcon_core.verb:set package 'iris_interfaces' build argument 'cmake_clean_cache' from command line to 'False'
[0.255s] Level 5:colcon.colcon_core.verb:set package 'iris_interfaces' build argument 'cmake_clean_first' from command line to 'False'
[0.255s] Level 5:colcon.colcon_core.verb:set package 'iris_interfaces' build argument 'cmake_force_configure' from command line to 'False'
[0.255s] Level 5:colcon.colcon_core.verb:set package 'iris_interfaces' build argument 'ament_cmake_args' from command line to 'None'
[0.255s] Level 5:colcon.colcon_core.verb:set package 'iris_interfaces' build argument 'catkin_cmake_args' from command line to 'None'
[0.255s] Level 5:colcon.colcon_core.verb:set package 'iris_interfaces' build argument 'catkin_skip_building_tests' from command line to 'False'
[0.255s] DEBUG:colcon.colcon_core.verb:Building package 'iris_interfaces' with the following arguments: {'ament_cmake_args': None, 'build_base': '/home/maddy/canopen_test/build/iris_interfaces', 'catkin_cmake_args': None, 'catkin_skip_building_tests': False, 'cmake_args': None, 'cmake_clean_cache': False, 'cmake_clean_first': False, 'cmake_force_configure': False, 'cmake_target': None, 'cmake_target_skip_unavailable': False, 'install_base': '/home/maddy/canopen_test/install/iris_interfaces', 'merge_install': False, 'path': '/home/maddy/canopen_test/iris_interfaces', 'symlink_install': False, 'test_result_base': None}
[0.255s] Level 5:colcon.colcon_core.verb:set package 'a5_control' build argument 'cmake_args' from command line to 'None'
[0.255s] Level 5:colcon.colcon_core.verb:set package 'a5_control' build argument 'cmake_target' from command line to 'None'
[0.255s] Level 5:colcon.colcon_core.verb:set package 'a5_control' build argument 'cmake_target_skip_unavailable' from command line to 'False'
[0.255s] Level 5:colcon.colcon_core.verb:set package 'a5_control' build argument 'cmake_clean_cache' from command line to 'False'
[0.255s] Level 5:colcon.colcon_core.verb:set package 'a5_control' build argument 'cmake_clean_first' from command line to 'False'
[0.255s] Level 5:colcon.colcon_core.verb:set package 'a5_control' build argument 'cmake_force_configure' from command line to 'False'
[0.255s] Level 5:colcon.colcon_core.verb:set package 'a5_control' build argument 'ament_cmake_args' from command line to 'None'
[0.255s] Level 5:colcon.colcon_core.verb:set package 'a5_control' build argument 'catkin_cmake_args' from command line to 'None'
[0.255s] Level 5:colcon.colcon_core.verb:set package 'a5_control' build argument 'catkin_skip_building_tests' from command line to 'False'
[0.256s] DEBUG:colcon.colcon_core.verb:Building package 'a5_control' with the following arguments: {'ament_cmake_args': None, 'build_base': '/home/maddy/canopen_test/build/a5_control', 'catkin_cmake_args': None, 'catkin_skip_building_tests': False, 'cmake_args': None, 'cmake_clean_cache': False, 'cmake_clean_first': False, 'cmake_force_configure': False, 'cmake_target': None, 'cmake_target_skip_unavailable': False, 'install_base': '/home/maddy/canopen_test/install/a5_control', 'merge_install': False, 'path': '/home/maddy/canopen_test/a5_control', 'symlink_install': False, 'test_result_base': None}
[0.256s] INFO:colcon.colcon_core.executor:Executing jobs using 'parallel' executor
[0.257s] DEBUG:colcon.colcon_parallel_executor.executor.parallel:run_until_complete
[0.257s] INFO:colcon.colcon_ros.task.ament_cmake.build:Building ROS package in '/home/maddy/canopen_test/iris_interfaces' with build type 'ament_cmake'
[0.257s] INFO:colcon.colcon_cmake.task.cmake.build:Building CMake package in '/home/maddy/canopen_test/iris_interfaces'
[0.258s] INFO:colcon.colcon_core.plugin_system:Skipping extension 'colcon_core.shell.bat': Not used on non-Windows systems
[0.258s] INFO:colcon.colcon_core.shell:Skip shell extension 'powershell' for command environment: Not usable outside of PowerShell
[0.258s] DEBUG:colcon.colcon_core.shell:Skip shell extension 'dsv' for command environment
[0.266s] DEBUG:colcon.colcon_core.event_handler.log_command:Invoking command in '/home/maddy/canopen_test/build/iris_interfaces': CMAKE_PREFIX_PATH=/opt/ros/humble /usr/bin/cmake --build /home/maddy/canopen_test/build/iris_interfaces -- -j16 -l16
[2.570s] DEBUG:colcon.colcon_core.event_handler.log_command:Invoked command in '/home/maddy/canopen_test/build/iris_interfaces' returned '0': CMAKE_PREFIX_PATH=/opt/ros/humble /usr/bin/cmake --build /home/maddy/canopen_test/build/iris_interfaces -- -j16 -l16
[2.580s] DEBUG:colcon.colcon_core.event_handler.log_command:Invoking command in '/home/maddy/canopen_test/build/iris_interfaces': CMAKE_PREFIX_PATH=/opt/ros/humble /usr/bin/cmake --install /home/maddy/canopen_test/build/iris_interfaces
[2.720s] Level 1:colcon.colcon_core.environment:create_environment_scripts_only(iris_interfaces)
[2.721s] DEBUG:colcon.colcon_core.event_handler.log_command:Invoked command in '/home/maddy/canopen_test/build/iris_interfaces' returned '0': CMAKE_PREFIX_PATH=/opt/ros/humble /usr/bin/cmake --install /home/maddy/canopen_test/build/iris_interfaces
[2.723s] Level 1:colcon.colcon_core.environment:checking '/home/maddy/canopen_test/install/iris_interfaces' for CMake module files
[2.724s] Level 1:colcon.colcon_core.environment:checking '/home/maddy/canopen_test/install/iris_interfaces' for CMake config files
[2.725s] Level 1:colcon.colcon_core.shell:create_environment_hook('iris_interfaces', 'cmake_prefix_path')
[2.725s] INFO:colcon.colcon_core.shell:Creating environment hook '/home/maddy/canopen_test/install/iris_interfaces/share/iris_interfaces/hook/cmake_prefix_path.ps1'
[2.726s] INFO:colcon.colcon_core.shell:Creating environment descriptor '/home/maddy/canopen_test/install/iris_interfaces/share/iris_interfaces/hook/cmake_prefix_path.dsv'
[2.726s] INFO:colcon.colcon_core.shell:Creating environment hook '/home/maddy/canopen_test/install/iris_interfaces/share/iris_interfaces/hook/cmake_prefix_path.sh'
[2.727s] Level 1:colcon.colcon_core.environment:checking '/home/maddy/canopen_test/install/iris_interfaces/lib'
[2.727s] Level 1:colcon.colcon_core.shell:create_environment_hook('iris_interfaces', 'ld_library_path_lib')
[2.728s] INFO:colcon.colcon_core.shell:Creating environment hook '/home/maddy/canopen_test/install/iris_interfaces/share/iris_interfaces/hook/ld_library_path_lib.ps1'
[2.728s] INFO:colcon.colcon_core.shell:Creating environment descriptor '/home/maddy/canopen_test/install/iris_interfaces/share/iris_interfaces/hook/ld_library_path_lib.dsv'
[2.728s] INFO:colcon.colcon_core.shell:Creating environment hook '/home/maddy/canopen_test/install/iris_interfaces/share/iris_interfaces/hook/ld_library_path_lib.sh'
[2.729s] Level 1:colcon.colcon_core.environment:checking '/home/maddy/canopen_test/install/iris_interfaces/bin'
[2.729s] Level 1:colcon.colcon_core.environment:checking '/home/maddy/canopen_test/install/iris_interfaces/lib/pkgconfig/iris_interfaces.pc'
[2.729s] Level 1:colcon.colcon_core.environment:checking '/home/maddy/canopen_test/install/iris_interfaces/lib/python3.10/site-packages'
[2.729s] Level 1:colcon.colcon_core.environment:checking '/home/maddy/canopen_test/install/iris_interfaces/bin'
[2.730s] INFO:colcon.colcon_core.shell:Creating package script '/home/maddy/canopen_test/install/iris_interfaces/share/iris_interfaces/package.ps1'
[2.730s] INFO:colcon.colcon_core.shell:Creating package descriptor '/home/maddy/canopen_test/install/iris_interfaces/share/iris_interfaces/package.dsv'
[2.731s] INFO:colcon.colcon_core.shell:Creating package script '/home/maddy/canopen_test/install/iris_interfaces/share/iris_interfaces/package.sh'
[2.731s] INFO:colcon.colcon_core.shell:Creating package script '/home/maddy/canopen_test/install/iris_interfaces/share/iris_interfaces/package.bash'
[2.732s] INFO:colcon.colcon_core.shell:Creating package script '/home/maddy/canopen_test/install/iris_interfaces/share/iris_interfaces/package.zsh'
[2.733s] Level 1:colcon.colcon_core.environment:create_file_with_runtime_dependencies(/home/maddy/canopen_test/install/iris_interfaces/share/colcon-core/packages/iris_interfaces)
[2.733s] Level 1:colcon.colcon_core.environment:create_environment_scripts_only(iris_interfaces)
[2.733s] Level 1:colcon.colcon_core.environment:checking '/home/maddy/canopen_test/install/iris_interfaces' for CMake module files
[2.734s] Level 1:colcon.colcon_core.environment:checking '/home/maddy/canopen_test/install/iris_interfaces' for CMake config files
[2.735s] Level 1:colcon.colcon_core.shell:create_environment_hook('iris_interfaces', 'cmake_prefix_path')
[2.735s] INFO:colcon.colcon_core.shell:Creating environment hook '/home/maddy/canopen_test/install/iris_interfaces/share/iris_interfaces/hook/cmake_prefix_path.ps1'
[2.735s] INFO:colcon.colcon_core.shell:Creating environment descriptor '/home/maddy/canopen_test/install/iris_interfaces/share/iris_interfaces/hook/cmake_prefix_path.dsv'
[2.736s] INFO:colcon.colcon_core.shell:Creating environment hook '/home/maddy/canopen_test/install/iris_interfaces/share/iris_interfaces/hook/cmake_prefix_path.sh'
[2.736s] Level 1:colcon.colcon_core.environment:checking '/home/maddy/canopen_test/install/iris_interfaces/lib'
[2.736s] Level 1:colcon.colcon_core.shell:create_environment_hook('iris_interfaces', 'ld_library_path_lib')
[2.736s] INFO:colcon.colcon_core.shell:Creating environment hook '/home/maddy/canopen_test/install/iris_interfaces/share/iris_interfaces/hook/ld_library_path_lib.ps1'
[2.737s] INFO:colcon.colcon_core.shell:Creating environment descriptor '/home/maddy/canopen_test/install/iris_interfaces/share/iris_interfaces/hook/ld_library_path_lib.dsv'
[2.737s] INFO:colcon.colcon_core.shell:Creating environment hook '/home/maddy/canopen_test/install/iris_interfaces/share/iris_interfaces/hook/ld_library_path_lib.sh'
[2.737s] Level 1:colcon.colcon_core.environment:checking '/home/maddy/canopen_test/install/iris_interfaces/bin'
[2.737s] Level 1:colcon.colcon_core.environment:checking '/home/maddy/canopen_test/install/iris_interfaces/lib/pkgconfig/iris_interfaces.pc'
[2.738s] Level 1:colcon.colcon_core.environment:checking '/home/maddy/canopen_test/install/iris_interfaces/lib/python3.10/site-packages'
[2.738s] Level 1:colcon.colcon_core.environment:checking '/home/maddy/canopen_test/install/iris_interfaces/bin'
[2.738s] INFO:colcon.colcon_core.shell:Creating package script '/home/maddy/canopen_test/install/iris_interfaces/share/iris_interfaces/package.ps1'
[2.739s] INFO:colcon.colcon_core.shell:Creating package descriptor '/home/maddy/canopen_test/install/iris_interfaces/share/iris_interfaces/package.dsv'
[2.739s] INFO:colcon.colcon_core.shell:Creating package script '/home/maddy/canopen_test/install/iris_interfaces/share/iris_interfaces/package.sh'
[2.739s] INFO:colcon.colcon_core.shell:Creating package script '/home/maddy/canopen_test/install/iris_interfaces/share/iris_interfaces/package.bash'
[2.740s] INFO:colcon.colcon_core.shell:Creating package script '/home/maddy/canopen_test/install/iris_interfaces/share/iris_interfaces/package.zsh'
[2.740s] Level 1:colcon.colcon_core.environment:create_file_with_runtime_dependencies(/home/maddy/canopen_test/install/iris_interfaces/share/colcon-core/packages/iris_interfaces)
[2.740s] INFO:colcon.colcon_ros.task.ament_python.build:Building ROS package in '/home/maddy/canopen_test/a5_control' with build type 'ament_python'
[2.740s] Level 1:colcon.colcon_core.shell:create_environment_hook('a5_control', 'ament_prefix_path')
[2.740s] INFO:colcon.colcon_core.shell:Creating environment hook '/home/maddy/canopen_test/install/a5_control/share/a5_control/hook/ament_prefix_path.ps1'
[2.741s] INFO:colcon.colcon_core.shell:Creating environment descriptor '/home/maddy/canopen_test/install/a5_control/share/a5_control/hook/ament_prefix_path.dsv'
[2.741s] INFO:colcon.colcon_core.shell:Creating environment hook '/home/maddy/canopen_test/install/a5_control/share/a5_control/hook/ament_prefix_path.sh'
[2.742s] INFO:colcon.colcon_core.shell:Skip shell extension 'powershell' for command environment: Not usable outside of PowerShell
[2.742s] DEBUG:colcon.colcon_core.shell:Skip shell extension 'dsv' for command environment
[3.050s] INFO:colcon.colcon_core.task.python.build:Building Python package in '/home/maddy/canopen_test/a5_control'
[3.050s] INFO:colcon.colcon_core.shell:Skip shell extension 'powershell' for command environment: Not usable outside of PowerShell
[3.050s] DEBUG:colcon.colcon_core.shell:Skip shell extension 'dsv' for command environment
[3.500s] DEBUG:colcon.colcon_core.task.python.build:Available setuptools commands: install_data, symlink_data, clean, install, check, build_py, compile_catalog, install_egg_info, alias, install_scripts, build, dist_info, bdist, build_scripts, build_ext, bdist_dumb, sdist, install_lib, setopt, bdist_egg, easy_install, egg_info, bdist_wheel, install_headers, build_clib, develop, test, extract_messages, upload, saveopts, rotate, upload_docs, update_catalog, bdist_rpm, register, init_catalog
[3.504s] DEBUG:colcon.colcon_core.event_handler.log_command:Invoking command in '/home/maddy/canopen_test/a5_control': AMENT_PREFIX_PATH=/home/maddy/canopen_test/install/iris_interfaces:${AMENT_PREFIX_PATH} CMAKE_PREFIX_PATH=/home/maddy/canopen_test/install/iris_interfaces LD_LIBRARY_PATH=/home/maddy/canopen_test/install/iris_interfaces/lib:${LD_LIBRARY_PATH} PYTHONPATH=/home/maddy/canopen_test/build/a5_control/prefix_override:/usr/lib/python3/dist-packages/colcon_core/task/python/colcon_distutils_commands:/home/maddy/canopen_test/install/a5_control/lib/python3.10/site-packages:/home/maddy/canopen_test/install/iris_interfaces/local/lib/python3.10/dist-packages:${PYTHONPATH} /usr/bin/python3 -W ignore:setup.py install is deprecated -W ignore:easy_install command is deprecated setup.py egg_info --egg-base ../build/a5_control build --build-base /home/maddy/canopen_test/build/a5_control/build install --record /home/maddy/canopen_test/build/a5_control/install.log --install-scripts $base/lib/a5_control --single-version-externally-managed install_data
[3.744s] Level 1:colcon.colcon_core.environment:checking '/home/maddy/canopen_test/install/a5_control' for CMake module files
[3.745s] DEBUG:colcon.colcon_core.event_handler.log_command:Invoked command in '/home/maddy/canopen_test/a5_control' returned '0': AMENT_PREFIX_PATH=/home/maddy/canopen_test/install/iris_interfaces:${AMENT_PREFIX_PATH} CMAKE_PREFIX_PATH=/home/maddy/canopen_test/install/iris_interfaces LD_LIBRARY_PATH=/home/maddy/canopen_test/install/iris_interfaces/lib:${LD_LIBRARY_PATH} PYTHONPATH=/home/maddy/canopen_test/build/a5_control/prefix_override:/usr/lib/python3/dist-packages/colcon_core/task/python/colcon_distutils_commands:/home/maddy/canopen_test/install/a5_control/lib/python3.10/site-packages:/home/maddy/canopen_test/install/iris_interfaces/local/lib/python3.10/dist-packages:${PYTHONPATH} /usr/bin/python3 -W ignore:setup.py install is deprecated -W ignore:easy_install command is deprecated setup.py egg_info --egg-base ../build/a5_control build --build-base /home/maddy/canopen_test/build/a5_control/build install --record /home/maddy/canopen_test/build/a5_control/install.log --install-scripts $base/lib/a5_control --single-version-externally-managed install_data
[3.745s] Level 1:colcon.colcon_core.environment:checking '/home/maddy/canopen_test/install/a5_control' for CMake config files
[3.746s] Level 1:colcon.colcon_core.environment:checking '/home/maddy/canopen_test/install/a5_control/lib'
[3.746s] Level 1:colcon.colcon_core.environment:checking '/home/maddy/canopen_test/install/a5_control/bin'
[3.746s] Level 1:colcon.colcon_core.environment:checking '/home/maddy/canopen_test/install/a5_control/lib/pkgconfig/a5_control.pc'
[3.746s] Level 1:colcon.colcon_core.environment:checking '/home/maddy/canopen_test/install/a5_control/lib/python3.10/site-packages'
[3.746s] Level 1:colcon.colcon_core.shell:create_environment_hook('a5_control', 'pythonpath')
[3.746s] INFO:colcon.colcon_core.shell:Creating environment hook '/home/maddy/canopen_test/install/a5_control/share/a5_control/hook/pythonpath.ps1'
[3.747s] INFO:colcon.colcon_core.shell:Creating environment descriptor '/home/maddy/canopen_test/install/a5_control/share/a5_control/hook/pythonpath.dsv'
[3.747s] INFO:colcon.colcon_core.shell:Creating environment hook '/home/maddy/canopen_test/install/a5_control/share/a5_control/hook/pythonpath.sh'
[3.748s] Level 1:colcon.colcon_core.environment:checking '/home/maddy/canopen_test/install/a5_control/bin'
[3.748s] Level 1:colcon.colcon_core.environment:create_environment_scripts_only(a5_control)
[3.748s] INFO:colcon.colcon_core.shell:Creating package script '/home/maddy/canopen_test/install/a5_control/share/a5_control/package.ps1'
[3.749s] INFO:colcon.colcon_core.shell:Creating package descriptor '/home/maddy/canopen_test/install/a5_control/share/a5_control/package.dsv'
[3.749s] INFO:colcon.colcon_core.shell:Creating package script '/home/maddy/canopen_test/install/a5_control/share/a5_control/package.sh'
[3.749s] INFO:colcon.colcon_core.shell:Creating package script '/home/maddy/canopen_test/install/a5_control/share/a5_control/package.bash'
[3.750s] INFO:colcon.colcon_core.shell:Creating package script '/home/maddy/canopen_test/install/a5_control/share/a5_control/package.zsh'
[3.750s] Level 1:colcon.colcon_core.environment:create_file_with_runtime_dependencies(/home/maddy/canopen_test/install/a5_control/share/colcon-core/packages/a5_control)
[3.750s] DEBUG:colcon.colcon_parallel_executor.executor.parallel:closing loop
[3.750s] DEBUG:colcon.colcon_parallel_executor.executor.parallel:loop closed
[3.750s] DEBUG:colcon.colcon_parallel_executor.executor.parallel:run_until_complete finished with '0'
[3.750s] DEBUG:colcon.colcon_core.event_reactor:joining thread
[3.757s] INFO:colcon.colcon_core.plugin_system:Skipping extension 'colcon_notification.desktop_notification.terminal_notifier': Not used on non-Darwin systems
[3.758s] INFO:colcon.colcon_core.plugin_system:Skipping extension 'colcon_notification.desktop_notification.win32': Not used on non-Windows systems
[3.758s] INFO:colcon.colcon_notification.desktop_notification:Sending desktop notification using 'notify2'
[3.773s] DEBUG:colcon.colcon_core.event_reactor:joined thread
[3.773s] INFO:colcon.colcon_core.shell:Creating prefix script '/home/maddy/canopen_test/install/local_setup.ps1'
[3.774s] INFO:colcon.colcon_core.shell:Creating prefix util module '/home/maddy/canopen_test/install/_local_setup_util_ps1.py'
[3.775s] INFO:colcon.colcon_core.shell:Creating prefix chain script '/home/maddy/canopen_test/install/setup.ps1'
[3.776s] INFO:colcon.colcon_core.shell:Creating prefix script '/home/maddy/canopen_test/install/local_setup.sh'
[3.777s] INFO:colcon.colcon_core.shell:Creating prefix util module '/home/maddy/canopen_test/install/_local_setup_util_sh.py'
[3.777s] INFO:colcon.colcon_core.shell:Creating prefix chain script '/home/maddy/canopen_test/install/setup.sh'
[3.778s] INFO:colcon.colcon_core.shell:Creating prefix script '/home/maddy/canopen_test/install/local_setup.bash'
[3.779s] INFO:colcon.colcon_core.shell:Creating prefix chain script '/home/maddy/canopen_test/install/setup.bash'
[3.780s] INFO:colcon.colcon_core.shell:Creating prefix script '/home/maddy/canopen_test/install/local_setup.zsh'
[3.781s] INFO:colcon.colcon_core.shell:Creating prefix chain script '/home/maddy/canopen_test/install/setup.zsh'
