[0.762s] Invoking command in '/home/maddy/canopen_test/a5_control': AMENT_PREFIX_PATH=/home/maddy/canopen_test/install/iris_interfaces:${AMENT_PREFIX_PATH} CMAKE_PREFIX_PATH=/home/maddy/canopen_test/install/iris_interfaces LD_LIBRARY_PATH=/home/maddy/canopen_test/install/iris_interfaces/lib:${LD_LIBRARY_PATH} PYTHONPATH=/home/maddy/canopen_test/build/a5_control/prefix_override:/usr/lib/python3/dist-packages/colcon_core/task/python/colcon_distutils_commands:/home/maddy/canopen_test/install/a5_control/lib/python3.10/site-packages:/home/maddy/canopen_test/install/iris_interfaces/local/lib/python3.10/dist-packages:${PYTHONPATH} /usr/bin/python3 -W ignore:setup.py install is deprecated -W ignore:easy_install command is deprecated setup.py egg_info --egg-base ../build/a5_control build --build-base /home/maddy/canopen_test/build/a5_control/build install --record /home/maddy/canopen_test/build/a5_control/install.log --install-scripts $base/lib/a5_control --single-version-externally-managed install_data
[0.952s] running egg_info
[0.953s] writing ../build/a5_control/a5_control.egg-info/PKG-INFO
[0.953s] writing dependency_links to ../build/a5_control/a5_control.egg-info/dependency_links.txt
[0.953s] writing entry points to ../build/a5_control/a5_control.egg-info/entry_points.txt
[0.953s] writing requirements to ../build/a5_control/a5_control.egg-info/requires.txt
[0.953s] writing top-level names to ../build/a5_control/a5_control.egg-info/top_level.txt
[0.956s] reading manifest file '../build/a5_control/a5_control.egg-info/SOURCES.txt'
[0.956s] writing manifest file '../build/a5_control/a5_control.egg-info/SOURCES.txt'
[0.956s] running build
[0.957s] running build_py
[0.957s] running install
[0.957s] running install_lib
[0.958s] running install_data
[0.958s] creating /home/maddy/canopen_test/install/a5_control/share/a5_control/config
[0.958s] running install_egg_info
[0.960s] removing '/home/maddy/canopen_test/install/a5_control/lib/python3.10/site-packages/a5_control-0.0.0-py3.10.egg-info' (and everything under it)
[0.960s] Copying ../build/a5_control/a5_control.egg-info to /home/maddy/canopen_test/install/a5_control/lib/python3.10/site-packages/a5_control-0.0.0-py3.10.egg-info
[0.961s] running install_scripts
[0.981s] Installing a5_control_exe script to /home/maddy/canopen_test/install/a5_control/lib/a5_control
[0.981s] writing list of installed files to '/home/maddy/canopen_test/build/a5_control/install.log'
[1.003s] Invoked command in '/home/maddy/canopen_test/a5_control' returned '0': AMENT_PREFIX_PATH=/home/maddy/canopen_test/install/iris_interfaces:${AMENT_PREFIX_PATH} CMAKE_PREFIX_PATH=/home/maddy/canopen_test/install/iris_interfaces LD_LIBRARY_PATH=/home/maddy/canopen_test/install/iris_interfaces/lib:${LD_LIBRARY_PATH} PYTHONPATH=/home/maddy/canopen_test/build/a5_control/prefix_override:/usr/lib/python3/dist-packages/colcon_core/task/python/colcon_distutils_commands:/home/maddy/canopen_test/install/a5_control/lib/python3.10/site-packages:/home/maddy/canopen_test/install/iris_interfaces/local/lib/python3.10/dist-packages:${PYTHONPATH} /usr/bin/python3 -W ignore:setup.py install is deprecated -W ignore:easy_install command is deprecated setup.py egg_info --egg-base ../build/a5_control build --build-base /home/maddy/canopen_test/build/a5_control/build install --record /home/maddy/canopen_test/build/a5_control/install.log --install-scripts $base/lib/a5_control --single-version-externally-managed install_data
