[0.373s] Invoking command in '/home/maddy/canopen_test/motor_control': LD_LIBRARY_PATH=/home/maddy/canopen_test/install/iris_interfaces/lib:/opt/ros/humble/opt/rviz_ogre_vendor/lib:/opt/ros/humble/lib/x86_64-linux-gnu:/opt/ros/humble/lib PYTHONPATH=/home/maddy/canopen_test/build/motor_control/prefix_override:/usr/lib/python3/dist-packages/colcon_core/task/python/colcon_distutils_commands:/home/maddy/canopen_test/install/motor_control/lib/python3.10/site-packages:${PYTHONPATH} /usr/bin/python3 -W ignore:setup.py install is deprecated -W ignore:easy_install command is deprecated setup.py egg_info --egg-base ../build/motor_control build --build-base /home/maddy/canopen_test/build/motor_control/build install --record /home/maddy/canopen_test/build/motor_control/install.log --install-scripts $base/lib/motor_control --single-version-externally-managed install_data
[0.508s] running egg_info
[0.508s] writing ../build/motor_control/motor_control.egg-info/PKG-INFO
[0.508s] writing dependency_links to ../build/motor_control/motor_control.egg-info/dependency_links.txt
[0.508s] writing entry points to ../build/motor_control/motor_control.egg-info/entry_points.txt
[0.508s] writing requirements to ../build/motor_control/motor_control.egg-info/requires.txt
[0.508s] writing top-level names to ../build/motor_control/motor_control.egg-info/top_level.txt
[0.510s] reading manifest file '../build/motor_control/motor_control.egg-info/SOURCES.txt'
[0.510s] writing manifest file '../build/motor_control/motor_control.egg-info/SOURCES.txt'
[0.510s] running build
[0.510s] running build_py
[0.511s] copying motor_control/iris_motor_control.py -> /home/maddy/canopen_test/build/motor_control/build/lib/motor_control
[0.511s] copying motor_control/italsea_dual_drive.py -> /home/maddy/canopen_test/build/motor_control/build/lib/motor_control
[0.511s] running install
[0.511s] running install_lib
[0.511s] copying /home/maddy/canopen_test/build/motor_control/build/lib/motor_control/iris_motor_control.py -> /home/maddy/canopen_test/install/motor_control/lib/python3.10/site-packages/motor_control
[0.511s] copying /home/maddy/canopen_test/build/motor_control/build/lib/motor_control/italsea_dual_drive.py -> /home/maddy/canopen_test/install/motor_control/lib/python3.10/site-packages/motor_control
[0.511s] byte-compiling /home/maddy/canopen_test/install/motor_control/lib/python3.10/site-packages/motor_control/iris_motor_control.py to iris_motor_control.cpython-310.pyc
[0.513s] byte-compiling /home/maddy/canopen_test/install/motor_control/lib/python3.10/site-packages/motor_control/italsea_dual_drive.py to italsea_dual_drive.cpython-310.pyc
[0.513s] running install_data
[0.513s] running install_egg_info
[0.514s] removing '/home/maddy/canopen_test/install/motor_control/lib/python3.10/site-packages/motor_control-0.0.0-py3.10.egg-info' (and everything under it)
[0.514s] Copying ../build/motor_control/motor_control.egg-info to /home/maddy/canopen_test/install/motor_control/lib/python3.10/site-packages/motor_control-0.0.0-py3.10.egg-info
[0.515s] running install_scripts
[0.527s] Installing motor_control_node script to /home/maddy/canopen_test/install/motor_control/lib/motor_control
[0.527s] writing list of installed files to '/home/maddy/canopen_test/build/motor_control/install.log'
[0.544s] Invoked command in '/home/maddy/canopen_test/motor_control' returned '0': LD_LIBRARY_PATH=/home/maddy/canopen_test/install/iris_interfaces/lib:/opt/ros/humble/opt/rviz_ogre_vendor/lib:/opt/ros/humble/lib/x86_64-linux-gnu:/opt/ros/humble/lib PYTHONPATH=/home/maddy/canopen_test/build/motor_control/prefix_override:/usr/lib/python3/dist-packages/colcon_core/task/python/colcon_distutils_commands:/home/maddy/canopen_test/install/motor_control/lib/python3.10/site-packages:${PYTHONPATH} /usr/bin/python3 -W ignore:setup.py install is deprecated -W ignore:easy_install command is deprecated setup.py egg_info --egg-base ../build/motor_control build --build-base /home/maddy/canopen_test/build/motor_control/build install --record /home/maddy/canopen_test/build/motor_control/install.log --install-scripts $base/lib/motor_control --single-version-externally-managed install_data
