[1.715s] Invoking command in '/home/maddy/canopen_test/a5_control': AMENT_PREFIX_PATH=/home/maddy/canopen_test/install/iris_interfaces:${AMENT_PREFIX_PATH} CMAKE_PREFIX_PATH=/home/maddy/canopen_test/install/iris_interfaces LD_LIBRARY_PATH=/home/maddy/canopen_test/install/iris_interfaces/lib:${LD_LIBRARY_PATH} PYTHONPATH=/home/maddy/canopen_test/build/a5_control/prefix_override:/usr/lib/python3/dist-packages/colcon_core/task/python/colcon_distutils_commands:/home/maddy/canopen_test/install/a5_control/lib/python3.10/site-packages:/home/maddy/canopen_test/install/iris_interfaces/local/lib/python3.10/dist-packages:${PYTHONPATH} /usr/bin/python3 -W ignore:setup.py install is deprecated -W ignore:easy_install command is deprecated setup.py egg_info --egg-base ../build/a5_control build --build-base /home/maddy/canopen_test/build/a5_control/build install --record /home/maddy/canopen_test/build/a5_control/install.log --single-version-externally-managed install_data
[2.057s] running egg_info
[2.057s] writing ../build/a5_control/a5_control.egg-info/PKG-INFO
[2.058s] writing dependency_links to ../build/a5_control/a5_control.egg-info/dependency_links.txt
[2.058s] writing entry points to ../build/a5_control/a5_control.egg-info/entry_points.txt
[2.058s] writing requirements to ../build/a5_control/a5_control.egg-info/requires.txt
[2.059s] writing top-level names to ../build/a5_control/a5_control.egg-info/top_level.txt
[2.061s] reading manifest file '../build/a5_control/a5_control.egg-info/SOURCES.txt'
[2.062s] writing manifest file '../build/a5_control/a5_control.egg-info/SOURCES.txt'
[2.063s] running build
[2.063s] running build_py
[2.063s] copying a5_control/a5_control.py -> /home/maddy/canopen_test/build/a5_control/build/lib/a5_control
[2.064s] running install
[2.064s] running install_lib
[2.065s] copying /home/maddy/canopen_test/build/a5_control/build/lib/a5_control/a5_control.py -> /home/maddy/canopen_test/install/a5_control/lib/python3.10/site-packages/a5_control
[2.066s] byte-compiling /home/maddy/canopen_test/install/a5_control/lib/python3.10/site-packages/a5_control/a5_control.py to a5_control.cpython-310.pyc
[2.068s] running install_data
[2.068s] running install_egg_info
[2.070s] removing '/home/maddy/canopen_test/install/a5_control/lib/python3.10/site-packages/a5_control-0.0.0-py3.10.egg-info' (and everything under it)
[2.072s] Copying ../build/a5_control/a5_control.egg-info to /home/maddy/canopen_test/install/a5_control/lib/python3.10/site-packages/a5_control-0.0.0-py3.10.egg-info
[2.074s] running install_scripts
[2.098s] Installing a5_control_exe script to /home/maddy/canopen_test/install/a5_control/lib/a5_control
[2.098s] writing list of installed files to '/home/maddy/canopen_test/build/a5_control/install.log'
[2.129s] Invoked command in '/home/maddy/canopen_test/a5_control' returned '0': AMENT_PREFIX_PATH=/home/maddy/canopen_test/install/iris_interfaces:${AMENT_PREFIX_PATH} CMAKE_PREFIX_PATH=/home/maddy/canopen_test/install/iris_interfaces LD_LIBRARY_PATH=/home/maddy/canopen_test/install/iris_interfaces/lib:${LD_LIBRARY_PATH} PYTHONPATH=/home/maddy/canopen_test/build/a5_control/prefix_override:/usr/lib/python3/dist-packages/colcon_core/task/python/colcon_distutils_commands:/home/maddy/canopen_test/install/a5_control/lib/python3.10/site-packages:/home/maddy/canopen_test/install/iris_interfaces/local/lib/python3.10/dist-packages:${PYTHONPATH} /usr/bin/python3 -W ignore:setup.py install is deprecated -W ignore:easy_install command is deprecated setup.py egg_info --egg-base ../build/a5_control build --build-base /home/maddy/canopen_test/build/a5_control/build install --record /home/maddy/canopen_test/build/a5_control/install.log --single-version-externally-managed install_data
