[0.008s] Invoking command in '/home/maddy/canopen_test/build/iris_interfaces': /usr/bin/cmake --build /home/maddy/canopen_test/build/iris_interfaces -- -j16 -l16
[0.073s] -- Found ament_cmake: 1.3.14 (/opt/ros/humble/share/ament_cmake/cmake)
[0.172s] Traceback (most recent call last):
[0.172s]   File "/opt/ros/humble/share/ament_cmake_core/cmake/package_templates/templates_2_cmake.py", line 21, in <module>
[0.172s]     from ament_package.templates import get_environment_hook_template_path
[0.173s] ModuleNotFoundError: No module named 'ament_package'
[0.179s] [31mCMake Error at /opt/ros/humble/share/ament_cmake_core/cmake/ament_cmake_package_templates-extras.cmake:41 (message):
[0.179s]   execute_process(/usr/bin/python3
[0.179s]   /opt/ros/humble/share/ament_cmake_core/cmake/package_templates/templates_2_cmake.py
[0.180s]   /home/maddy/canopen_test/build/iris_interfaces/ament_cmake_package_templates/templates.cmake)
[0.180s]   returned error code 1
[0.180s] Call Stack (most recent call first):
[0.180s]   /opt/ros/humble/share/ament_cmake_core/cmake/ament_cmake_coreConfig.cmake:41 (include)
[0.180s]   /opt/ros/humble/share/ament_cmake/cmake/ament_cmake_export_dependencies-extras.cmake:15 (find_package)
[0.180s]   /opt/ros/humble/share/ament_cmake/cmake/ament_cmakeConfig.cmake:41 (include)
[0.180s]   CMakeLists.txt:9 (find_package)
[0.180s] 
[0.180s] [0m
[0.180s] -- Configuring incomplete, errors occurred!
[0.181s] See also "/home/maddy/canopen_test/build/iris_interfaces/CMakeFiles/CMakeOutput.log".
[0.182s] gmake: *** [Makefile:8739: cmake_check_build_system] Error 1
[0.184s] Invoked command in '/home/maddy/canopen_test/build/iris_interfaces' returned '2': /usr/bin/cmake --build /home/maddy/canopen_test/build/iris_interfaces -- -j16 -l16
