running develop
running egg_info
creating can_interface.egg-info
writing can_interface.egg-info/PKG-INFO
writing dependency_links to can_interface.egg-info/dependency_links.txt
writing entry points to can_interface.egg-info/entry_points.txt
writing requirements to can_interface.egg-info/requires.txt
writing top-level names to can_interface.egg-info/top_level.txt
writing manifest file 'can_interface.egg-info/SOURCES.txt'
reading manifest file 'can_interface.egg-info/SOURCES.txt'
writing manifest file 'can_interface.egg-info/SOURCES.txt'
running build_ext
Creating /home/agx/canopen_test/install/can_interface/lib/python3.10/site-packages/can-interface.egg-link (link to .)
Installing canopen_face script to /home/agx/canopen_test/install/can_interface/lib/can_interface

Installed /home/agx/canopen_test/build/can_interface
running symlink_data
creating /home/agx/canopen_test/install/can_interface/share/ament_index
creating /home/agx/canopen_test/install/can_interface/share/ament_index/resource_index
creating /home/agx/canopen_test/install/can_interface/share/ament_index/resource_index/packages
symbolically linking /home/agx/canopen_test/build/can_interface/resource/can_interface -> /home/agx/canopen_test/install/can_interface/share/ament_index/resource_index/packages
symbolically linking /home/agx/canopen_test/build/can_interface/package.xml -> /home/agx/canopen_test/install/can_interface/share/can_interface
