[1.133s] Invoking command in '/home/maddy/canopen_test/a5_simulator': PYTHONPATH=/home/maddy/canopen_test/build/a5_simulator/prefix_override:/usr/lib/python3/dist-packages/colcon_core/task/python/colcon_distutils_commands:/home/maddy/canopen_test/install/a5_simulator/lib/python3.10/site-packages:${PYTHONPATH} /usr/bin/python3 -W ignore:setup.py install is deprecated -W ignore:easy_install command is deprecated setup.py egg_info --egg-base ../build/a5_simulator build --build-base /home/maddy/canopen_test/build/a5_simulator/build install --record /home/maddy/canopen_test/build/a5_simulator/install.log --single-version-externally-managed install_data
[1.459s] running egg_info
[1.461s] writing ../build/a5_simulator/a5_simulator.egg-info/PKG-INFO
[1.461s] writing dependency_links to ../build/a5_simulator/a5_simulator.egg-info/dependency_links.txt
[1.462s] writing entry points to ../build/a5_simulator/a5_simulator.egg-info/entry_points.txt
[1.462s] writing requirements to ../build/a5_simulator/a5_simulator.egg-info/requires.txt
[1.462s] writing top-level names to ../build/a5_simulator/a5_simulator.egg-info/top_level.txt
[1.464s] reading manifest file '../build/a5_simulator/a5_simulator.egg-info/SOURCES.txt'
[1.465s] writing manifest file '../build/a5_simulator/a5_simulator.egg-info/SOURCES.txt'
[1.465s] running build
[1.465s] running build_py
[1.465s] copying a5_simulator/a5_simulator_node.py -> /home/maddy/canopen_test/build/a5_simulator/build/lib/a5_simulator
[1.466s] running install
[1.467s] running install_lib
[1.468s] copying /home/maddy/canopen_test/build/a5_simulator/build/lib/a5_simulator/a5_simulator_node.py -> /home/maddy/canopen_test/install/a5_simulator/lib/python3.10/site-packages/a5_simulator
[1.469s] byte-compiling /home/maddy/canopen_test/install/a5_simulator/lib/python3.10/site-packages/a5_simulator/a5_simulator_node.py to a5_simulator_node.cpython-310.pyc
[1.472s] running install_data
[1.472s] running install_egg_info
[1.474s] removing '/home/maddy/canopen_test/install/a5_simulator/lib/python3.10/site-packages/a5_simulator-0.1.0-py3.10.egg-info' (and everything under it)
[1.475s] Copying ../build/a5_simulator/a5_simulator.egg-info to /home/maddy/canopen_test/install/a5_simulator/lib/python3.10/site-packages/a5_simulator-0.1.0-py3.10.egg-info
[1.476s] running install_scripts
[1.499s] Installing a5_simulator_node script to /home/maddy/canopen_test/install/a5_simulator/lib/a5_simulator
[1.500s] writing list of installed files to '/home/maddy/canopen_test/build/a5_simulator/install.log'
[1.530s] Invoked command in '/home/maddy/canopen_test/a5_simulator' returned '0': PYTHONPATH=/home/maddy/canopen_test/build/a5_simulator/prefix_override:/usr/lib/python3/dist-packages/colcon_core/task/python/colcon_distutils_commands:/home/maddy/canopen_test/install/a5_simulator/lib/python3.10/site-packages:${PYTHONPATH} /usr/bin/python3 -W ignore:setup.py install is deprecated -W ignore:easy_install command is deprecated setup.py egg_info --egg-base ../build/a5_simulator build --build-base /home/maddy/canopen_test/build/a5_simulator/build install --record /home/maddy/canopen_test/build/a5_simulator/install.log --single-version-externally-managed install_data
