[0.673s] Invoking command in '/home/maddy/canopen_test/build/a5_control': LD_LIBRARY_PATH=/home/maddy/canopen_test/install/iris_interfaces/lib:/opt/ros/humble/opt/rviz_ogre_vendor/lib:/opt/ros/humble/lib/x86_64-linux-gnu:/opt/ros/humble/lib PYTHONPATH=/home/maddy/canopen_test/build/a5_control/prefix_override:/usr/lib/python3/dist-packages/colcon_core/task/python/colcon_distutils_commands:/home/maddy/canopen_test/install/a5_control/lib/python3.10/site-packages:${PYTHONPATH} /usr/bin/python3 -W ignore:setup.py install is deprecated -W ignore:easy_install command is deprecated setup.py develop --editable --build-directory /home/maddy/canopen_test/build/a5_control/build --no-deps symlink_data
[0.829s] running develop
[0.909s] running egg_info
[0.910s] creating a5_control.egg-info
[0.910s] writing a5_control.egg-info/PKG-INFO
[0.910s] writing dependency_links to a5_control.egg-info/dependency_links.txt
[0.910s] writing entry points to a5_control.egg-info/entry_points.txt
[0.910s] writing requirements to a5_control.egg-info/requires.txt
[0.910s] writing top-level names to a5_control.egg-info/top_level.txt
[0.910s] writing manifest file 'a5_control.egg-info/SOURCES.txt'
[0.911s] reading manifest file 'a5_control.egg-info/SOURCES.txt'
[0.911s] writing manifest file 'a5_control.egg-info/SOURCES.txt'
[0.912s] running build_ext
[0.912s] Creating /home/maddy/canopen_test/install/a5_control/lib/python3.10/site-packages/a5-control.egg-link (link to .)
[0.913s] Installing a5_control_exe script to /home/maddy/canopen_test/install/a5_control/lib/a5_control
[0.913s] 
[0.913s] Installed /home/maddy/canopen_test/build/a5_control
[0.913s] running symlink_data
[0.913s] creating /home/maddy/canopen_test/install/a5_control/share/ament_index
[0.913s] creating /home/maddy/canopen_test/install/a5_control/share/ament_index/resource_index
[0.913s] creating /home/maddy/canopen_test/install/a5_control/share/ament_index/resource_index/packages
[0.913s] symbolically linking /home/maddy/canopen_test/build/a5_control/resource/a5_control -> /home/maddy/canopen_test/install/a5_control/share/ament_index/resource_index/packages
[0.913s] symbolically linking /home/maddy/canopen_test/build/a5_control/package.xml -> /home/maddy/canopen_test/install/a5_control/share/a5_control
[0.913s] creating /home/maddy/canopen_test/install/a5_control/share/a5_control/scripts
[0.913s] symbolically linking /home/maddy/canopen_test/build/a5_control/scripts/can_init.sh -> /home/maddy/canopen_test/install/a5_control/share/a5_control/scripts
[0.913s] creating /home/maddy/canopen_test/install/a5_control/share/a5_control/config
[0.931s] Invoked command in '/home/maddy/canopen_test/build/a5_control' returned '0': LD_LIBRARY_PATH=/home/maddy/canopen_test/install/iris_interfaces/lib:/opt/ros/humble/opt/rviz_ogre_vendor/lib:/opt/ros/humble/lib/x86_64-linux-gnu:/opt/ros/humble/lib PYTHONPATH=/home/maddy/canopen_test/build/a5_control/prefix_override:/usr/lib/python3/dist-packages/colcon_core/task/python/colcon_distutils_commands:/home/maddy/canopen_test/install/a5_control/lib/python3.10/site-packages:${PYTHONPATH} /usr/bin/python3 -W ignore:setup.py install is deprecated -W ignore:easy_install command is deprecated setup.py develop --editable --build-directory /home/maddy/canopen_test/build/a5_control/build --no-deps symlink_data
