[0.253s] DEBUG:colcon:Command line arguments: ['/usr/bin/colcon', 'build', '--packages-select', 'a5_simulator']
[0.253s] DEBUG:colcon:Parsed command line arguments: Namespace(log_base=None, log_level=None, verb_name='build', build_base='build', install_base='install', merge_install=False, symlink_install=False, test_result_base=None, continue_on_error=False, executor='parallel', parallel_workers=8, event_handlers=None, ignore_user_meta=False, metas=['./colcon.meta'], base_paths=['.'], packages_ignore=None, packages_ignore_regex=None, paths=None, packages_up_to=None, packages_up_to_regex=None, packages_above=None, packages_above_and_dependencies=None, packages_above_depth=None, packages_select_by_dep=None, packages_skip_by_dep=None, packages_skip_up_to=None, packages_select_build_failed=False, packages_skip_build_finished=False, packages_select_test_failures=False, packages_skip_test_passed=False, packages_select=['a5_simulator'], packages_skip=None, packages_select_regex=None, packages_skip_regex=None, packages_start=None, packages_end=None, allow_overriding=[], cmake_args=None, cmake_target=None, cmake_target_skip_unavailable=False, cmake_clean_cache=False, cmake_clean_first=False, cmake_force_configure=False, ament_cmake_args=None, catkin_cmake_args=None, catkin_skip_building_tests=False, verb_parser=<colcon_defaults.argument_parser.defaults.DefaultArgumentsDecorator object at 0x7583cfb54940>, verb_extension=<colcon_core.verb.build.BuildVerb object at 0x7583cfc523b0>, main=<bound method BuildVerb.main of <colcon_core.verb.build.BuildVerb object at 0x7583cfc523b0>>)
[0.507s] Level 1:colcon.colcon_core.package_discovery:discover_packages(colcon_meta) check parameters
[0.508s] Level 1:colcon.colcon_core.package_discovery:discover_packages(recursive) check parameters
[0.508s] Level 1:colcon.colcon_core.package_discovery:discover_packages(ignore) check parameters
[0.508s] Level 1:colcon.colcon_core.package_discovery:discover_packages(path) check parameters
[0.508s] Level 1:colcon.colcon_core.package_discovery:discover_packages(colcon_meta) discover
[0.508s] Level 1:colcon.colcon_core.package_discovery:discover_packages(recursive) discover
[0.508s] INFO:colcon.colcon_core.package_discovery:Crawling recursively for packages in '/home/maddy/canopen_test'
[0.508s] Level 1:colcon.colcon_core.package_identification:_identify(.) by extensions ['ignore', 'ignore_ament_install']
[0.508s] Level 1:colcon.colcon_core.package_identification:_identify(.) by extension 'ignore'
[0.508s] Level 1:colcon.colcon_core.package_identification:_identify(.) by extension 'ignore_ament_install'
[0.508s] Level 1:colcon.colcon_core.package_identification:_identify(.) by extensions ['colcon_pkg']
[0.508s] Level 1:colcon.colcon_core.package_identification:_identify(.) by extension 'colcon_pkg'
[0.508s] Level 1:colcon.colcon_core.package_identification:_identify(.) by extensions ['colcon_meta']
[0.509s] Level 1:colcon.colcon_core.package_identification:_identify(.) by extension 'colcon_meta'
[0.509s] Level 1:colcon.colcon_core.package_identification:_identify(.) by extensions ['ros']
[0.509s] Level 1:colcon.colcon_core.package_identification:_identify(.) by extension 'ros'
[0.523s] Level 1:colcon.colcon_core.package_identification:_identify(.) by extensions ['cmake', 'python']
[0.523s] Level 1:colcon.colcon_core.package_identification:_identify(.) by extension 'cmake'
[0.523s] Level 1:colcon.colcon_core.package_identification:_identify(.) by extension 'python'
[0.523s] Level 1:colcon.colcon_core.package_identification:_identify(.) by extensions ['python_setup_py']
[0.523s] Level 1:colcon.colcon_core.package_identification:_identify(.) by extension 'python_setup_py'
[0.524s] Level 1:colcon.colcon_core.package_identification:_identify(a5_control) by extensions ['ignore', 'ignore_ament_install']
[0.524s] Level 1:colcon.colcon_core.package_identification:_identify(a5_control) by extension 'ignore'
[0.524s] Level 1:colcon.colcon_core.package_identification:_identify(a5_control) by extension 'ignore_ament_install'
[0.524s] Level 1:colcon.colcon_core.package_identification:_identify(a5_control) by extensions ['colcon_pkg']
[0.524s] Level 1:colcon.colcon_core.package_identification:_identify(a5_control) by extension 'colcon_pkg'
[0.524s] Level 1:colcon.colcon_core.package_identification:_identify(a5_control) by extensions ['colcon_meta']
[0.524s] Level 1:colcon.colcon_core.package_identification:_identify(a5_control) by extension 'colcon_meta'
[0.524s] Level 1:colcon.colcon_core.package_identification:_identify(a5_control) by extensions ['ros']
[0.524s] Level 1:colcon.colcon_core.package_identification:_identify(a5_control) by extension 'ros'
[0.527s] DEBUG:colcon.colcon_core.package_identification:Package 'a5_control' with type 'ros.ament_python' and name 'a5_control'
[0.527s] Level 1:colcon.colcon_core.package_identification:_identify(a5_simulator) by extensions ['ignore', 'ignore_ament_install']
[0.527s] Level 1:colcon.colcon_core.package_identification:_identify(a5_simulator) by extension 'ignore'
[0.527s] Level 1:colcon.colcon_core.package_identification:_identify(a5_simulator) by extension 'ignore_ament_install'
[0.527s] Level 1:colcon.colcon_core.package_identification:_identify(a5_simulator) by extensions ['colcon_pkg']
[0.527s] Level 1:colcon.colcon_core.package_identification:_identify(a5_simulator) by extension 'colcon_pkg'
[0.527s] Level 1:colcon.colcon_core.package_identification:_identify(a5_simulator) by extensions ['colcon_meta']
[0.528s] Level 1:colcon.colcon_core.package_identification:_identify(a5_simulator) by extension 'colcon_meta'
[0.528s] Level 1:colcon.colcon_core.package_identification:_identify(a5_simulator) by extensions ['ros']
[0.528s] Level 1:colcon.colcon_core.package_identification:_identify(a5_simulator) by extension 'ros'
[0.528s] Level 1:colcon.colcon_core.package_identification:_identify(a5_simulator) by extensions ['cmake', 'python']
[0.528s] Level 1:colcon.colcon_core.package_identification:_identify(a5_simulator) by extension 'cmake'
[0.528s] Level 1:colcon.colcon_core.package_identification:_identify(a5_simulator) by extension 'python'
[0.528s] Level 1:colcon.colcon_core.package_identification:_identify(a5_simulator) by extensions ['python_setup_py']
[0.528s] Level 1:colcon.colcon_core.package_identification:_identify(a5_simulator) by extension 'python_setup_py'
[0.528s] Level 1:colcon.colcon_core.package_identification:_identify(a5_simulator/a5_simulator) by extensions ['ignore', 'ignore_ament_install']
[0.528s] Level 1:colcon.colcon_core.package_identification:_identify(a5_simulator/a5_simulator) by extension 'ignore'
[0.528s] Level 1:colcon.colcon_core.package_identification:_identify(a5_simulator/a5_simulator) by extension 'ignore_ament_install'
[0.528s] Level 1:colcon.colcon_core.package_identification:_identify(a5_simulator/a5_simulator) by extensions ['colcon_pkg']
[0.529s] Level 1:colcon.colcon_core.package_identification:_identify(a5_simulator/a5_simulator) by extension 'colcon_pkg'
[0.529s] Level 1:colcon.colcon_core.package_identification:_identify(a5_simulator/a5_simulator) by extensions ['colcon_meta']
[0.529s] Level 1:colcon.colcon_core.package_identification:_identify(a5_simulator/a5_simulator) by extension 'colcon_meta'
[0.529s] Level 1:colcon.colcon_core.package_identification:_identify(a5_simulator/a5_simulator) by extensions ['ros']
[0.529s] Level 1:colcon.colcon_core.package_identification:_identify(a5_simulator/a5_simulator) by extension 'ros'
[0.530s] DEBUG:colcon.colcon_core.package_identification:Package 'a5_simulator/a5_simulator' with type 'ros.ament_python' and name 'a5_simulator'
[0.530s] Level 1:colcon.colcon_core.package_identification:_identify(build) by extensions ['ignore', 'ignore_ament_install']
[0.530s] Level 1:colcon.colcon_core.package_identification:_identify(build) by extension 'ignore'
[0.530s] Level 1:colcon.colcon_core.package_identification:_identify(build) ignored
[0.530s] Level 1:colcon.colcon_core.package_identification:_identify(install) by extensions ['ignore', 'ignore_ament_install']
[0.530s] Level 1:colcon.colcon_core.package_identification:_identify(install) by extension 'ignore'
[0.530s] Level 1:colcon.colcon_core.package_identification:_identify(install) ignored
[0.530s] Level 1:colcon.colcon_core.package_identification:_identify(iris_interfaces) by extensions ['ignore', 'ignore_ament_install']
[0.531s] Level 1:colcon.colcon_core.package_identification:_identify(iris_interfaces) by extension 'ignore'
[0.531s] Level 1:colcon.colcon_core.package_identification:_identify(iris_interfaces) by extension 'ignore_ament_install'
[0.531s] Level 1:colcon.colcon_core.package_identification:_identify(iris_interfaces) by extensions ['colcon_pkg']
[0.531s] Level 1:colcon.colcon_core.package_identification:_identify(iris_interfaces) by extension 'colcon_pkg'
[0.531s] Level 1:colcon.colcon_core.package_identification:_identify(iris_interfaces) by extensions ['colcon_meta']
[0.531s] Level 1:colcon.colcon_core.package_identification:_identify(iris_interfaces) by extension 'colcon_meta'
[0.531s] Level 1:colcon.colcon_core.package_identification:_identify(iris_interfaces) by extensions ['ros']
[0.531s] Level 1:colcon.colcon_core.package_identification:_identify(iris_interfaces) by extension 'ros'
[0.532s] DEBUG:colcon.colcon_core.package_identification:Package 'iris_interfaces' with type 'ros.ament_cmake' and name 'iris_interfaces'
[0.532s] Level 1:colcon.colcon_core.package_identification:_identify(log) by extensions ['ignore', 'ignore_ament_install']
[0.533s] Level 1:colcon.colcon_core.package_identification:_identify(log) by extension 'ignore'
[0.533s] Level 1:colcon.colcon_core.package_identification:_identify(log) ignored
[0.533s] Level 1:colcon.colcon_core.package_discovery:discover_packages(recursive) using defaults
[0.533s] Level 1:colcon.colcon_core.package_discovery:discover_packages(ignore) discover
[0.533s] Level 1:colcon.colcon_core.package_discovery:discover_packages(ignore) using defaults
[0.533s] Level 1:colcon.colcon_core.package_discovery:discover_packages(path) discover
[0.533s] Level 1:colcon.colcon_core.package_discovery:discover_packages(path) using defaults
[0.567s] INFO:colcon.colcon_core.package_selection:Skipping not selected package 'iris_interfaces' in 'iris_interfaces'
[0.568s] INFO:colcon.colcon_core.package_selection:Skipping not selected package 'a5_control' in 'a5_control'
[0.568s] Level 1:colcon.colcon_core.package_discovery:discover_packages(prefix_path) check parameters
[0.568s] Level 1:colcon.colcon_core.package_discovery:discover_packages(prefix_path) discover
[0.572s] DEBUG:colcon.colcon_installed_package_information.package_discovery:Found 344 installed packages in /opt/ros/humble
[0.574s] Level 1:colcon.colcon_core.package_discovery:discover_packages(prefix_path) using defaults
[0.641s] Level 5:colcon.colcon_core.verb:set package 'a5_simulator' build argument 'cmake_args' from command line to 'None'
[0.641s] Level 5:colcon.colcon_core.verb:set package 'a5_simulator' build argument 'cmake_target' from command line to 'None'
[0.641s] Level 5:colcon.colcon_core.verb:set package 'a5_simulator' build argument 'cmake_target_skip_unavailable' from command line to 'False'
[0.641s] Level 5:colcon.colcon_core.verb:set package 'a5_simulator' build argument 'cmake_clean_cache' from command line to 'False'
[0.641s] Level 5:colcon.colcon_core.verb:set package 'a5_simulator' build argument 'cmake_clean_first' from command line to 'False'
[0.641s] Level 5:colcon.colcon_core.verb:set package 'a5_simulator' build argument 'cmake_force_configure' from command line to 'False'
[0.641s] Level 5:colcon.colcon_core.verb:set package 'a5_simulator' build argument 'ament_cmake_args' from command line to 'None'
[0.641s] Level 5:colcon.colcon_core.verb:set package 'a5_simulator' build argument 'catkin_cmake_args' from command line to 'None'
[0.641s] Level 5:colcon.colcon_core.verb:set package 'a5_simulator' build argument 'catkin_skip_building_tests' from command line to 'False'
[0.641s] DEBUG:colcon.colcon_core.verb:Building package 'a5_simulator' with the following arguments: {'ament_cmake_args': None, 'build_base': '/home/maddy/canopen_test/build/a5_simulator', 'catkin_cmake_args': None, 'catkin_skip_building_tests': False, 'cmake_args': None, 'cmake_clean_cache': False, 'cmake_clean_first': False, 'cmake_force_configure': False, 'cmake_target': None, 'cmake_target_skip_unavailable': False, 'install_base': '/home/maddy/canopen_test/install/a5_simulator', 'merge_install': False, 'path': '/home/maddy/canopen_test/a5_simulator/a5_simulator', 'symlink_install': False, 'test_result_base': None}
[0.641s] INFO:colcon.colcon_core.executor:Executing jobs using 'parallel' executor
[0.643s] DEBUG:colcon.colcon_parallel_executor.executor.parallel:run_until_complete
[0.643s] INFO:colcon.colcon_ros.task.ament_python.build:Building ROS package in '/home/maddy/canopen_test/a5_simulator/a5_simulator' with build type 'ament_python'
[0.643s] Level 1:colcon.colcon_core.shell:create_environment_hook('a5_simulator', 'ament_prefix_path')
[0.647s] INFO:colcon.colcon_core.plugin_system:Skipping extension 'colcon_core.shell.bat': Not used on non-Windows systems
[0.647s] INFO:colcon.colcon_core.shell:Creating environment hook '/home/maddy/canopen_test/install/a5_simulator/share/a5_simulator/hook/ament_prefix_path.ps1'
[0.648s] INFO:colcon.colcon_core.shell:Creating environment descriptor '/home/maddy/canopen_test/install/a5_simulator/share/a5_simulator/hook/ament_prefix_path.dsv'
[0.649s] INFO:colcon.colcon_core.shell:Creating environment hook '/home/maddy/canopen_test/install/a5_simulator/share/a5_simulator/hook/ament_prefix_path.sh'
[0.650s] INFO:colcon.colcon_core.shell:Skip shell extension 'powershell' for command environment: Not usable outside of PowerShell
[0.650s] DEBUG:colcon.colcon_core.shell:Skip shell extension 'dsv' for command environment
[1.132s] INFO:colcon.colcon_core.task.python.build:Building Python package in '/home/maddy/canopen_test/a5_simulator/a5_simulator'
[1.133s] INFO:colcon.colcon_core.shell:Skip shell extension 'powershell' for command environment: Not usable outside of PowerShell
[1.133s] DEBUG:colcon.colcon_core.shell:Skip shell extension 'dsv' for command environment
[1.733s] DEBUG:colcon.colcon_core.event_handler.log_command:Invoking command in '/home/maddy/canopen_test/a5_simulator/a5_simulator': AMENT_PREFIX_PATH=/home/maddy/canopen_test/install/iris_interfaces:${AMENT_PREFIX_PATH} CMAKE_PREFIX_PATH=/home/maddy/canopen_test/install/iris_interfaces LD_LIBRARY_PATH=/home/maddy/canopen_test/install/iris_interfaces/lib:${LD_LIBRARY_PATH} PYTHONPATH=/home/maddy/canopen_test/build/a5_simulator/prefix_override:/usr/lib/python3/dist-packages/colcon_core/task/python/colcon_distutils_commands:/home/maddy/canopen_test/install/a5_simulator/lib/python3.10/site-packages:/home/maddy/canopen_test/install/iris_interfaces/local/lib/python3.10/dist-packages:${PYTHONPATH} /usr/bin/python3 -W ignore:setup.py install is deprecated -W ignore:easy_install command is deprecated setup.py egg_info --egg-base ../../build/a5_simulator build --build-base /home/maddy/canopen_test/build/a5_simulator/build install --record /home/maddy/canopen_test/build/a5_simulator/install.log --single-version-externally-managed install_data
[22.558s] DEBUG:colcon.colcon_core.event_handler.log_command:Invoked command in '/home/maddy/canopen_test/a5_simulator/a5_simulator' returned '0': AMENT_PREFIX_PATH=/home/maddy/canopen_test/install/iris_interfaces:${AMENT_PREFIX_PATH} CMAKE_PREFIX_PATH=/home/maddy/canopen_test/install/iris_interfaces LD_LIBRARY_PATH=/home/maddy/canopen_test/install/iris_interfaces/lib:${LD_LIBRARY_PATH} PYTHONPATH=/home/maddy/canopen_test/build/a5_simulator/prefix_override:/usr/lib/python3/dist-packages/colcon_core/task/python/colcon_distutils_commands:/home/maddy/canopen_test/install/a5_simulator/lib/python3.10/site-packages:/home/maddy/canopen_test/install/iris_interfaces/local/lib/python3.10/dist-packages:${PYTHONPATH} /usr/bin/python3 -W ignore:setup.py install is deprecated -W ignore:easy_install command is deprecated setup.py egg_info --egg-base ../../build/a5_simulator build --build-base /home/maddy/canopen_test/build/a5_simulator/build install --record /home/maddy/canopen_test/build/a5_simulator/install.log --single-version-externally-managed install_data
[22.569s] Level 1:colcon.colcon_core.environment:checking '/home/maddy/canopen_test/install/a5_simulator' for CMake module files
[22.569s] Level 1:colcon.colcon_core.environment:checking '/home/maddy/canopen_test/install/a5_simulator' for CMake config files
[22.570s] Level 1:colcon.colcon_core.environment:checking '/home/maddy/canopen_test/install/a5_simulator/lib'
[22.570s] Level 1:colcon.colcon_core.environment:checking '/home/maddy/canopen_test/install/a5_simulator/bin'
[22.571s] Level 1:colcon.colcon_core.environment:checking '/home/maddy/canopen_test/install/a5_simulator/lib/pkgconfig/a5_simulator.pc'
[22.571s] Level 1:colcon.colcon_core.environment:checking '/home/maddy/canopen_test/install/a5_simulator/lib/python3.10/site-packages'
[22.571s] Level 1:colcon.colcon_core.shell:create_environment_hook('a5_simulator', 'pythonpath')
[22.571s] INFO:colcon.colcon_core.shell:Creating environment hook '/home/maddy/canopen_test/install/a5_simulator/share/a5_simulator/hook/pythonpath.ps1'
[22.572s] INFO:colcon.colcon_core.shell:Creating environment descriptor '/home/maddy/canopen_test/install/a5_simulator/share/a5_simulator/hook/pythonpath.dsv'
[22.572s] INFO:colcon.colcon_core.shell:Creating environment hook '/home/maddy/canopen_test/install/a5_simulator/share/a5_simulator/hook/pythonpath.sh'
[22.573s] Level 1:colcon.colcon_core.environment:checking '/home/maddy/canopen_test/install/a5_simulator/bin'
[22.573s] Level 1:colcon.colcon_core.environment:create_environment_scripts_only(a5_simulator)
[22.574s] INFO:colcon.colcon_core.shell:Creating package script '/home/maddy/canopen_test/install/a5_simulator/share/a5_simulator/package.ps1'
[22.575s] INFO:colcon.colcon_core.shell:Creating package descriptor '/home/maddy/canopen_test/install/a5_simulator/share/a5_simulator/package.dsv'
[22.576s] INFO:colcon.colcon_core.shell:Creating package script '/home/maddy/canopen_test/install/a5_simulator/share/a5_simulator/package.sh'
[22.578s] INFO:colcon.colcon_core.shell:Creating package script '/home/maddy/canopen_test/install/a5_simulator/share/a5_simulator/package.bash'
[22.579s] INFO:colcon.colcon_core.shell:Creating package script '/home/maddy/canopen_test/install/a5_simulator/share/a5_simulator/package.zsh'
[22.582s] Level 1:colcon.colcon_core.environment:create_file_with_runtime_dependencies(/home/maddy/canopen_test/install/a5_simulator/share/colcon-core/packages/a5_simulator)
[22.583s] DEBUG:colcon.colcon_parallel_executor.executor.parallel:closing loop
[22.583s] DEBUG:colcon.colcon_parallel_executor.executor.parallel:loop closed
[22.583s] DEBUG:colcon.colcon_parallel_executor.executor.parallel:run_until_complete finished with '0'
[22.583s] DEBUG:colcon.colcon_core.event_reactor:joining thread
[2.222s] INFO:colcon.colcon_core.plugin_system:Skipping extension 'colcon_notification.desktop_notification.notify_send': Could not find 'notify-send'
[2.222s] INFO:colcon.colcon_core.plugin_system:Skipping extension 'colcon_notification.desktop_notification.terminal_notifier': Not used on non-Darwin systems
[2.222s] INFO:colcon.colcon_core.plugin_system:Skipping extension 'colcon_notification.desktop_notification.win32': Not used on non-Windows systems
[2.222s] INFO:colcon.colcon_notification.desktop_notification:Sending desktop notification using 'notify2'
[2.222s] DEBUG:colcon.colcon_notification.desktop_notification.notify2:Failed to initialize notify2: org.freedesktop.DBus.Error.FileNotFound: Failed to connect to socket /run/user/1000/bus: No such file or directory
[2.222s] DEBUG:colcon.colcon_core.event_reactor:joined thread
[2.223s] INFO:colcon.colcon_core.shell:Creating prefix script '/home/maddy/canopen_test/install/local_setup.ps1'
[2.224s] INFO:colcon.colcon_core.shell:Creating prefix util module '/home/maddy/canopen_test/install/_local_setup_util_ps1.py'
[2.226s] INFO:colcon.colcon_core.shell:Creating prefix chain script '/home/maddy/canopen_test/install/setup.ps1'
[2.227s] INFO:colcon.colcon_core.shell:Creating prefix script '/home/maddy/canopen_test/install/local_setup.sh'
[2.228s] INFO:colcon.colcon_core.shell:Creating prefix util module '/home/maddy/canopen_test/install/_local_setup_util_sh.py'
[2.229s] INFO:colcon.colcon_core.shell:Creating prefix chain script '/home/maddy/canopen_test/install/setup.sh'
[2.230s] INFO:colcon.colcon_core.shell:Creating prefix script '/home/maddy/canopen_test/install/local_setup.bash'
[2.231s] INFO:colcon.colcon_core.shell:Creating prefix chain script '/home/maddy/canopen_test/install/setup.bash'
[2.232s] INFO:colcon.colcon_core.shell:Creating prefix script '/home/maddy/canopen_test/install/local_setup.zsh'
[2.233s] INFO:colcon.colcon_core.shell:Creating prefix chain script '/home/maddy/canopen_test/install/setup.zsh'
