[1.100s] Invoking command in '/home/maddy/canopen_test/build/a5_control': PYTHONPATH=/home/maddy/canopen_test/build/a5_control/prefix_override:/usr/lib/python3/dist-packages/colcon_core/task/python/colcon_distutils_commands:/home/maddy/canopen_test/install/a5_control/lib/python3.10/site-packages:${PYTHONPATH} /usr/bin/python3 -W ignore:setup.py install is deprecated -W ignore:easy_install command is deprecated setup.py develop --uninstall --editable --build-directory /home/maddy/canopen_test/build/a5_control/build
[1.457s] running develop
[1.725s] Removing /home/maddy/canopen_test/install/a5_control/lib/python3.10/site-packages/a5-control.egg-link (link to .)
[1.760s] Invoked command in '/home/maddy/canopen_test/build/a5_control' returned '0': PYTHONPATH=/home/maddy/canopen_test/build/a5_control/prefix_override:/usr/lib/python3/dist-packages/colcon_core/task/python/colcon_distutils_commands:/home/maddy/canopen_test/install/a5_control/lib/python3.10/site-packages:${PYTHONPATH} /usr/bin/python3 -W ignore:setup.py install is deprecated -W ignore:easy_install command is deprecated setup.py develop --uninstall --editable --build-directory /home/maddy/canopen_test/build/a5_control/build
[1.762s] Invoking command in '/home/maddy/canopen_test/a5_control': PYTHONPATH=/home/maddy/canopen_test/build/a5_control/prefix_override:/usr/lib/python3/dist-packages/colcon_core/task/python/colcon_distutils_commands:/home/maddy/canopen_test/install/a5_control/lib/python3.10/site-packages:${PYTHONPATH} /usr/bin/python3 -W ignore:setup.py install is deprecated -W ignore:easy_install command is deprecated setup.py egg_info --egg-base ../build/a5_control build --build-base /home/maddy/canopen_test/build/a5_control/build install --record /home/maddy/canopen_test/build/a5_control/install.log --single-version-externally-managed install_data --force
[2.099s] running egg_info
[2.099s] writing ../build/a5_control/a5_control.egg-info/PKG-INFO
[2.100s] writing dependency_links to ../build/a5_control/a5_control.egg-info/dependency_links.txt
[2.100s] writing entry points to ../build/a5_control/a5_control.egg-info/entry_points.txt
[2.100s] writing requirements to ../build/a5_control/a5_control.egg-info/requires.txt
[2.101s] writing top-level names to ../build/a5_control/a5_control.egg-info/top_level.txt
[2.102s] reading manifest file '../build/a5_control/a5_control.egg-info/SOURCES.txt'
[2.103s] writing manifest file '../build/a5_control/a5_control.egg-info/SOURCES.txt'
[2.104s] running build
[2.104s] running build_py
[2.104s] copying a5_control/a5_control.py -> /home/maddy/canopen_test/build/a5_control/build/lib/a5_control
[2.104s] running install
[2.105s] running install_lib
[2.105s] creating /home/maddy/canopen_test/install/a5_control/lib/python3.10/site-packages/a5_control
[2.106s] copying /home/maddy/canopen_test/build/a5_control/build/lib/a5_control/__init__.py -> /home/maddy/canopen_test/install/a5_control/lib/python3.10/site-packages/a5_control
[2.106s] copying /home/maddy/canopen_test/build/a5_control/build/lib/a5_control/a5_control.py -> /home/maddy/canopen_test/install/a5_control/lib/python3.10/site-packages/a5_control
[2.107s] byte-compiling /home/maddy/canopen_test/install/a5_control/lib/python3.10/site-packages/a5_control/__init__.py to __init__.cpython-310.pyc
[2.107s] byte-compiling /home/maddy/canopen_test/install/a5_control/lib/python3.10/site-packages/a5_control/a5_control.py to a5_control.cpython-310.pyc
[2.109s] running install_data
[2.109s] copying resource/a5_control -> /home/maddy/canopen_test/install/a5_control/share/ament_index/resource_index/packages
[2.110s] copying package.xml -> /home/maddy/canopen_test/install/a5_control/share/a5_control
[2.110s] copying scripts/can_init.sh -> /home/maddy/canopen_test/install/a5_control/share/a5_control/scripts
[2.110s] running install_egg_info
[2.112s] Copying ../build/a5_control/a5_control.egg-info to /home/maddy/canopen_test/install/a5_control/lib/python3.10/site-packages/a5_control-0.0.0-py3.10.egg-info
[2.114s] running install_scripts
[2.139s] Installing a5_control_exe script to /home/maddy/canopen_test/install/a5_control/lib/a5_control
[2.139s] writing list of installed files to '/home/maddy/canopen_test/build/a5_control/install.log'
[2.168s] Invoked command in '/home/maddy/canopen_test/a5_control' returned '0': PYTHONPATH=/home/maddy/canopen_test/build/a5_control/prefix_override:/usr/lib/python3/dist-packages/colcon_core/task/python/colcon_distutils_commands:/home/maddy/canopen_test/install/a5_control/lib/python3.10/site-packages:${PYTHONPATH} /usr/bin/python3 -W ignore:setup.py install is deprecated -W ignore:easy_install command is deprecated setup.py egg_info --egg-base ../build/a5_control build --build-base /home/maddy/canopen_test/build/a5_control/build install --record /home/maddy/canopen_test/build/a5_control/install.log --single-version-externally-managed install_data --force
