[0.279s] DEBUG:colcon:Command line arguments: ['/usr/bin/colcon', 'build', '--packages-select', 'a5_control', '--symlink-install']
[0.279s] DEBUG:colcon:Parsed command line arguments: Namespace(log_base=None, log_level=None, verb_name='build', build_base='build', install_base='install', merge_install=False, symlink_install=True, test_result_base=None, continue_on_error=False, executor='parallel', parallel_workers=8, event_handlers=None, ignore_user_meta=False, metas=['./colcon.meta'], base_paths=['.'], packages_ignore=None, packages_ignore_regex=None, paths=None, packages_up_to=None, packages_up_to_regex=None, packages_above=None, packages_above_and_dependencies=None, packages_above_depth=None, packages_select_by_dep=None, packages_skip_by_dep=None, packages_skip_up_to=None, packages_select_build_failed=False, packages_skip_build_finished=False, packages_select_test_failures=False, packages_skip_test_passed=False, packages_select=['a5_control'], packages_skip=None, packages_select_regex=None, packages_skip_regex=None, packages_start=None, packages_end=None, allow_overriding=[], cmake_args=None, cmake_target=None, cmake_target_skip_unavailable=False, cmake_clean_cache=False, cmake_clean_first=False, cmake_force_configure=False, ament_cmake_args=None, catkin_cmake_args=None, catkin_skip_building_tests=False, verb_parser=<colcon_defaults.argument_parser.defaults.DefaultArgumentsDecorator object at 0x717144024e80>, verb_extension=<colcon_core.verb.build.BuildVerb object at 0x71714413a8f0>, main=<bound method BuildVerb.main of <colcon_core.verb.build.BuildVerb object at 0x71714413a8f0>>)
[0.573s] Level 1:colcon.colcon_core.package_discovery:discover_packages(colcon_meta) check parameters
[0.573s] Level 1:colcon.colcon_core.package_discovery:discover_packages(recursive) check parameters
[0.573s] Level 1:colcon.colcon_core.package_discovery:discover_packages(ignore) check parameters
[0.573s] Level 1:colcon.colcon_core.package_discovery:discover_packages(path) check parameters
[0.573s] Level 1:colcon.colcon_core.package_discovery:discover_packages(colcon_meta) discover
[0.573s] Level 1:colcon.colcon_core.package_discovery:discover_packages(recursive) discover
[0.573s] INFO:colcon.colcon_core.package_discovery:Crawling recursively for packages in '/home/maddy/canopen_test'
[0.573s] Level 1:colcon.colcon_core.package_identification:_identify(.) by extensions ['ignore', 'ignore_ament_install']
[0.574s] Level 1:colcon.colcon_core.package_identification:_identify(.) by extension 'ignore'
[0.574s] Level 1:colcon.colcon_core.package_identification:_identify(.) by extension 'ignore_ament_install'
[0.574s] Level 1:colcon.colcon_core.package_identification:_identify(.) by extensions ['colcon_pkg']
[0.574s] Level 1:colcon.colcon_core.package_identification:_identify(.) by extension 'colcon_pkg'
[0.574s] Level 1:colcon.colcon_core.package_identification:_identify(.) by extensions ['colcon_meta']
[0.574s] Level 1:colcon.colcon_core.package_identification:_identify(.) by extension 'colcon_meta'
[0.574s] Level 1:colcon.colcon_core.package_identification:_identify(.) by extensions ['ros']
[0.574s] Level 1:colcon.colcon_core.package_identification:_identify(.) by extension 'ros'
[0.590s] Level 1:colcon.colcon_core.package_identification:_identify(.) by extensions ['cmake', 'python']
[0.590s] Level 1:colcon.colcon_core.package_identification:_identify(.) by extension 'cmake'
[0.590s] Level 1:colcon.colcon_core.package_identification:_identify(.) by extension 'python'
[0.590s] Level 1:colcon.colcon_core.package_identification:_identify(.) by extensions ['python_setup_py']
[0.590s] Level 1:colcon.colcon_core.package_identification:_identify(.) by extension 'python_setup_py'
[0.590s] Level 1:colcon.colcon_core.package_identification:_identify(a5_control) by extensions ['ignore', 'ignore_ament_install']
[0.591s] Level 1:colcon.colcon_core.package_identification:_identify(a5_control) by extension 'ignore'
[0.591s] Level 1:colcon.colcon_core.package_identification:_identify(a5_control) by extension 'ignore_ament_install'
[0.591s] Level 1:colcon.colcon_core.package_identification:_identify(a5_control) by extensions ['colcon_pkg']
[0.591s] Level 1:colcon.colcon_core.package_identification:_identify(a5_control) by extension 'colcon_pkg'
[0.591s] Level 1:colcon.colcon_core.package_identification:_identify(a5_control) by extensions ['colcon_meta']
[0.591s] Level 1:colcon.colcon_core.package_identification:_identify(a5_control) by extension 'colcon_meta'
[0.591s] Level 1:colcon.colcon_core.package_identification:_identify(a5_control) by extensions ['ros']
[0.591s] Level 1:colcon.colcon_core.package_identification:_identify(a5_control) by extension 'ros'
[0.594s] DEBUG:colcon.colcon_core.package_identification:Package 'a5_control' with type 'ros.ament_python' and name 'a5_control'
[0.594s] Level 1:colcon.colcon_core.package_identification:_identify(build) by extensions ['ignore', 'ignore_ament_install']
[0.594s] Level 1:colcon.colcon_core.package_identification:_identify(build) by extension 'ignore'
[0.594s] Level 1:colcon.colcon_core.package_identification:_identify(build) ignored
[0.595s] Level 1:colcon.colcon_core.package_identification:_identify(install) by extensions ['ignore', 'ignore_ament_install']
[0.595s] Level 1:colcon.colcon_core.package_identification:_identify(install) by extension 'ignore'
[0.595s] Level 1:colcon.colcon_core.package_identification:_identify(install) ignored
[0.595s] Level 1:colcon.colcon_core.package_identification:_identify(iris_interfaces) by extensions ['ignore', 'ignore_ament_install']
[0.595s] Level 1:colcon.colcon_core.package_identification:_identify(iris_interfaces) by extension 'ignore'
[0.595s] Level 1:colcon.colcon_core.package_identification:_identify(iris_interfaces) by extension 'ignore_ament_install'
[0.595s] Level 1:colcon.colcon_core.package_identification:_identify(iris_interfaces) by extensions ['colcon_pkg']
[0.595s] Level 1:colcon.colcon_core.package_identification:_identify(iris_interfaces) by extension 'colcon_pkg'
[0.596s] Level 1:colcon.colcon_core.package_identification:_identify(iris_interfaces) by extensions ['colcon_meta']
[0.596s] Level 1:colcon.colcon_core.package_identification:_identify(iris_interfaces) by extension 'colcon_meta'
[0.596s] Level 1:colcon.colcon_core.package_identification:_identify(iris_interfaces) by extensions ['ros']
[0.596s] Level 1:colcon.colcon_core.package_identification:_identify(iris_interfaces) by extension 'ros'
[0.597s] DEBUG:colcon.colcon_core.package_identification:Package 'iris_interfaces' with type 'ros.ament_cmake' and name 'iris_interfaces'
[0.597s] Level 1:colcon.colcon_core.package_identification:_identify(log) by extensions ['ignore', 'ignore_ament_install']
[0.597s] Level 1:colcon.colcon_core.package_identification:_identify(log) by extension 'ignore'
[0.598s] Level 1:colcon.colcon_core.package_identification:_identify(log) ignored
[0.598s] Level 1:colcon.colcon_core.package_discovery:discover_packages(recursive) using defaults
[0.598s] Level 1:colcon.colcon_core.package_discovery:discover_packages(ignore) discover
[0.598s] Level 1:colcon.colcon_core.package_discovery:discover_packages(ignore) using defaults
[0.598s] Level 1:colcon.colcon_core.package_discovery:discover_packages(path) discover
[0.598s] Level 1:colcon.colcon_core.package_discovery:discover_packages(path) using defaults
[0.638s] INFO:colcon.colcon_core.package_selection:Skipping not selected package 'iris_interfaces' in 'iris_interfaces'
[0.638s] Level 1:colcon.colcon_core.package_discovery:discover_packages(prefix_path) check parameters
[0.638s] Level 1:colcon.colcon_core.package_discovery:discover_packages(prefix_path) discover
[0.641s] DEBUG:colcon.colcon_installed_package_information.package_discovery:Found 2 installed packages in /home/maddy/canopen_test/install
[0.644s] DEBUG:colcon.colcon_installed_package_information.package_discovery:Found 344 installed packages in /opt/ros/humble
[0.647s] Level 1:colcon.colcon_core.package_discovery:discover_packages(prefix_path) using defaults
[0.719s] Level 5:colcon.colcon_core.verb:set package 'a5_control' build argument 'cmake_args' from command line to 'None'
[0.719s] Level 5:colcon.colcon_core.verb:set package 'a5_control' build argument 'cmake_target' from command line to 'None'
[0.719s] Level 5:colcon.colcon_core.verb:set package 'a5_control' build argument 'cmake_target_skip_unavailable' from command line to 'False'
[0.719s] Level 5:colcon.colcon_core.verb:set package 'a5_control' build argument 'cmake_clean_cache' from command line to 'False'
[0.719s] Level 5:colcon.colcon_core.verb:set package 'a5_control' build argument 'cmake_clean_first' from command line to 'False'
[0.719s] Level 5:colcon.colcon_core.verb:set package 'a5_control' build argument 'cmake_force_configure' from command line to 'False'
[0.719s] Level 5:colcon.colcon_core.verb:set package 'a5_control' build argument 'ament_cmake_args' from command line to 'None'
[0.719s] Level 5:colcon.colcon_core.verb:set package 'a5_control' build argument 'catkin_cmake_args' from command line to 'None'
[0.719s] Level 5:colcon.colcon_core.verb:set package 'a5_control' build argument 'catkin_skip_building_tests' from command line to 'False'
[0.719s] DEBUG:colcon.colcon_core.verb:Building package 'a5_control' with the following arguments: {'ament_cmake_args': None, 'build_base': '/home/maddy/canopen_test/build/a5_control', 'catkin_cmake_args': None, 'catkin_skip_building_tests': False, 'cmake_args': None, 'cmake_clean_cache': False, 'cmake_clean_first': False, 'cmake_force_configure': False, 'cmake_target': None, 'cmake_target_skip_unavailable': False, 'install_base': '/home/maddy/canopen_test/install/a5_control', 'merge_install': False, 'path': '/home/maddy/canopen_test/a5_control', 'symlink_install': True, 'test_result_base': None}
[0.720s] INFO:colcon.colcon_core.executor:Executing jobs using 'parallel' executor
[0.721s] DEBUG:colcon.colcon_parallel_executor.executor.parallel:run_until_complete
[0.722s] INFO:colcon.colcon_ros.task.ament_python.build:Building ROS package in '/home/maddy/canopen_test/a5_control' with build type 'ament_python'
[0.722s] Level 1:colcon.colcon_core.shell:create_environment_hook('a5_control', 'ament_prefix_path')
[0.726s] INFO:colcon.colcon_core.plugin_system:Skipping extension 'colcon_core.shell.bat': Not used on non-Windows systems
[0.726s] INFO:colcon.colcon_core.shell:Creating environment hook '/home/maddy/canopen_test/install/a5_control/share/a5_control/hook/ament_prefix_path.ps1'
[0.727s] INFO:colcon.colcon_core.shell:Creating environment descriptor '/home/maddy/canopen_test/install/a5_control/share/a5_control/hook/ament_prefix_path.dsv'
[0.728s] INFO:colcon.colcon_core.shell:Creating environment hook '/home/maddy/canopen_test/install/a5_control/share/a5_control/hook/ament_prefix_path.sh'
[0.730s] INFO:colcon.colcon_core.shell:Skip shell extension 'powershell' for command environment: Not usable outside of PowerShell
[0.730s] DEBUG:colcon.colcon_core.shell:Skip shell extension 'dsv' for command environment
[1.278s] INFO:colcon.colcon_core.task.python.build:Building Python package in '/home/maddy/canopen_test/a5_control'
[1.278s] INFO:colcon.colcon_core.shell:Skip shell extension 'powershell' for command environment: Not usable outside of PowerShell
[1.278s] DEBUG:colcon.colcon_core.shell:Skip shell extension 'dsv' for command environment
[1.917s] DEBUG:colcon.colcon_core.task.python.build:While undoing a previous installation files outside the Python library path are being ignored: /home/maddy/canopen_test/install/a5_control/share/ament_index/resource_index/packages/a5_control
[1.917s] DEBUG:colcon.colcon_core.task.python.build:While undoing a previous installation files outside the Python library path are being ignored: /home/maddy/canopen_test/install/a5_control/share/a5_control/package.xml
[1.917s] DEBUG:colcon.colcon_core.task.python.build:While undoing a previous installation files outside the Python library path are being ignored: /home/maddy/canopen_test/install/a5_control/share/a5_control/scripts/can_init.sh
[1.917s] DEBUG:colcon.colcon_core.task.python.build:While undoing a previous installation files outside the Python library path are being ignored: /home/maddy/canopen_test/install/a5_control/share/a5_control/config
[1.918s] DEBUG:colcon.colcon_core.task.python.build:While undoing a previous installation files outside the Python library path are being ignored: /home/maddy/canopen_test/install/a5_control/lib/a5_control/a5_control_exe
[1.921s] DEBUG:colcon.colcon_core.event_handler.log_command:Invoking command in '/home/maddy/canopen_test/build/a5_control': PYTHONPATH=/home/maddy/canopen_test/build/a5_control/prefix_override:/usr/lib/python3/dist-packages/colcon_core/task/python/colcon_distutils_commands:/home/maddy/canopen_test/install/a5_control/lib/python3.10/site-packages:${PYTHONPATH} /usr/bin/python3 -W ignore:setup.py install is deprecated -W ignore:easy_install command is deprecated setup.py develop --editable --build-directory /home/maddy/canopen_test/build/a5_control/build --no-deps symlink_data --force
[2.623s] Level 1:colcon.colcon_core.shell:create_environment_hook('a5_control', 'pythonpath_develop')
[2.624s] INFO:colcon.colcon_core.shell:Creating environment hook '/home/maddy/canopen_test/build/a5_control/share/a5_control/hook/pythonpath_develop.ps1'
[2.625s] DEBUG:colcon.colcon_core.event_handler.log_command:Invoked command in '/home/maddy/canopen_test/build/a5_control' returned '0': PYTHONPATH=/home/maddy/canopen_test/build/a5_control/prefix_override:/usr/lib/python3/dist-packages/colcon_core/task/python/colcon_distutils_commands:/home/maddy/canopen_test/install/a5_control/lib/python3.10/site-packages:${PYTHONPATH} /usr/bin/python3 -W ignore:setup.py install is deprecated -W ignore:easy_install command is deprecated setup.py develop --editable --build-directory /home/maddy/canopen_test/build/a5_control/build --no-deps symlink_data --force
[2.626s] INFO:colcon.colcon_core.shell:Creating environment descriptor '/home/maddy/canopen_test/build/a5_control/share/a5_control/hook/pythonpath_develop.dsv'
[2.627s] INFO:colcon.colcon_core.shell:Creating environment hook '/home/maddy/canopen_test/build/a5_control/share/a5_control/hook/pythonpath_develop.sh'
[2.630s] Level 1:colcon.colcon_core.environment:checking '/home/maddy/canopen_test/install/a5_control' for CMake module files
[2.631s] Level 1:colcon.colcon_core.environment:checking '/home/maddy/canopen_test/install/a5_control' for CMake config files
[2.632s] Level 1:colcon.colcon_core.environment:checking '/home/maddy/canopen_test/install/a5_control/lib'
[2.633s] Level 1:colcon.colcon_core.environment:checking '/home/maddy/canopen_test/install/a5_control/bin'
[2.633s] Level 1:colcon.colcon_core.environment:checking '/home/maddy/canopen_test/install/a5_control/lib/pkgconfig/a5_control.pc'
[2.633s] Level 1:colcon.colcon_core.environment:checking '/home/maddy/canopen_test/install/a5_control/lib/python3.10/site-packages'
[2.633s] Level 1:colcon.colcon_core.shell:create_environment_hook('a5_control', 'pythonpath')
[2.634s] INFO:colcon.colcon_core.shell:Creating environment hook '/home/maddy/canopen_test/install/a5_control/share/a5_control/hook/pythonpath.ps1'
[2.634s] INFO:colcon.colcon_core.shell:Creating environment descriptor '/home/maddy/canopen_test/install/a5_control/share/a5_control/hook/pythonpath.dsv'
[2.635s] INFO:colcon.colcon_core.shell:Creating environment hook '/home/maddy/canopen_test/install/a5_control/share/a5_control/hook/pythonpath.sh'
[2.636s] Level 1:colcon.colcon_core.environment:checking '/home/maddy/canopen_test/install/a5_control/bin'
[2.636s] Level 1:colcon.colcon_core.environment:create_environment_scripts_only(a5_control)
[2.637s] INFO:colcon.colcon_core.shell:Creating package script '/home/maddy/canopen_test/install/a5_control/share/a5_control/package.ps1'
[2.639s] INFO:colcon.colcon_core.shell:Creating package descriptor '/home/maddy/canopen_test/install/a5_control/share/a5_control/package.dsv'
[2.640s] INFO:colcon.colcon_core.shell:Creating package script '/home/maddy/canopen_test/install/a5_control/share/a5_control/package.sh'
[2.641s] INFO:colcon.colcon_core.shell:Creating package script '/home/maddy/canopen_test/install/a5_control/share/a5_control/package.bash'
[2.642s] INFO:colcon.colcon_core.shell:Creating package script '/home/maddy/canopen_test/install/a5_control/share/a5_control/package.zsh'
[2.643s] Level 1:colcon.colcon_core.environment:create_file_with_runtime_dependencies(/home/maddy/canopen_test/install/a5_control/share/colcon-core/packages/a5_control)
[2.643s] DEBUG:colcon.colcon_parallel_executor.executor.parallel:closing loop
[2.644s] DEBUG:colcon.colcon_parallel_executor.executor.parallel:loop closed
[2.644s] DEBUG:colcon.colcon_parallel_executor.executor.parallel:run_until_complete finished with '0'
[2.644s] DEBUG:colcon.colcon_core.event_reactor:joining thread
[2.716s] INFO:colcon.colcon_core.plugin_system:Skipping extension 'colcon_notification.desktop_notification.notify_send': Could not find 'notify-send'
[2.716s] INFO:colcon.colcon_core.plugin_system:Skipping extension 'colcon_notification.desktop_notification.terminal_notifier': Not used on non-Darwin systems
[2.716s] INFO:colcon.colcon_core.plugin_system:Skipping extension 'colcon_notification.desktop_notification.win32': Not used on non-Windows systems
[2.716s] INFO:colcon.colcon_notification.desktop_notification:Sending desktop notification using 'notify2'
[2.716s] DEBUG:colcon.colcon_notification.desktop_notification.notify2:Failed to initialize notify2: org.freedesktop.DBus.Error.FileNotFound: Failed to connect to socket /run/user/1000/bus: No such file or directory
[2.717s] DEBUG:colcon.colcon_core.event_reactor:joined thread
[2.717s] INFO:colcon.colcon_core.shell:Creating prefix script '/home/maddy/canopen_test/install/local_setup.ps1'
[2.718s] INFO:colcon.colcon_core.shell:Creating prefix util module '/home/maddy/canopen_test/install/_local_setup_util_ps1.py'
[2.720s] INFO:colcon.colcon_core.shell:Creating prefix chain script '/home/maddy/canopen_test/install/setup.ps1'
[2.722s] INFO:colcon.colcon_core.shell:Creating prefix script '/home/maddy/canopen_test/install/local_setup.sh'
[2.723s] INFO:colcon.colcon_core.shell:Creating prefix util module '/home/maddy/canopen_test/install/_local_setup_util_sh.py'
[2.723s] INFO:colcon.colcon_core.shell:Creating prefix chain script '/home/maddy/canopen_test/install/setup.sh'
[2.725s] INFO:colcon.colcon_core.shell:Creating prefix script '/home/maddy/canopen_test/install/local_setup.bash'
[2.726s] INFO:colcon.colcon_core.shell:Creating prefix chain script '/home/maddy/canopen_test/install/setup.bash'
[2.727s] INFO:colcon.colcon_core.shell:Creating prefix script '/home/maddy/canopen_test/install/local_setup.zsh'
[2.728s] INFO:colcon.colcon_core.shell:Creating prefix chain script '/home/maddy/canopen_test/install/setup.zsh'
