[0.688s] Invoking command in '/home/maddy/canopen_test/build/motor_control': LD_LIBRARY_PATH=/home/maddy/canopen_test/install/iris_interfaces/lib:/opt/ros/humble/opt/rviz_ogre_vendor/lib:/opt/ros/humble/lib/x86_64-linux-gnu:/opt/ros/humble/lib PYTHONPATH=/home/maddy/canopen_test/build/motor_control/prefix_override:/usr/lib/python3/dist-packages/colcon_core/task/python/colcon_distutils_commands:/home/maddy/canopen_test/install/motor_control/lib/python3.10/site-packages:${PYTHONPATH} /usr/bin/python3 -W ignore:setup.py install is deprecated -W ignore:easy_install command is deprecated setup.py develop --editable --build-directory /home/maddy/canopen_test/build/motor_control/build --no-deps symlink_data
[0.838s] running develop
[0.920s] running egg_info
[0.920s] creating motor_control.egg-info
[0.920s] writing motor_control.egg-info/PKG-INFO
[0.920s] writing dependency_links to motor_control.egg-info/dependency_links.txt
[0.920s] writing entry points to motor_control.egg-info/entry_points.txt
[0.920s] writing requirements to motor_control.egg-info/requires.txt
[0.920s] writing top-level names to motor_control.egg-info/top_level.txt
[0.920s] writing manifest file 'motor_control.egg-info/SOURCES.txt'
[0.921s] reading manifest file 'motor_control.egg-info/SOURCES.txt'
[0.921s] writing manifest file 'motor_control.egg-info/SOURCES.txt'
[0.923s] running build_ext
[0.923s] Creating /home/maddy/canopen_test/install/motor_control/lib/python3.10/site-packages/motor-control.egg-link (link to .)
[0.923s] Installing motor_control_node script to /home/maddy/canopen_test/install/motor_control/lib/motor_control
[0.923s] 
[0.923s] Installed /home/maddy/canopen_test/build/motor_control
[0.923s] running symlink_data
[0.923s] creating /home/maddy/canopen_test/install/motor_control/share/ament_index
[0.924s] creating /home/maddy/canopen_test/install/motor_control/share/ament_index/resource_index
[0.924s] creating /home/maddy/canopen_test/install/motor_control/share/ament_index/resource_index/packages
[0.924s] symbolically linking /home/maddy/canopen_test/build/motor_control/resource/motor_control -> /home/maddy/canopen_test/install/motor_control/share/ament_index/resource_index/packages
[0.924s] symbolically linking /home/maddy/canopen_test/build/motor_control/package.xml -> /home/maddy/canopen_test/install/motor_control/share/motor_control
[0.943s] Invoked command in '/home/maddy/canopen_test/build/motor_control' returned '0': LD_LIBRARY_PATH=/home/maddy/canopen_test/install/iris_interfaces/lib:/opt/ros/humble/opt/rviz_ogre_vendor/lib:/opt/ros/humble/lib/x86_64-linux-gnu:/opt/ros/humble/lib PYTHONPATH=/home/maddy/canopen_test/build/motor_control/prefix_override:/usr/lib/python3/dist-packages/colcon_core/task/python/colcon_distutils_commands:/home/maddy/canopen_test/install/motor_control/lib/python3.10/site-packages:${PYTHONPATH} /usr/bin/python3 -W ignore:setup.py install is deprecated -W ignore:easy_install command is deprecated setup.py develop --editable --build-directory /home/maddy/canopen_test/build/motor_control/build --no-deps symlink_data
