[1.355s] Invoking command in '/home/maddy/canopen_test/a5_control': AMENT_PREFIX_PATH=/home/maddy/canopen_test/install/iris_interfaces:${AMENT_PREFIX_PATH} CMAKE_PREFIX_PATH=/home/maddy/canopen_test/install/iris_interfaces LD_LIBRARY_PATH=/home/maddy/canopen_test/install/iris_interfaces/lib:${LD_LIBRARY_PATH} PYTHONPATH=/home/maddy/canopen_test/build/a5_control/prefix_override:/usr/lib/python3/dist-packages/colcon_core/task/python/colcon_distutils_commands:/home/maddy/canopen_test/install/a5_control/lib/python3.10/site-packages:/home/maddy/canopen_test/install/iris_interfaces/local/lib/python3.10/dist-packages:${PYTHONPATH} /usr/bin/python3 -W ignore:setup.py install is deprecated -W ignore:easy_install command is deprecated setup.py egg_info --egg-base ../build/a5_control build --build-base /home/maddy/canopen_test/build/a5_control/build install --record /home/maddy/canopen_test/build/a5_control/install.log --single-version-externally-managed install_data
[1.734s] running egg_info
[1.736s] writing ../build/a5_control/a5_control.egg-info/PKG-INFO
[1.736s] writing dependency_links to ../build/a5_control/a5_control.egg-info/dependency_links.txt
[1.737s] writing entry points to ../build/a5_control/a5_control.egg-info/entry_points.txt
[1.737s] writing requirements to ../build/a5_control/a5_control.egg-info/requires.txt
[1.737s] writing top-level names to ../build/a5_control/a5_control.egg-info/top_level.txt
[1.743s] reading manifest file '../build/a5_control/a5_control.egg-info/SOURCES.txt'
[1.743s] writing manifest file '../build/a5_control/a5_control.egg-info/SOURCES.txt'
[1.743s] running build
[1.743s] running build_py
[1.744s] running install
[1.744s] running install_lib
[1.747s] running install_data
[1.747s] creating /home/maddy/canopen_test/install/a5_control/share/a5_control/config
[1.749s] running install_egg_info
[1.752s] removing '/home/maddy/canopen_test/install/a5_control/lib/python3.10/site-packages/a5_control-0.0.0-py3.10.egg-info' (and everything under it)
[1.753s] Copying ../build/a5_control/a5_control.egg-info to /home/maddy/canopen_test/install/a5_control/lib/python3.10/site-packages/a5_control-0.0.0-py3.10.egg-info
[1.757s] running install_scripts
[1.795s] Installing a5_control script to /home/maddy/canopen_test/install/a5_control/lib/a5_control
[1.797s] writing list of installed files to '/home/maddy/canopen_test/build/a5_control/install.log'
[1.851s] Invoked command in '/home/maddy/canopen_test/a5_control' returned '0': AMENT_PREFIX_PATH=/home/maddy/canopen_test/install/iris_interfaces:${AMENT_PREFIX_PATH} CMAKE_PREFIX_PATH=/home/maddy/canopen_test/install/iris_interfaces LD_LIBRARY_PATH=/home/maddy/canopen_test/install/iris_interfaces/lib:${LD_LIBRARY_PATH} PYTHONPATH=/home/maddy/canopen_test/build/a5_control/prefix_override:/usr/lib/python3/dist-packages/colcon_core/task/python/colcon_distutils_commands:/home/maddy/canopen_test/install/a5_control/lib/python3.10/site-packages:/home/maddy/canopen_test/install/iris_interfaces/local/lib/python3.10/dist-packages:${PYTHONPATH} /usr/bin/python3 -W ignore:setup.py install is deprecated -W ignore:easy_install command is deprecated setup.py egg_info --egg-base ../build/a5_control build --build-base /home/maddy/canopen_test/build/a5_control/build install --record /home/maddy/canopen_test/build/a5_control/install.log --single-version-externally-managed install_data
