[1.181s] Invoking command in '/home/maddy/canopen_test/a5_control': PYTHONPATH=/home/maddy/canopen_test/build/a5_control/prefix_override:/usr/lib/python3/dist-packages/colcon_core/task/python/colcon_distutils_commands:/home/maddy/canopen_test/install/a5_control/lib/python3.10/site-packages:${PYTHONPATH} /usr/bin/python3 -W ignore:setup.py install is deprecated -W ignore:easy_install command is deprecated setup.py egg_info --egg-base ../build/a5_control build --build-base /home/maddy/canopen_test/build/a5_control/build install --record /home/maddy/canopen_test/build/a5_control/install.log --single-version-externally-managed install_data
[1.523s] running egg_info
[1.524s] writing ../build/a5_control/a5_control.egg-info/PKG-INFO
[1.524s] writing dependency_links to ../build/a5_control/a5_control.egg-info/dependency_links.txt
[1.525s] writing entry points to ../build/a5_control/a5_control.egg-info/entry_points.txt
[1.525s] writing requirements to ../build/a5_control/a5_control.egg-info/requires.txt
[1.525s] writing top-level names to ../build/a5_control/a5_control.egg-info/top_level.txt
[1.529s] reading manifest file '../build/a5_control/a5_control.egg-info/SOURCES.txt'
[1.531s] writing manifest file '../build/a5_control/a5_control.egg-info/SOURCES.txt'
[1.531s] running build
[1.531s] running build_py
[1.532s] copying a5_control/a5_control.py -> /home/maddy/canopen_test/build/a5_control/build/lib/a5_control
[1.532s] running install
[1.533s] running install_lib
[1.534s] copying /home/maddy/canopen_test/build/a5_control/build/lib/a5_control/a5_control.py -> /home/maddy/canopen_test/install/a5_control/lib/python3.10/site-packages/a5_control
[1.535s] byte-compiling /home/maddy/canopen_test/install/a5_control/lib/python3.10/site-packages/a5_control/a5_control.py to a5_control.cpython-310.pyc
[1.537s] running install_data
[1.537s] running install_egg_info
[1.540s] removing '/home/maddy/canopen_test/install/a5_control/lib/python3.10/site-packages/a5_control-0.0.0-py3.10.egg-info' (and everything under it)
[1.540s] Copying ../build/a5_control/a5_control.egg-info to /home/maddy/canopen_test/install/a5_control/lib/python3.10/site-packages/a5_control-0.0.0-py3.10.egg-info
[1.543s] running install_scripts
[1.567s] Installing a5_control_exe script to /home/maddy/canopen_test/install/a5_control/lib/a5_control
[1.567s] writing list of installed files to '/home/maddy/canopen_test/build/a5_control/install.log'
[1.597s] Invoked command in '/home/maddy/canopen_test/a5_control' returned '0': PYTHONPATH=/home/maddy/canopen_test/build/a5_control/prefix_override:/usr/lib/python3/dist-packages/colcon_core/task/python/colcon_distutils_commands:/home/maddy/canopen_test/install/a5_control/lib/python3.10/site-packages:${PYTHONPATH} /usr/bin/python3 -W ignore:setup.py install is deprecated -W ignore:easy_install command is deprecated setup.py egg_info --egg-base ../build/a5_control build --build-base /home/maddy/canopen_test/build/a5_control/build install --record /home/maddy/canopen_test/build/a5_control/install.log --single-version-externally-managed install_data
