running develop
running egg_info
creating a5_control.egg-info
writing a5_control.egg-info/PKG-INFO
writing dependency_links to a5_control.egg-info/dependency_links.txt
writing entry points to a5_control.egg-info/entry_points.txt
writing requirements to a5_control.egg-info/requires.txt
writing top-level names to a5_control.egg-info/top_level.txt
writing manifest file 'a5_control.egg-info/SOURCES.txt'
reading manifest file 'a5_control.egg-info/SOURCES.txt'
writing manifest file 'a5_control.egg-info/SOURCES.txt'
running build_ext
Creating /home/agx/canopen_test/install/a5_control/lib/python3.10/site-packages/a5-control.egg-link (link to .)
Installing a5_control_exe script to /home/agx/canopen_test/install/a5_control/lib/a5_control

Installed /home/agx/canopen_test/build/a5_control
running symlink_data
creating /home/agx/canopen_test/install/a5_control/share/ament_index
creating /home/agx/canopen_test/install/a5_control/share/ament_index/resource_index
creating /home/agx/canopen_test/install/a5_control/share/ament_index/resource_index/packages
symbolically linking /home/agx/canopen_test/build/a5_control/resource/a5_control -> /home/agx/canopen_test/install/a5_control/share/ament_index/resource_index/packages
symbolically linking /home/agx/canopen_test/build/a5_control/package.xml -> /home/agx/canopen_test/install/a5_control/share/a5_control
creating /home/agx/canopen_test/install/a5_control/share/a5_control/scripts
symbolically linking /home/agx/canopen_test/build/a5_control/scripts/can_init.sh -> /home/agx/canopen_test/install/a5_control/share/a5_control/scripts
creating /home/agx/canopen_test/install/a5_control/share/a5_control/config
