[0.358s] Invoking command in '/home/maddy/canopen_test/motor_control': PYTHONPATH=/home/maddy/canopen_test/build/motor_control/prefix_override:/usr/lib/python3/dist-packages/colcon_core/task/python/colcon_distutils_commands:/home/maddy/canopen_test/install/motor_control/lib/python3.10/site-packages:${PYTHONPATH} /usr/bin/python3 -W ignore:setup.py install is deprecated -W ignore:easy_install command is deprecated setup.py egg_info --egg-base ../build/motor_control build --build-base /home/maddy/canopen_test/build/motor_control/build install --record /home/maddy/canopen_test/build/motor_control/install.log --install-scripts $base/lib/motor_control --single-version-externally-managed install_data
[0.487s] running egg_info
[0.487s] writing ../build/motor_control/motor_control.egg-info/PKG-INFO
[0.487s] writing dependency_links to ../build/motor_control/motor_control.egg-info/dependency_links.txt
[0.487s] writing entry points to ../build/motor_control/motor_control.egg-info/entry_points.txt
[0.487s] writing requirements to ../build/motor_control/motor_control.egg-info/requires.txt
[0.487s] writing top-level names to ../build/motor_control/motor_control.egg-info/top_level.txt
[0.489s] reading manifest file '../build/motor_control/motor_control.egg-info/SOURCES.txt'
[0.489s] writing manifest file '../build/motor_control/motor_control.egg-info/SOURCES.txt'
[0.489s] running build
[0.489s] running build_py
[0.489s] copying motor_control/iris_motor_control.py -> /home/maddy/canopen_test/build/motor_control/build/lib/motor_control
[0.489s] running install
[0.489s] running install_lib
[0.490s] copying /home/maddy/canopen_test/build/motor_control/build/lib/motor_control/iris_motor_control.py -> /home/maddy/canopen_test/install/motor_control/lib/python3.10/site-packages/motor_control
[0.490s] byte-compiling /home/maddy/canopen_test/install/motor_control/lib/python3.10/site-packages/motor_control/iris_motor_control.py to iris_motor_control.cpython-310.pyc
[0.491s] running install_data
[0.491s] running install_egg_info
[0.492s] removing '/home/maddy/canopen_test/install/motor_control/lib/python3.10/site-packages/motor_control-0.0.0-py3.10.egg-info' (and everything under it)
[0.493s] Copying ../build/motor_control/motor_control.egg-info to /home/maddy/canopen_test/install/motor_control/lib/python3.10/site-packages/motor_control-0.0.0-py3.10.egg-info
[0.493s] running install_scripts
[0.504s] Installing motor_control_node script to /home/maddy/canopen_test/install/motor_control/lib/motor_control
[0.504s] writing list of installed files to '/home/maddy/canopen_test/build/motor_control/install.log'
[0.518s] Invoked command in '/home/maddy/canopen_test/motor_control' returned '0': PYTHONPATH=/home/maddy/canopen_test/build/motor_control/prefix_override:/usr/lib/python3/dist-packages/colcon_core/task/python/colcon_distutils_commands:/home/maddy/canopen_test/install/motor_control/lib/python3.10/site-packages:${PYTHONPATH} /usr/bin/python3 -W ignore:setup.py install is deprecated -W ignore:easy_install command is deprecated setup.py egg_info --egg-base ../build/motor_control build --build-base /home/maddy/canopen_test/build/motor_control/build install --record /home/maddy/canopen_test/build/motor_control/install.log --install-scripts $base/lib/motor_control --single-version-externally-managed install_data
