[1.351s] Invoking command in '/home/maddy/canopen_test/a5_simulator': PYTHONPATH=/home/maddy/canopen_test/build/a5_simulator/prefix_override:/usr/lib/python3/dist-packages/colcon_core/task/python/colcon_distutils_commands:/home/maddy/canopen_test/install/a5_simulator/lib/python3.10/site-packages:${PYTHONPATH} /usr/bin/python3 -W ignore:setup.py install is deprecated -W ignore:easy_install command is deprecated setup.py egg_info --egg-base ../build/a5_simulator build --build-base /home/maddy/canopen_test/build/a5_simulator/build install --record /home/maddy/canopen_test/build/a5_simulator/install.log --single-version-externally-managed install_data
[1.807s] running egg_info
[1.809s] creating ../build/a5_simulator/a5_simulator.egg-info
[1.810s] writing ../build/a5_simulator/a5_simulator.egg-info/PKG-INFO
[1.810s] writing dependency_links to ../build/a5_simulator/a5_simulator.egg-info/dependency_links.txt
[1.811s] writing entry points to ../build/a5_simulator/a5_simulator.egg-info/entry_points.txt
[1.811s] writing requirements to ../build/a5_simulator/a5_simulator.egg-info/requires.txt
[1.811s] writing top-level names to ../build/a5_simulator/a5_simulator.egg-info/top_level.txt
[1.812s] writing manifest file '../build/a5_simulator/a5_simulator.egg-info/SOURCES.txt'
[1.813s] reading manifest file '../build/a5_simulator/a5_simulator.egg-info/SOURCES.txt'
[1.814s] writing manifest file '../build/a5_simulator/a5_simulator.egg-info/SOURCES.txt'
[1.814s] running build
[1.814s] running build_py
[1.815s] creating /home/maddy/canopen_test/build/a5_simulator/build
[1.815s] creating /home/maddy/canopen_test/build/a5_simulator/build/lib
[1.815s] creating /home/maddy/canopen_test/build/a5_simulator/build/lib/a5_simulator
[1.816s] copying a5_simulator/a5_simulator_node.py -> /home/maddy/canopen_test/build/a5_simulator/build/lib/a5_simulator
[1.816s] copying a5_simulator/__init__.py -> /home/maddy/canopen_test/build/a5_simulator/build/lib/a5_simulator
[1.816s] running install
[1.817s] running install_lib
[1.818s] creating /home/maddy/canopen_test/install/a5_simulator/lib/python3.10/site-packages/a5_simulator
[1.819s] copying /home/maddy/canopen_test/build/a5_simulator/build/lib/a5_simulator/a5_simulator_node.py -> /home/maddy/canopen_test/install/a5_simulator/lib/python3.10/site-packages/a5_simulator
[1.819s] copying /home/maddy/canopen_test/build/a5_simulator/build/lib/a5_simulator/__init__.py -> /home/maddy/canopen_test/install/a5_simulator/lib/python3.10/site-packages/a5_simulator
[1.820s] byte-compiling /home/maddy/canopen_test/install/a5_simulator/lib/python3.10/site-packages/a5_simulator/a5_simulator_node.py to a5_simulator_node.cpython-310.pyc
[1.825s] byte-compiling /home/maddy/canopen_test/install/a5_simulator/lib/python3.10/site-packages/a5_simulator/__init__.py to __init__.cpython-310.pyc
[1.825s] running install_data
[1.825s] creating /home/maddy/canopen_test/install/a5_simulator/share/ament_index
[1.826s] creating /home/maddy/canopen_test/install/a5_simulator/share/ament_index/resource_index
[1.826s] creating /home/maddy/canopen_test/install/a5_simulator/share/ament_index/resource_index/packages
[1.827s] copying resource/a5_simulator -> /home/maddy/canopen_test/install/a5_simulator/share/ament_index/resource_index/packages
[1.827s] copying package.xml -> /home/maddy/canopen_test/install/a5_simulator/share/a5_simulator
[1.827s] creating /home/maddy/canopen_test/install/a5_simulator/share/a5_simulator/launch
[1.828s] copying launch/a5_simulator.launch.py -> /home/maddy/canopen_test/install/a5_simulator/share/a5_simulator/launch
[1.828s] running install_egg_info
[1.832s] Copying ../build/a5_simulator/a5_simulator.egg-info to /home/maddy/canopen_test/install/a5_simulator/lib/python3.10/site-packages/a5_simulator-0.1.0-py3.10.egg-info
[1.835s] running install_scripts
[1.873s] Installing a5_simulator_node script to /home/maddy/canopen_test/install/a5_simulator/lib/a5_simulator
[1.874s] writing list of installed files to '/home/maddy/canopen_test/build/a5_simulator/install.log'
[1.906s] Invoked command in '/home/maddy/canopen_test/a5_simulator' returned '0': PYTHONPATH=/home/maddy/canopen_test/build/a5_simulator/prefix_override:/usr/lib/python3/dist-packages/colcon_core/task/python/colcon_distutils_commands:/home/maddy/canopen_test/install/a5_simulator/lib/python3.10/site-packages:${PYTHONPATH} /usr/bin/python3 -W ignore:setup.py install is deprecated -W ignore:easy_install command is deprecated setup.py egg_info --egg-base ../build/a5_simulator build --build-base /home/maddy/canopen_test/build/a5_simulator/build install --record /home/maddy/canopen_test/build/a5_simulator/install.log --single-version-externally-managed install_data
