running egg_info
writing ../build/a5_simulator/a5_simulator.egg-info/PKG-INFO
writing dependency_links to ../build/a5_simulator/a5_simulator.egg-info/dependency_links.txt
writing entry points to ../build/a5_simulator/a5_simulator.egg-info/entry_points.txt
writing requirements to ../build/a5_simulator/a5_simulator.egg-info/requires.txt
writing top-level names to ../build/a5_simulator/a5_simulator.egg-info/top_level.txt
reading manifest file '../build/a5_simulator/a5_simulator.egg-info/SOURCES.txt'
writing manifest file '../build/a5_simulator/a5_simulator.egg-info/SOURCES.txt'
running build
running build_py
copying a5_simulator/a5_simulator_node.py -> /home/maddy/canopen_test/build/a5_simulator/build/lib/a5_simulator
running install
running install_lib
copying /home/maddy/canopen_test/build/a5_simulator/build/lib/a5_simulator/a5_simulator_node.py -> /home/maddy/canopen_test/install/a5_simulator/lib/python3.10/site-packages/a5_simulator
byte-compiling /home/maddy/canopen_test/install/a5_simulator/lib/python3.10/site-packages/a5_simulator/a5_simulator_node.py to a5_simulator_node.cpython-310.pyc
running install_data
running install_egg_info
removing '/home/maddy/canopen_test/install/a5_simulator/lib/python3.10/site-packages/a5_simulator-0.1.0-py3.10.egg-info' (and everything under it)
Copying ../build/a5_simulator/a5_simulator.egg-info to /home/maddy/canopen_test/install/a5_simulator/lib/python3.10/site-packages/a5_simulator-0.1.0-py3.10.egg-info
running install_scripts
Installing a5_simulator_node script to /home/maddy/canopen_test/install/a5_simulator/lib/a5_simulator
writing list of installed files to '/home/maddy/canopen_test/build/a5_simulator/install.log'
