[2.097s] Invoking command in '/home/maddy/canopen_test/a5_simulator': PYTHONPATH=/home/maddy/canopen_test/build/a5_simulator/prefix_override:/usr/lib/python3/dist-packages/colcon_core/task/python/colcon_distutils_commands:/home/maddy/canopen_test/install/a5_simulator/lib/python3.10/site-packages:${PYTHONPATH} /usr/bin/python3 -W ignore:setup.py install is deprecated -W ignore:easy_install command is deprecated setup.py egg_info --egg-base ../build/a5_simulator build --build-base /home/maddy/canopen_test/build/a5_simulator/build install --record /home/maddy/canopen_test/build/a5_simulator/install.log --single-version-externally-managed install_data
[2.523s] running egg_info
[2.526s] writing ../build/a5_simulator/a5_simulator.egg-info/PKG-INFO
[2.526s] writing dependency_links to ../build/a5_simulator/a5_simulator.egg-info/dependency_links.txt
[2.527s] writing entry points to ../build/a5_simulator/a5_simulator.egg-info/entry_points.txt
[2.527s] writing requirements to ../build/a5_simulator/a5_simulator.egg-info/requires.txt
[2.527s] writing top-level names to ../build/a5_simulator/a5_simulator.egg-info/top_level.txt
[2.531s] reading manifest file '../build/a5_simulator/a5_simulator.egg-info/SOURCES.txt'
[2.534s] writing manifest file '../build/a5_simulator/a5_simulator.egg-info/SOURCES.txt'
[2.534s] running build
[2.534s] running build_py
[2.535s] copying a5_simulator/a5_simulator_node.py -> /home/maddy/canopen_test/build/a5_simulator/build/lib/a5_simulator
[2.535s] running install
[2.536s] running install_lib
[2.538s] copying /home/maddy/canopen_test/build/a5_simulator/build/lib/a5_simulator/a5_simulator_node.py -> /home/maddy/canopen_test/install/a5_simulator/lib/python3.10/site-packages/a5_simulator
[2.539s] byte-compiling /home/maddy/canopen_test/install/a5_simulator/lib/python3.10/site-packages/a5_simulator/a5_simulator_node.py to a5_simulator_node.cpython-310.pyc
[2.542s] running install_data
[2.543s] running install_egg_info
[2.548s] removing '/home/maddy/canopen_test/install/a5_simulator/lib/python3.10/site-packages/a5_simulator-0.1.0-py3.10.egg-info' (and everything under it)
[2.549s] Copying ../build/a5_simulator/a5_simulator.egg-info to /home/maddy/canopen_test/install/a5_simulator/lib/python3.10/site-packages/a5_simulator-0.1.0-py3.10.egg-info
[2.552s] running install_scripts
[2.578s] Installing a5_simulator_node script to /home/maddy/canopen_test/install/a5_simulator/lib/a5_simulator
[2.579s] writing list of installed files to '/home/maddy/canopen_test/build/a5_simulator/install.log'
[2.611s] Invoked command in '/home/maddy/canopen_test/a5_simulator' returned '0': PYTHONPATH=/home/maddy/canopen_test/build/a5_simulator/prefix_override:/usr/lib/python3/dist-packages/colcon_core/task/python/colcon_distutils_commands:/home/maddy/canopen_test/install/a5_simulator/lib/python3.10/site-packages:${PYTHONPATH} /usr/bin/python3 -W ignore:setup.py install is deprecated -W ignore:easy_install command is deprecated setup.py egg_info --egg-base ../build/a5_simulator build --build-base /home/maddy/canopen_test/build/a5_simulator/build install --record /home/maddy/canopen_test/build/a5_simulator/install.log --single-version-externally-managed install_data
