-- The C compiler identification is GNU 11.4.0
-- The CXX compiler identification is GNU 11.4.0
-- Detecting C compiler ABI info
-- Detecting C compiler ABI info - done
-- Check for working C compiler: /usr/bin/cc - skipped
-- Detecting C compile features
-- Detecting C compile features - done
-- Detecting CXX compiler ABI info
-- Detecting CXX compiler ABI info - done
-- Check for working CXX compiler: /usr/bin/c++ - skipped
-- Detecting CXX compile features
-- Detecting CXX compile features - done
-- Found ament_cmake: 1.3.14 (/opt/ros/humble/share/ament_cmake/cmake)
-- Found Python3: /home/agx/canopen_test/venv241/bin/python3 (found version "3.10.12") found components: Interpreter 
-- Override CMake install command with custom implementation using symlinks instead of copying resources
-- Found rosidl_default_generators: 1.2.1 (/opt/ros/humble/share/rosidl_default_generators/cmake)
-- Using all available rosidl_typesupport_c: rosidl_typesupport_fastrtps_c;rosidl_typesupport_introspection_c
-- Found rosidl_adapter: 3.1.8 (/opt/ros/humble/share/rosidl_adapter/cmake)
-- Using all available rosidl_typesupport_cpp: rosidl_typesupport_fastrtps_cpp;rosidl_typesupport_introspection_cpp
-- Found std_msgs: 4.9.1 (/opt/ros/humble/share/std_msgs/cmake)
-- Found sensor_msgs: 4.9.1 (/opt/ros/humble/share/sensor_msgs/cmake)
-- Found nav_msgs: 4.9.1 (/opt/ros/humble/share/nav_msgs/cmake)
-- Found ament_cmake_ros: 0.10.0 (/opt/ros/humble/share/ament_cmake_ros/cmake)
-- Using all available rosidl_typesupport_c: rosidl_typesupport_fastrtps_c;rosidl_typesupport_introspection_c
-- Using all available rosidl_typesupport_cpp: rosidl_typesupport_fastrtps_cpp;rosidl_typesupport_introspection_cpp
-- Found PythonInterp: /home/agx/canopen_test/venv241/bin/python3 (found suitable version "3.10.12", minimum required is "3.6") 
-- Found python_cmake_module: 0.10.0 (/opt/ros/humble/share/python_cmake_module/cmake)
-- Found PythonLibs: /usr/lib/aarch64-linux-gnu/libpython3.10.so (found suitable version "3.10.12", minimum required is "3.5") 
-- Using PYTHON_EXECUTABLE: /home/agx/canopen_test/venv241/bin/python3
-- Using PYTHON_INCLUDE_DIRS: /usr/include/python3.10
-- Using PYTHON_LIBRARIES: /usr/lib/aarch64-linux-gnu/libpython3.10.so
-- Found PythonExtra: .so  
-- Found ament_lint_auto: 0.12.15 (/opt/ros/humble/share/ament_lint_auto/cmake)
-- Added test 'lint_cmake' to check CMake code style
-- Added test 'xmllint' to check XML markup files
-- Configuring done
-- Generating done
-- Build files have been written to: /home/agx/canopen_test/build/iris_interfaces
[  0%] [34m[1mGenerating C code for ROS interfaces[0m
[  1%] [34m[1mGenerating C++ code for ROS interfaces[0m
[  1%] [34m[1mGenerating Rust code for ROS interfaces[0m
[  1%] Built target ament_cmake_python_symlink_iris_interfaces
Traceback (most recent call last):
  File "/opt/ros/humble/share/rosidl_generator_c/cmake/../../../lib/rosidl_generator_c/rosidl_generator_c", line 8, in <module>
    from rosidl_generator_c import generate_c
  File "/opt/ros/humble/local/lib/python3.10/dist-packages/rosidl_generator_c/__init__.py", line 15, in <module>
    from rosidl_cmake import convert_camel_case_to_lower_case_underscore
  File "/opt/ros/humble/local/lib/python3.10/dist-packages/rosidl_cmake/__init__.py", line 24, in <module>
    from rosidl_parser.parser import parse_idl_file
  File "/opt/ros/humble/local/lib/python3.10/dist-packages/rosidl_parser/parser.py", line 20, in <module>
    from lark import Lark
ModuleNotFoundError: No module named 'lark'
Traceback (most recent call last):
  File "/opt/ros/humble/share/rosidl_generator_cpp/cmake/../../../lib/rosidl_generator_cpp/rosidl_generator_cpp", line 8, in <module>
Traceback (most recent call last):
  File "/opt/ros/humble/share/rosidl_generator_rs/cmake/../../../lib/rosidl_generator_rs/rosidl_generator_rs", line 8, in <module>
    from rosidl_generator_cpp import generate_cpp
  File "/opt/ros/humble/local/lib/python3.10/dist-packages/rosidl_generator_cpp/__init__.py", line 17, in <module>
    from rosidl_generator_rs import generate_rs
  File "/opt/ros/humble/local/lib/python3.10/dist-packages/rosidl_generator_rs/__init__.py", line 21, in <module>
    from rosidl_cmake import generate_files
  File "/opt/ros/humble/local/lib/python3.10/dist-packages/rosidl_cmake/__init__.py", line 24, in <module>
    import rosidl_cmake as rosidl_pycommon
  File "/opt/ros/humble/local/lib/python3.10/dist-packages/rosidl_cmake/__init__.py", line 24, in <module>
    from rosidl_parser.parser import parse_idl_file
  File "/opt/ros/humble/local/lib/python3.10/dist-packages/rosidl_parser/parser.py", line 20, in <module>
    from rosidl_parser.parser import parse_idl_file
  File "/opt/ros/humble/local/lib/python3.10/dist-packages/rosidl_parser/parser.py", line 20, in <module>
    from lark import Lark
ModuleNotFoundError: No module named 'lark'
    from lark import Lark
ModuleNotFoundError: No module named 'lark'
gmake[2]: *** [CMakeFiles/iris_interfaces__rosidl_generator_c.dir/build.make:232: rosidl_generator_c/iris_interfaces/msg/wheel_command_speed.h] Error 1
gmake[1]: *** [CMakeFiles/Makefile2:231: CMakeFiles/iris_interfaces__rosidl_generator_c.dir/all] Error 2
gmake[1]: *** Waiting for unfinished jobs....
gmake[2]: *** [CMakeFiles/iris_interfaces__cpp.dir/build.make:428: rosidl_generator_cpp/iris_interfaces/msg/wheel_command_speed.hpp] Error 1
gmake[1]: *** [CMakeFiles/Makefile2:336: CMakeFiles/iris_interfaces__cpp.dir/all] Error 2
gmake[2]: *** [iris_interfaces__rs/CMakeFiles/iris_interfaces__rs.dir/build.make:277: rosidl_generator_rs/iris_interfaces/rust/src/lib.rs] Error 1
gmake[1]: *** [CMakeFiles/Makefile2:635: iris_interfaces__rs/CMakeFiles/iris_interfaces__rs.dir/all] Error 2
running egg_info
creating iris_interfaces.egg-info
writing iris_interfaces.egg-info/PKG-INFO
writing dependency_links to iris_interfaces.egg-info/dependency_links.txt
writing top-level names to iris_interfaces.egg-info/top_level.txt
writing manifest file 'iris_interfaces.egg-info/SOURCES.txt'
reading manifest file 'iris_interfaces.egg-info/SOURCES.txt'
writing manifest file 'iris_interfaces.egg-info/SOURCES.txt'
[  1%] Built target ament_cmake_python_build_iris_interfaces_egg
gmake: *** [Makefile:146: all] Error 2
