[0.021s] Invoking command in '/home/agx/canopen_test/build/iris_interfaces': CMAKE_PREFIX_PATH=${CMAKE_PREFIX_PATH}:/home/agx/canopen_test/install/a5_control:/opt/ros/humble VIRTUAL_ENV_PROMPT=(venv241) /usr/bin/cmake /home/agx/canopen_test/iris_interfaces -DAMENT_CMAKE_SYMLINK_INSTALL=1 -DCMAKE_INSTALL_PREFIX=/home/agx/canopen_test/install/iris_interfaces
[0.119s] -- The C compiler identification is GNU 11.4.0
[0.220s] -- The CXX compiler identification is GNU 11.4.0
[0.238s] -- Detecting C compiler ABI info
[0.367s] -- Detecting C compiler ABI info - done
[0.391s] -- Check for working C compiler: /usr/bin/cc - skipped
[0.392s] -- Detecting C compile features
[0.393s] -- Detecting C compile features - done
[0.404s] -- Detecting CXX compiler ABI info
[0.556s] -- Detecting CXX compiler ABI info - done
[0.582s] -- Check for working CXX compiler: /usr/bin/c++ - skipped
[0.583s] -- Detecting CXX compile features
[0.584s] -- Detecting CXX compile features - done
[0.593s] -- Found ament_cmake: 1.3.14 (/opt/ros/humble/share/ament_cmake/cmake)
[0.829s] -- Found Python3: /home/agx/canopen_test/venv241/bin/python3 (found version "3.10.12") found components: Interpreter 
[0.937s] -- Override CMake install command with custom implementation using symlinks instead of copying resources
[1.015s] -- Found rosidl_default_generators: 1.2.1 (/opt/ros/humble/share/rosidl_default_generators/cmake)
[1.020s] -- Using all available rosidl_typesupport_c: rosidl_typesupport_fastrtps_c;rosidl_typesupport_introspection_c
[1.031s] -- Found rosidl_adapter: 3.1.8 (/opt/ros/humble/share/rosidl_adapter/cmake)
[1.087s] -- Using all available rosidl_typesupport_cpp: rosidl_typesupport_fastrtps_cpp;rosidl_typesupport_introspection_cpp
[1.136s] -- Found std_msgs: 4.9.1 (/opt/ros/humble/share/std_msgs/cmake)
[1.170s] -- Found sensor_msgs: 4.9.1 (/opt/ros/humble/share/sensor_msgs/cmake)
[1.209s] -- Found nav_msgs: 4.9.1 (/opt/ros/humble/share/nav_msgs/cmake)
[2.208s] -- Found ament_cmake_ros: 0.10.0 (/opt/ros/humble/share/ament_cmake_ros/cmake)
[2.722s] -- Using all available rosidl_typesupport_c: rosidl_typesupport_fastrtps_c;rosidl_typesupport_introspection_c
[3.410s] -- Using all available rosidl_typesupport_cpp: rosidl_typesupport_fastrtps_cpp;rosidl_typesupport_introspection_cpp
[3.444s] -- Found PythonInterp: /home/agx/canopen_test/venv241/bin/python3 (found suitable version "3.10.12", minimum required is "3.6") 
[3.447s] -- Found python_cmake_module: 0.10.0 (/opt/ros/humble/share/python_cmake_module/cmake)
[3.490s] -- Found PythonLibs: /usr/lib/aarch64-linux-gnu/libpython3.10.so (found suitable version "3.10.12", minimum required is "3.5") 
[3.490s] -- Using PYTHON_EXECUTABLE: /home/agx/canopen_test/venv241/bin/python3
[3.490s] -- Using PYTHON_INCLUDE_DIRS: /usr/include/python3.10
[3.491s] -- Using PYTHON_LIBRARIES: /usr/lib/aarch64-linux-gnu/libpython3.10.so
[3.521s] -- Found PythonExtra: .so  
[3.859s] -- Found ament_lint_auto: 0.12.15 (/opt/ros/humble/share/ament_lint_auto/cmake)
[3.896s] -- Added test 'lint_cmake' to check CMake code style
[3.899s] -- Added test 'xmllint' to check XML markup files
[3.905s] -- Configuring done
[4.057s] -- Generating done
[4.082s] -- Build files have been written to: /home/agx/canopen_test/build/iris_interfaces
[4.109s] Invoked command in '/home/agx/canopen_test/build/iris_interfaces' returned '0': CMAKE_PREFIX_PATH=${CMAKE_PREFIX_PATH}:/home/agx/canopen_test/install/a5_control:/opt/ros/humble VIRTUAL_ENV_PROMPT=(venv241) /usr/bin/cmake /home/agx/canopen_test/iris_interfaces -DAMENT_CMAKE_SYMLINK_INSTALL=1 -DCMAKE_INSTALL_PREFIX=/home/agx/canopen_test/install/iris_interfaces
[4.116s] Invoking command in '/home/agx/canopen_test/build/iris_interfaces': CMAKE_PREFIX_PATH=${CMAKE_PREFIX_PATH}:/home/agx/canopen_test/install/a5_control:/opt/ros/humble VIRTUAL_ENV_PROMPT=(venv241) /usr/bin/cmake --build /home/agx/canopen_test/build/iris_interfaces -- -j12 -l12
[4.227s] [  0%] [34m[1mGenerating C code for ROS interfaces[0m
[4.246s] [  1%] [34m[1mGenerating C++ code for ROS interfaces[0m
[4.247s] [  1%] [34m[1mGenerating Rust code for ROS interfaces[0m
[4.260s] [  1%] Built target ament_cmake_python_symlink_iris_interfaces
[4.309s] Traceback (most recent call last):
[4.309s]   File "/opt/ros/humble/share/rosidl_generator_c/cmake/../../../lib/rosidl_generator_c/rosidl_generator_c", line 8, in <module>
[4.309s]     from rosidl_generator_c import generate_c
[4.309s]   File "/opt/ros/humble/local/lib/python3.10/dist-packages/rosidl_generator_c/__init__.py", line 15, in <module>
[4.309s]     from rosidl_cmake import convert_camel_case_to_lower_case_underscore
[4.309s]   File "/opt/ros/humble/local/lib/python3.10/dist-packages/rosidl_cmake/__init__.py", line 24, in <module>
[4.309s]     from rosidl_parser.parser import parse_idl_file
[4.309s]   File "/opt/ros/humble/local/lib/python3.10/dist-packages/rosidl_parser/parser.py", line 20, in <module>
[4.309s]     from lark import Lark
[4.310s] ModuleNotFoundError: No module named 'lark'
[4.319s] Traceback (most recent call last):
[4.319s]   File "/opt/ros/humble/share/rosidl_generator_cpp/cmake/../../../lib/rosidl_generator_cpp/rosidl_generator_cpp", line 8, in <module>
[4.319s] Traceback (most recent call last):
[4.319s]   File "/opt/ros/humble/share/rosidl_generator_rs/cmake/../../../lib/rosidl_generator_rs/rosidl_generator_rs", line 8, in <module>
[4.319s]     from rosidl_generator_cpp import generate_cpp
[4.320s]   File "/opt/ros/humble/local/lib/python3.10/dist-packages/rosidl_generator_cpp/__init__.py", line 17, in <module>
[4.320s]     from rosidl_generator_rs import generate_rs
[4.320s]   File "/opt/ros/humble/local/lib/python3.10/dist-packages/rosidl_generator_rs/__init__.py", line 21, in <module>
[4.320s]     from rosidl_cmake import generate_files
[4.320s]   File "/opt/ros/humble/local/lib/python3.10/dist-packages/rosidl_cmake/__init__.py", line 24, in <module>
[4.320s]     import rosidl_cmake as rosidl_pycommon
[4.320s]   File "/opt/ros/humble/local/lib/python3.10/dist-packages/rosidl_cmake/__init__.py", line 24, in <module>
[4.320s]     from rosidl_parser.parser import parse_idl_file
[4.320s]   File "/opt/ros/humble/local/lib/python3.10/dist-packages/rosidl_parser/parser.py", line 20, in <module>
[4.320s]     from rosidl_parser.parser import parse_idl_file
[4.320s]   File "/opt/ros/humble/local/lib/python3.10/dist-packages/rosidl_parser/parser.py", line 20, in <module>
[4.320s]     from lark import Lark
[4.321s] ModuleNotFoundError: No module named 'lark'
[4.321s]     from lark import Lark
[4.321s] ModuleNotFoundError: No module named 'lark'
[4.324s] gmake[2]: *** [CMakeFiles/iris_interfaces__rosidl_generator_c.dir/build.make:232: rosidl_generator_c/iris_interfaces/msg/wheel_command_speed.h] Error 1
[4.324s] gmake[1]: *** [CMakeFiles/Makefile2:231: CMakeFiles/iris_interfaces__rosidl_generator_c.dir/all] Error 2
[4.325s] gmake[1]: *** Waiting for unfinished jobs....
[4.337s] gmake[2]: *** [CMakeFiles/iris_interfaces__cpp.dir/build.make:428: rosidl_generator_cpp/iris_interfaces/msg/wheel_command_speed.hpp] Error 1
[4.337s] gmake[1]: *** [CMakeFiles/Makefile2:336: CMakeFiles/iris_interfaces__cpp.dir/all] Error 2
[4.337s] gmake[2]: *** [iris_interfaces__rs/CMakeFiles/iris_interfaces__rs.dir/build.make:277: rosidl_generator_rs/iris_interfaces/rust/src/lib.rs] Error 1
[4.337s] gmake[1]: *** [CMakeFiles/Makefile2:635: iris_interfaces__rs/CMakeFiles/iris_interfaces__rs.dir/all] Error 2
[4.561s] running egg_info
[4.561s] creating iris_interfaces.egg-info
[4.561s] writing iris_interfaces.egg-info/PKG-INFO
[4.561s] writing dependency_links to iris_interfaces.egg-info/dependency_links.txt
[4.562s] writing top-level names to iris_interfaces.egg-info/top_level.txt
[4.562s] writing manifest file 'iris_interfaces.egg-info/SOURCES.txt'
[4.564s] reading manifest file 'iris_interfaces.egg-info/SOURCES.txt'
[4.565s] writing manifest file 'iris_interfaces.egg-info/SOURCES.txt'
[4.625s] [  1%] Built target ament_cmake_python_build_iris_interfaces_egg
[4.627s] gmake: *** [Makefile:146: all] Error 2
[4.634s] Invoked command in '/home/agx/canopen_test/build/iris_interfaces' returned '2': CMAKE_PREFIX_PATH=${CMAKE_PREFIX_PATH}:/home/agx/canopen_test/install/a5_control:/opt/ros/humble VIRTUAL_ENV_PROMPT=(venv241) /usr/bin/cmake --build /home/agx/canopen_test/build/iris_interfaces -- -j12 -l12
