[1.867s] Invoking command in '/home/maddy/canopen_test/a5_control': AMENT_PREFIX_PATH=/home/maddy/canopen_test/install/iris_interfaces:${AMENT_PREFIX_PATH} CMAKE_PREFIX_PATH=/home/maddy/canopen_test/install/iris_interfaces LD_LIBRARY_PATH=/home/maddy/canopen_test/install/iris_interfaces/lib:${LD_LIBRARY_PATH} PYTHONPATH=/home/maddy/canopen_test/build/a5_control/prefix_override:/usr/lib/python3/dist-packages/colcon_core/task/python/colcon_distutils_commands:/home/maddy/canopen_test/install/a5_control/lib/python3.10/site-packages:/home/maddy/canopen_test/install/iris_interfaces/local/lib/python3.10/dist-packages:${PYTHONPATH} /usr/bin/python3 -W ignore:setup.py install is deprecated -W ignore:easy_install command is deprecated setup.py egg_info --egg-base ../build/a5_control build --build-base /home/maddy/canopen_test/build/a5_control/build install --record /home/maddy/canopen_test/build/a5_control/install.log --single-version-externally-managed install_data
[2.248s] running egg_info
[2.250s] creating ../build/a5_control/canopen_test.egg-info
[2.251s] writing ../build/a5_control/canopen_test.egg-info/PKG-INFO
[2.251s] writing dependency_links to ../build/a5_control/canopen_test.egg-info/dependency_links.txt
[2.252s] writing entry points to ../build/a5_control/canopen_test.egg-info/entry_points.txt
[2.252s] writing requirements to ../build/a5_control/canopen_test.egg-info/requires.txt
[2.253s] writing top-level names to ../build/a5_control/canopen_test.egg-info/top_level.txt
[2.253s] writing manifest file '../build/a5_control/canopen_test.egg-info/SOURCES.txt'
[2.255s] reading manifest file '../build/a5_control/canopen_test.egg-info/SOURCES.txt'
[2.256s] writing manifest file '../build/a5_control/canopen_test.egg-info/SOURCES.txt'
[2.256s] running build
[2.256s] running build_py
[2.256s] copying a5control/a5_control.py -> /home/maddy/canopen_test/build/a5_control/build/lib/a5control
[2.256s] running install
[2.257s] running install_lib
[2.258s] copying /home/maddy/canopen_test/build/a5_control/build/lib/a5control/a5_control.py -> /home/maddy/canopen_test/install/a5_control/lib/python3.10/site-packages/a5control
[2.259s] byte-compiling /home/maddy/canopen_test/install/a5_control/lib/python3.10/site-packages/a5control/a5_control.py to a5_control.cpython-310.pyc
[2.262s] running install_data
[2.262s] error: can't copy 'resource/canopen_test': doesn't exist or not a regular file
[2.288s] Invoked command in '/home/maddy/canopen_test/a5_control' returned '1': AMENT_PREFIX_PATH=/home/maddy/canopen_test/install/iris_interfaces:${AMENT_PREFIX_PATH} CMAKE_PREFIX_PATH=/home/maddy/canopen_test/install/iris_interfaces LD_LIBRARY_PATH=/home/maddy/canopen_test/install/iris_interfaces/lib:${LD_LIBRARY_PATH} PYTHONPATH=/home/maddy/canopen_test/build/a5_control/prefix_override:/usr/lib/python3/dist-packages/colcon_core/task/python/colcon_distutils_commands:/home/maddy/canopen_test/install/a5_control/lib/python3.10/site-packages:/home/maddy/canopen_test/install/iris_interfaces/local/lib/python3.10/dist-packages:${PYTHONPATH} /usr/bin/python3 -W ignore:setup.py install is deprecated -W ignore:easy_install command is deprecated setup.py egg_info --egg-base ../build/a5_control build --build-base /home/maddy/canopen_test/build/a5_control/build install --record /home/maddy/canopen_test/build/a5_control/install.log --single-version-externally-managed install_data
