[0.632s] Invoking command in '/home/maddy/canopen_test/motor_control': PYTHONPATH=/home/maddy/canopen_test/build/motor_control/prefix_override:/usr/lib/python3/dist-packages/colcon_core/task/python/colcon_distutils_commands:/home/maddy/canopen_test/install/motor_control/lib/python3.10/site-packages:${PYTHONPATH} /usr/bin/python3 -W ignore:setup.py install is deprecated -W ignore:easy_install command is deprecated setup.py egg_info --egg-base ../build/motor_control build --build-base /home/maddy/canopen_test/build/motor_control/build install --record /home/maddy/canopen_test/build/motor_control/install.log --install-scripts $base/lib/motor_control --single-version-externally-managed install_data
[0.792s] running egg_info
[0.792s] creating ../build/motor_control/motor_control.egg-info
[0.792s] writing ../build/motor_control/motor_control.egg-info/PKG-INFO
[0.792s] writing dependency_links to ../build/motor_control/motor_control.egg-info/dependency_links.txt
[0.792s] writing entry points to ../build/motor_control/motor_control.egg-info/entry_points.txt
[0.792s] writing requirements to ../build/motor_control/motor_control.egg-info/requires.txt
[0.792s] writing top-level names to ../build/motor_control/motor_control.egg-info/top_level.txt
[0.793s] writing manifest file '../build/motor_control/motor_control.egg-info/SOURCES.txt'
[0.793s] reading manifest file '../build/motor_control/motor_control.egg-info/SOURCES.txt'
[0.794s] writing manifest file '../build/motor_control/motor_control.egg-info/SOURCES.txt'
[0.794s] running build
[0.794s] running build_py
[0.794s] creating /home/maddy/canopen_test/build/motor_control/build
[0.794s] creating /home/maddy/canopen_test/build/motor_control/build/lib
[0.794s] creating /home/maddy/canopen_test/build/motor_control/build/lib/motor_control
[0.794s] copying motor_control/__init__.py -> /home/maddy/canopen_test/build/motor_control/build/lib/motor_control
[0.794s] copying motor_control/iris_motor_control.py -> /home/maddy/canopen_test/build/motor_control/build/lib/motor_control
[0.794s] copying motor_control/italsea_dual_drive.py -> /home/maddy/canopen_test/build/motor_control/build/lib/motor_control
[0.794s] running install
[0.795s] running install_lib
[0.795s] creating /home/maddy/canopen_test/install/motor_control/lib/python3.10/site-packages/motor_control
[0.795s] copying /home/maddy/canopen_test/build/motor_control/build/lib/motor_control/__init__.py -> /home/maddy/canopen_test/install/motor_control/lib/python3.10/site-packages/motor_control
[0.795s] copying /home/maddy/canopen_test/build/motor_control/build/lib/motor_control/iris_motor_control.py -> /home/maddy/canopen_test/install/motor_control/lib/python3.10/site-packages/motor_control
[0.795s] copying /home/maddy/canopen_test/build/motor_control/build/lib/motor_control/italsea_dual_drive.py -> /home/maddy/canopen_test/install/motor_control/lib/python3.10/site-packages/motor_control
[0.796s] byte-compiling /home/maddy/canopen_test/install/motor_control/lib/python3.10/site-packages/motor_control/__init__.py to __init__.cpython-310.pyc
[0.796s] byte-compiling /home/maddy/canopen_test/install/motor_control/lib/python3.10/site-packages/motor_control/iris_motor_control.py to iris_motor_control.cpython-310.pyc
[0.798s] byte-compiling /home/maddy/canopen_test/install/motor_control/lib/python3.10/site-packages/motor_control/italsea_dual_drive.py to italsea_dual_drive.cpython-310.pyc
[0.798s] running install_data
[0.798s] creating /home/maddy/canopen_test/install/motor_control/share/ament_index
[0.798s] creating /home/maddy/canopen_test/install/motor_control/share/ament_index/resource_index
[0.799s] creating /home/maddy/canopen_test/install/motor_control/share/ament_index/resource_index/packages
[0.799s] copying resource/motor_control -> /home/maddy/canopen_test/install/motor_control/share/ament_index/resource_index/packages
[0.799s] copying package.xml -> /home/maddy/canopen_test/install/motor_control/share/motor_control
[0.799s] running install_egg_info
[0.801s] Copying ../build/motor_control/motor_control.egg-info to /home/maddy/canopen_test/install/motor_control/lib/python3.10/site-packages/motor_control-0.0.0-py3.10.egg-info
[0.801s] running install_scripts
[0.817s] writing list of installed files to '/home/maddy/canopen_test/build/motor_control/install.log'
[0.837s] Invoked command in '/home/maddy/canopen_test/motor_control' returned '0': PYTHONPATH=/home/maddy/canopen_test/build/motor_control/prefix_override:/usr/lib/python3/dist-packages/colcon_core/task/python/colcon_distutils_commands:/home/maddy/canopen_test/install/motor_control/lib/python3.10/site-packages:${PYTHONPATH} /usr/bin/python3 -W ignore:setup.py install is deprecated -W ignore:easy_install command is deprecated setup.py egg_info --egg-base ../build/motor_control build --build-base /home/maddy/canopen_test/build/motor_control/build install --record /home/maddy/canopen_test/build/motor_control/install.log --install-scripts $base/lib/motor_control --single-version-externally-managed install_data
