[1.198s] Invoking command in '/home/maddy/canopen_test/build/a5_control': PYTHONPATH=/home/maddy/canopen_test/build/a5_control/prefix_override:/usr/lib/python3/dist-packages/colcon_core/task/python/colcon_distutils_commands:/home/maddy/canopen_test/install/a5_control/lib/python3.10/site-packages:${PYTHONPATH} /usr/bin/python3 -W ignore:setup.py install is deprecated -W ignore:easy_install command is deprecated setup.py develop --editable --build-directory /home/maddy/canopen_test/build/a5_control/build --no-deps symlink_data --force
[1.588s] running develop
[1.857s] running egg_info
[1.857s] writing a5_control.egg-info/PKG-INFO
[1.857s] writing dependency_links to a5_control.egg-info/dependency_links.txt
[1.858s] writing entry points to a5_control.egg-info/entry_points.txt
[1.858s] writing requirements to a5_control.egg-info/requires.txt
[1.858s] writing top-level names to a5_control.egg-info/top_level.txt
[1.861s] reading manifest file 'a5_control.egg-info/SOURCES.txt'
[1.862s] writing manifest file 'a5_control.egg-info/SOURCES.txt'
[1.864s] running build_ext
[1.864s] Creating /home/maddy/canopen_test/install/a5_control/lib/python3.10/site-packages/a5-control.egg-link (link to .)
[1.865s] Installing a5_control_exe script to /home/maddy/canopen_test/install/a5_control/lib/a5_control
[1.865s] 
[1.866s] Installed /home/maddy/canopen_test/build/a5_control
[1.866s] running symlink_data
[1.866s] symbolically linking /home/maddy/canopen_test/build/a5_control/resource/a5_control -> /home/maddy/canopen_test/install/a5_control/share/ament_index/resource_index/packages
[1.867s] symbolically linking /home/maddy/canopen_test/build/a5_control/package.xml -> /home/maddy/canopen_test/install/a5_control/share/a5_control
[1.867s] symbolically linking /home/maddy/canopen_test/build/a5_control/scripts/can_init.sh -> /home/maddy/canopen_test/install/a5_control/share/a5_control/scripts
[1.902s] Invoked command in '/home/maddy/canopen_test/build/a5_control' returned '0': PYTHONPATH=/home/maddy/canopen_test/build/a5_control/prefix_override:/usr/lib/python3/dist-packages/colcon_core/task/python/colcon_distutils_commands:/home/maddy/canopen_test/install/a5_control/lib/python3.10/site-packages:${PYTHONPATH} /usr/bin/python3 -W ignore:setup.py install is deprecated -W ignore:easy_install command is deprecated setup.py develop --editable --build-directory /home/maddy/canopen_test/build/a5_control/build --no-deps symlink_data --force
