[0.057s] DEBUG:colcon:Command line arguments: ['/usr/bin/colcon', 'build']
[0.057s] DEBUG:colcon:Parsed command line arguments: Namespace(log_base=None, log_level=None, verb_name='build', build_base='build', install_base='install', merge_install=False, symlink_install=False, test_result_base=None, continue_on_error=False, executor='parallel', parallel_workers=16, event_handlers=None, ignore_user_meta=False, metas=['./colcon.meta'], base_paths=['.'], packages_ignore=None, packages_ignore_regex=None, paths=None, packages_up_to=None, packages_up_to_regex=None, packages_above=None, packages_above_and_dependencies=None, packages_above_depth=None, packages_select_by_dep=None, packages_skip_by_dep=None, packages_skip_up_to=None, packages_select_build_failed=False, packages_skip_build_finished=False, packages_select_test_failures=False, packages_skip_test_passed=False, packages_select=None, packages_skip=None, packages_select_regex=None, packages_skip_regex=None, packages_start=None, packages_end=None, allow_overriding=[], cmake_args=None, cmake_target=None, cmake_target_skip_unavailable=False, cmake_clean_cache=False, cmake_clean_first=False, cmake_force_configure=False, ament_cmake_args=None, catkin_cmake_args=None, catkin_skip_building_tests=False, mixin_files=None, mixin=None, verb_parser=<colcon_mixin.mixin.mixin_argument.MixinArgumentDecorator object at 0x7bacb132abc0>, verb_extension=<colcon_core.verb.build.BuildVerb object at 0x7bacb132a530>, main=<bound method BuildVerb.main of <colcon_core.verb.build.BuildVerb object at 0x7bacb132a530>>, mixin_verb=('build',))
[0.143s] Level 1:colcon.colcon_core.package_discovery:discover_packages(colcon_meta) check parameters
[0.143s] Level 1:colcon.colcon_core.package_discovery:discover_packages(recursive) check parameters
[0.143s] Level 1:colcon.colcon_core.package_discovery:discover_packages(ignore) check parameters
[0.143s] Level 1:colcon.colcon_core.package_discovery:discover_packages(path) check parameters
[0.143s] Level 1:colcon.colcon_core.package_discovery:discover_packages(colcon_meta) discover
[0.143s] Level 1:colcon.colcon_core.package_discovery:discover_packages(recursive) discover
[0.143s] INFO:colcon.colcon_core.package_discovery:Crawling recursively for packages in '/home/maddy/canopen_test'
[0.143s] Level 1:colcon.colcon_core.package_identification:_identify(.) by extensions ['ignore', 'ignore_ament_install']
[0.143s] Level 1:colcon.colcon_core.package_identification:_identify(.) by extension 'ignore'
[0.143s] Level 1:colcon.colcon_core.package_identification:_identify(.) by extension 'ignore_ament_install'
[0.143s] Level 1:colcon.colcon_core.package_identification:_identify(.) by extensions ['colcon_pkg']
[0.143s] Level 1:colcon.colcon_core.package_identification:_identify(.) by extension 'colcon_pkg'
[0.143s] Level 1:colcon.colcon_core.package_identification:_identify(.) by extensions ['colcon_meta']
[0.143s] Level 1:colcon.colcon_core.package_identification:_identify(.) by extension 'colcon_meta'
[0.143s] Level 1:colcon.colcon_core.package_identification:_identify(.) by extensions ['ros']
[0.143s] Level 1:colcon.colcon_core.package_identification:_identify(.) by extension 'ros'
[0.149s] Level 1:colcon.colcon_core.package_identification:_identify(.) by extensions ['cmake', 'python']
[0.149s] Level 1:colcon.colcon_core.package_identification:_identify(.) by extension 'cmake'
[0.149s] Level 1:colcon.colcon_core.package_identification:_identify(.) by extension 'python'
[0.149s] Level 1:colcon.colcon_core.package_identification:_identify(.) by extensions ['python_setup_py']
[0.149s] Level 1:colcon.colcon_core.package_identification:_identify(.) by extension 'python_setup_py'
[0.149s] Level 1:colcon.colcon_core.package_identification:_identify(a5_control) by extensions ['ignore', 'ignore_ament_install']
[0.149s] Level 1:colcon.colcon_core.package_identification:_identify(a5_control) by extension 'ignore'
[0.149s] Level 1:colcon.colcon_core.package_identification:_identify(a5_control) by extension 'ignore_ament_install'
[0.150s] Level 1:colcon.colcon_core.package_identification:_identify(a5_control) by extensions ['colcon_pkg']
[0.150s] Level 1:colcon.colcon_core.package_identification:_identify(a5_control) by extension 'colcon_pkg'
[0.150s] Level 1:colcon.colcon_core.package_identification:_identify(a5_control) by extensions ['colcon_meta']
[0.150s] Level 1:colcon.colcon_core.package_identification:_identify(a5_control) by extension 'colcon_meta'
[0.150s] Level 1:colcon.colcon_core.package_identification:_identify(a5_control) by extensions ['ros']
[0.150s] Level 1:colcon.colcon_core.package_identification:_identify(a5_control) by extension 'ros'
[0.151s] DEBUG:colcon.colcon_core.package_identification:Package 'a5_control' with type 'ros.ament_python' and name 'a5_control'
[0.151s] Level 1:colcon.colcon_core.package_identification:_identify(build) by extensions ['ignore', 'ignore_ament_install']
[0.151s] Level 1:colcon.colcon_core.package_identification:_identify(build) by extension 'ignore'
[0.151s] Level 1:colcon.colcon_core.package_identification:_identify(build) ignored
[0.151s] Level 1:colcon.colcon_core.package_identification:_identify(install) by extensions ['ignore', 'ignore_ament_install']
[0.151s] Level 1:colcon.colcon_core.package_identification:_identify(install) by extension 'ignore'
[0.151s] Level 1:colcon.colcon_core.package_identification:_identify(install) ignored
[0.151s] Level 1:colcon.colcon_core.package_identification:_identify(iris_interfaces) by extensions ['ignore', 'ignore_ament_install']
[0.151s] Level 1:colcon.colcon_core.package_identification:_identify(iris_interfaces) by extension 'ignore'
[0.151s] Level 1:colcon.colcon_core.package_identification:_identify(iris_interfaces) by extension 'ignore_ament_install'
[0.151s] Level 1:colcon.colcon_core.package_identification:_identify(iris_interfaces) by extensions ['colcon_pkg']
[0.151s] Level 1:colcon.colcon_core.package_identification:_identify(iris_interfaces) by extension 'colcon_pkg'
[0.151s] Level 1:colcon.colcon_core.package_identification:_identify(iris_interfaces) by extensions ['colcon_meta']
[0.151s] Level 1:colcon.colcon_core.package_identification:_identify(iris_interfaces) by extension 'colcon_meta'
[0.151s] Level 1:colcon.colcon_core.package_identification:_identify(iris_interfaces) by extensions ['ros']
[0.152s] Level 1:colcon.colcon_core.package_identification:_identify(iris_interfaces) by extension 'ros'
[0.152s] DEBUG:colcon.colcon_core.package_identification:Package 'iris_interfaces' with type 'ros.ament_cmake' and name 'iris_interfaces'
[0.152s] Level 1:colcon.colcon_core.package_identification:_identify(log) by extensions ['ignore', 'ignore_ament_install']
[0.152s] Level 1:colcon.colcon_core.package_identification:_identify(log) by extension 'ignore'
[0.152s] Level 1:colcon.colcon_core.package_identification:_identify(log) ignored
[0.152s] Level 1:colcon.colcon_core.package_identification:_identify(motor_control) by extensions ['ignore', 'ignore_ament_install']
[0.152s] Level 1:colcon.colcon_core.package_identification:_identify(motor_control) by extension 'ignore'
[0.152s] Level 1:colcon.colcon_core.package_identification:_identify(motor_control) by extension 'ignore_ament_install'
[0.152s] Level 1:colcon.colcon_core.package_identification:_identify(motor_control) by extensions ['colcon_pkg']
[0.152s] Level 1:colcon.colcon_core.package_identification:_identify(motor_control) by extension 'colcon_pkg'
[0.152s] Level 1:colcon.colcon_core.package_identification:_identify(motor_control) by extensions ['colcon_meta']
[0.152s] Level 1:colcon.colcon_core.package_identification:_identify(motor_control) by extension 'colcon_meta'
[0.152s] Level 1:colcon.colcon_core.package_identification:_identify(motor_control) by extensions ['ros']
[0.152s] Level 1:colcon.colcon_core.package_identification:_identify(motor_control) by extension 'ros'
[0.153s] DEBUG:colcon.colcon_core.package_identification:Package 'motor_control' with type 'ros.ament_python' and name 'motor_control'
[0.153s] Level 1:colcon.colcon_core.package_discovery:discover_packages(recursive) using defaults
[0.153s] Level 1:colcon.colcon_core.package_discovery:discover_packages(ignore) discover
[0.153s] Level 1:colcon.colcon_core.package_discovery:discover_packages(ignore) using defaults
[0.153s] Level 1:colcon.colcon_core.package_discovery:discover_packages(path) discover
[0.153s] Level 1:colcon.colcon_core.package_discovery:discover_packages(path) using defaults
[0.170s] Level 1:colcon.colcon_core.package_discovery:discover_packages(prefix_path) check parameters
[0.171s] Level 1:colcon.colcon_core.package_discovery:discover_packages(prefix_path) discover
[0.172s] DEBUG:colcon.colcon_installed_package_information.package_discovery:Found 324 installed packages in /opt/ros/humble
[0.173s] Level 1:colcon.colcon_core.package_discovery:discover_packages(prefix_path) using defaults
[0.195s] Level 5:colcon.colcon_core.verb:set package 'iris_interfaces' build argument 'cmake_args' from command line to 'None'
[0.195s] Level 5:colcon.colcon_core.verb:set package 'iris_interfaces' build argument 'cmake_target' from command line to 'None'
[0.195s] Level 5:colcon.colcon_core.verb:set package 'iris_interfaces' build argument 'cmake_target_skip_unavailable' from command line to 'False'
[0.195s] Level 5:colcon.colcon_core.verb:set package 'iris_interfaces' build argument 'cmake_clean_cache' from command line to 'False'
[0.195s] Level 5:colcon.colcon_core.verb:set package 'iris_interfaces' build argument 'cmake_clean_first' from command line to 'False'
[0.195s] Level 5:colcon.colcon_core.verb:set package 'iris_interfaces' build argument 'cmake_force_configure' from command line to 'False'
[0.195s] Level 5:colcon.colcon_core.verb:set package 'iris_interfaces' build argument 'ament_cmake_args' from command line to 'None'
[0.195s] Level 5:colcon.colcon_core.verb:set package 'iris_interfaces' build argument 'catkin_cmake_args' from command line to 'None'
[0.195s] Level 5:colcon.colcon_core.verb:set package 'iris_interfaces' build argument 'catkin_skip_building_tests' from command line to 'False'
[0.195s] DEBUG:colcon.colcon_core.verb:Building package 'iris_interfaces' with the following arguments: {'ament_cmake_args': None, 'build_base': '/home/maddy/canopen_test/build/iris_interfaces', 'catkin_cmake_args': None, 'catkin_skip_building_tests': False, 'cmake_args': None, 'cmake_clean_cache': False, 'cmake_clean_first': False, 'cmake_force_configure': False, 'cmake_target': None, 'cmake_target_skip_unavailable': False, 'install_base': '/home/maddy/canopen_test/install/iris_interfaces', 'merge_install': False, 'path': '/home/maddy/canopen_test/iris_interfaces', 'symlink_install': False, 'test_result_base': None}
[0.195s] Level 5:colcon.colcon_core.verb:set package 'a5_control' build argument 'cmake_args' from command line to 'None'
[0.195s] Level 5:colcon.colcon_core.verb:set package 'a5_control' build argument 'cmake_target' from command line to 'None'
[0.195s] Level 5:colcon.colcon_core.verb:set package 'a5_control' build argument 'cmake_target_skip_unavailable' from command line to 'False'
[0.195s] Level 5:colcon.colcon_core.verb:set package 'a5_control' build argument 'cmake_clean_cache' from command line to 'False'
[0.195s] Level 5:colcon.colcon_core.verb:set package 'a5_control' build argument 'cmake_clean_first' from command line to 'False'
[0.195s] Level 5:colcon.colcon_core.verb:set package 'a5_control' build argument 'cmake_force_configure' from command line to 'False'
[0.195s] Level 5:colcon.colcon_core.verb:set package 'a5_control' build argument 'ament_cmake_args' from command line to 'None'
[0.195s] Level 5:colcon.colcon_core.verb:set package 'a5_control' build argument 'catkin_cmake_args' from command line to 'None'
[0.195s] Level 5:colcon.colcon_core.verb:set package 'a5_control' build argument 'catkin_skip_building_tests' from command line to 'False'
[0.195s] DEBUG:colcon.colcon_core.verb:Building package 'a5_control' with the following arguments: {'ament_cmake_args': None, 'build_base': '/home/maddy/canopen_test/build/a5_control', 'catkin_cmake_args': None, 'catkin_skip_building_tests': False, 'cmake_args': None, 'cmake_clean_cache': False, 'cmake_clean_first': False, 'cmake_force_configure': False, 'cmake_target': None, 'cmake_target_skip_unavailable': False, 'install_base': '/home/maddy/canopen_test/install/a5_control', 'merge_install': False, 'path': '/home/maddy/canopen_test/a5_control', 'symlink_install': False, 'test_result_base': None}
[0.196s] Level 5:colcon.colcon_core.verb:set package 'motor_control' build argument 'cmake_args' from command line to 'None'
[0.196s] Level 5:colcon.colcon_core.verb:set package 'motor_control' build argument 'cmake_target' from command line to 'None'
[0.196s] Level 5:colcon.colcon_core.verb:set package 'motor_control' build argument 'cmake_target_skip_unavailable' from command line to 'False'
[0.196s] Level 5:colcon.colcon_core.verb:set package 'motor_control' build argument 'cmake_clean_cache' from command line to 'False'
[0.196s] Level 5:colcon.colcon_core.verb:set package 'motor_control' build argument 'cmake_clean_first' from command line to 'False'
[0.196s] Level 5:colcon.colcon_core.verb:set package 'motor_control' build argument 'cmake_force_configure' from command line to 'False'
[0.196s] Level 5:colcon.colcon_core.verb:set package 'motor_control' build argument 'ament_cmake_args' from command line to 'None'
[0.196s] Level 5:colcon.colcon_core.verb:set package 'motor_control' build argument 'catkin_cmake_args' from command line to 'None'
[0.196s] Level 5:colcon.colcon_core.verb:set package 'motor_control' build argument 'catkin_skip_building_tests' from command line to 'False'
[0.196s] DEBUG:colcon.colcon_core.verb:Building package 'motor_control' with the following arguments: {'ament_cmake_args': None, 'build_base': '/home/maddy/canopen_test/build/motor_control', 'catkin_cmake_args': None, 'catkin_skip_building_tests': False, 'cmake_args': None, 'cmake_clean_cache': False, 'cmake_clean_first': False, 'cmake_force_configure': False, 'cmake_target': None, 'cmake_target_skip_unavailable': False, 'install_base': '/home/maddy/canopen_test/install/motor_control', 'merge_install': False, 'path': '/home/maddy/canopen_test/motor_control', 'symlink_install': False, 'test_result_base': None}
[0.196s] INFO:colcon.colcon_core.executor:Executing jobs using 'parallel' executor
[0.197s] DEBUG:colcon.colcon_parallel_executor.executor.parallel:run_until_complete
[0.197s] INFO:colcon.colcon_ros.task.ament_cmake.build:Building ROS package in '/home/maddy/canopen_test/iris_interfaces' with build type 'ament_cmake'
[0.197s] INFO:colcon.colcon_cmake.task.cmake.build:Building CMake package in '/home/maddy/canopen_test/iris_interfaces'
[0.198s] INFO:colcon.colcon_core.plugin_system:Skipping extension 'colcon_core.shell.bat': Not used on non-Windows systems
[0.198s] INFO:colcon.colcon_core.shell:Skip shell extension 'powershell' for command environment: Not usable outside of PowerShell
[0.198s] DEBUG:colcon.colcon_core.shell:Skip shell extension 'dsv' for command environment
[0.203s] DEBUG:colcon.colcon_core.event_handler.log_command:Invoking command in '/home/maddy/canopen_test/build/iris_interfaces': CMAKE_PREFIX_PATH=/opt/ros/humble /usr/bin/cmake --build /home/maddy/canopen_test/build/iris_interfaces -- -j16 -l16
[0.463s] DEBUG:colcon.colcon_core.event_handler.log_command:Invoked command in '/home/maddy/canopen_test/build/iris_interfaces' returned '0': CMAKE_PREFIX_PATH=/opt/ros/humble /usr/bin/cmake --build /home/maddy/canopen_test/build/iris_interfaces -- -j16 -l16
[0.469s] DEBUG:colcon.colcon_core.event_handler.log_command:Invoking command in '/home/maddy/canopen_test/build/iris_interfaces': CMAKE_PREFIX_PATH=/opt/ros/humble /usr/bin/cmake --install /home/maddy/canopen_test/build/iris_interfaces
[0.526s] Level 1:colcon.colcon_core.environment:create_environment_scripts_only(iris_interfaces)
[0.526s] DEBUG:colcon.colcon_core.event_handler.log_command:Invoked command in '/home/maddy/canopen_test/build/iris_interfaces' returned '0': CMAKE_PREFIX_PATH=/opt/ros/humble /usr/bin/cmake --install /home/maddy/canopen_test/build/iris_interfaces
[0.528s] Level 1:colcon.colcon_core.environment:checking '/home/maddy/canopen_test/install/iris_interfaces' for CMake module files
[0.529s] Level 1:colcon.colcon_core.environment:checking '/home/maddy/canopen_test/install/iris_interfaces' for CMake config files
[0.530s] Level 1:colcon.colcon_core.shell:create_environment_hook('iris_interfaces', 'cmake_prefix_path')
[0.530s] INFO:colcon.colcon_core.shell:Creating environment hook '/home/maddy/canopen_test/install/iris_interfaces/share/iris_interfaces/hook/cmake_prefix_path.ps1'
[0.531s] INFO:colcon.colcon_core.shell:Creating environment descriptor '/home/maddy/canopen_test/install/iris_interfaces/share/iris_interfaces/hook/cmake_prefix_path.dsv'
[0.532s] INFO:colcon.colcon_core.shell:Creating environment hook '/home/maddy/canopen_test/install/iris_interfaces/share/iris_interfaces/hook/cmake_prefix_path.sh'
[0.533s] Level 1:colcon.colcon_core.environment:checking '/home/maddy/canopen_test/install/iris_interfaces/lib'
[0.533s] Level 1:colcon.colcon_core.shell:create_environment_hook('iris_interfaces', 'ld_library_path_lib')
[0.533s] INFO:colcon.colcon_core.shell:Creating environment hook '/home/maddy/canopen_test/install/iris_interfaces/share/iris_interfaces/hook/ld_library_path_lib.ps1'
[0.533s] INFO:colcon.colcon_core.shell:Creating environment descriptor '/home/maddy/canopen_test/install/iris_interfaces/share/iris_interfaces/hook/ld_library_path_lib.dsv'
[0.534s] INFO:colcon.colcon_core.shell:Creating environment hook '/home/maddy/canopen_test/install/iris_interfaces/share/iris_interfaces/hook/ld_library_path_lib.sh'
[0.534s] Level 1:colcon.colcon_core.environment:checking '/home/maddy/canopen_test/install/iris_interfaces/bin'
[0.534s] Level 1:colcon.colcon_core.environment:checking '/home/maddy/canopen_test/install/iris_interfaces/lib/pkgconfig/iris_interfaces.pc'
[0.534s] Level 1:colcon.colcon_core.environment:checking '/home/maddy/canopen_test/install/iris_interfaces/lib/python3.10/site-packages'
[0.535s] Level 1:colcon.colcon_core.environment:checking '/home/maddy/canopen_test/install/iris_interfaces/bin'
[0.535s] INFO:colcon.colcon_core.shell:Creating package script '/home/maddy/canopen_test/install/iris_interfaces/share/iris_interfaces/package.ps1'
[0.536s] INFO:colcon.colcon_core.shell:Creating package descriptor '/home/maddy/canopen_test/install/iris_interfaces/share/iris_interfaces/package.dsv'
[0.537s] INFO:colcon.colcon_core.shell:Creating package script '/home/maddy/canopen_test/install/iris_interfaces/share/iris_interfaces/package.sh'
[0.537s] INFO:colcon.colcon_core.shell:Creating package script '/home/maddy/canopen_test/install/iris_interfaces/share/iris_interfaces/package.bash'
[0.538s] INFO:colcon.colcon_core.shell:Creating package script '/home/maddy/canopen_test/install/iris_interfaces/share/iris_interfaces/package.zsh'
[0.539s] Level 1:colcon.colcon_core.environment:create_file_with_runtime_dependencies(/home/maddy/canopen_test/install/iris_interfaces/share/colcon-core/packages/iris_interfaces)
[0.539s] Level 1:colcon.colcon_core.environment:create_environment_scripts_only(iris_interfaces)
[0.539s] Level 1:colcon.colcon_core.environment:checking '/home/maddy/canopen_test/install/iris_interfaces' for CMake module files
[0.540s] Level 1:colcon.colcon_core.environment:checking '/home/maddy/canopen_test/install/iris_interfaces' for CMake config files
[0.541s] Level 1:colcon.colcon_core.shell:create_environment_hook('iris_interfaces', 'cmake_prefix_path')
[0.541s] INFO:colcon.colcon_core.shell:Creating environment hook '/home/maddy/canopen_test/install/iris_interfaces/share/iris_interfaces/hook/cmake_prefix_path.ps1'
[0.542s] INFO:colcon.colcon_core.shell:Creating environment descriptor '/home/maddy/canopen_test/install/iris_interfaces/share/iris_interfaces/hook/cmake_prefix_path.dsv'
[0.542s] INFO:colcon.colcon_core.shell:Creating environment hook '/home/maddy/canopen_test/install/iris_interfaces/share/iris_interfaces/hook/cmake_prefix_path.sh'
[0.542s] Level 1:colcon.colcon_core.environment:checking '/home/maddy/canopen_test/install/iris_interfaces/lib'
[0.542s] Level 1:colcon.colcon_core.shell:create_environment_hook('iris_interfaces', 'ld_library_path_lib')
[0.542s] INFO:colcon.colcon_core.shell:Creating environment hook '/home/maddy/canopen_test/install/iris_interfaces/share/iris_interfaces/hook/ld_library_path_lib.ps1'
[0.542s] INFO:colcon.colcon_core.shell:Creating environment descriptor '/home/maddy/canopen_test/install/iris_interfaces/share/iris_interfaces/hook/ld_library_path_lib.dsv'
[0.543s] INFO:colcon.colcon_core.shell:Creating environment hook '/home/maddy/canopen_test/install/iris_interfaces/share/iris_interfaces/hook/ld_library_path_lib.sh'
[0.543s] Level 1:colcon.colcon_core.environment:checking '/home/maddy/canopen_test/install/iris_interfaces/bin'
[0.543s] Level 1:colcon.colcon_core.environment:checking '/home/maddy/canopen_test/install/iris_interfaces/lib/pkgconfig/iris_interfaces.pc'
[0.543s] Level 1:colcon.colcon_core.environment:checking '/home/maddy/canopen_test/install/iris_interfaces/lib/python3.10/site-packages'
[0.543s] Level 1:colcon.colcon_core.environment:checking '/home/maddy/canopen_test/install/iris_interfaces/bin'
[0.543s] INFO:colcon.colcon_core.shell:Creating package script '/home/maddy/canopen_test/install/iris_interfaces/share/iris_interfaces/package.ps1'
[0.544s] INFO:colcon.colcon_core.shell:Creating package descriptor '/home/maddy/canopen_test/install/iris_interfaces/share/iris_interfaces/package.dsv'
[0.544s] INFO:colcon.colcon_core.shell:Creating package script '/home/maddy/canopen_test/install/iris_interfaces/share/iris_interfaces/package.sh'
[0.544s] INFO:colcon.colcon_core.shell:Creating package script '/home/maddy/canopen_test/install/iris_interfaces/share/iris_interfaces/package.bash'
[0.544s] INFO:colcon.colcon_core.shell:Creating package script '/home/maddy/canopen_test/install/iris_interfaces/share/iris_interfaces/package.zsh'
[0.544s] Level 1:colcon.colcon_core.environment:create_file_with_runtime_dependencies(/home/maddy/canopen_test/install/iris_interfaces/share/colcon-core/packages/iris_interfaces)
[0.545s] INFO:colcon.colcon_ros.task.ament_python.build:Building ROS package in '/home/maddy/canopen_test/a5_control' with build type 'ament_python'
[0.545s] Level 1:colcon.colcon_core.shell:create_environment_hook('a5_control', 'ament_prefix_path')
[0.545s] INFO:colcon.colcon_core.shell:Creating environment hook '/home/maddy/canopen_test/install/a5_control/share/a5_control/hook/ament_prefix_path.ps1'
[0.545s] INFO:colcon.colcon_core.shell:Creating environment descriptor '/home/maddy/canopen_test/install/a5_control/share/a5_control/hook/ament_prefix_path.dsv'
[0.546s] INFO:colcon.colcon_core.shell:Creating environment hook '/home/maddy/canopen_test/install/a5_control/share/a5_control/hook/ament_prefix_path.sh'
[0.546s] INFO:colcon.colcon_core.shell:Skip shell extension 'powershell' for command environment: Not usable outside of PowerShell
[0.546s] DEBUG:colcon.colcon_core.shell:Skip shell extension 'dsv' for command environment
[0.548s] INFO:colcon.colcon_ros.task.ament_python.build:Building ROS package in '/home/maddy/canopen_test/motor_control' with build type 'ament_python'
[0.548s] Level 1:colcon.colcon_core.shell:create_environment_hook('motor_control', 'ament_prefix_path')
[0.548s] INFO:colcon.colcon_core.shell:Creating environment hook '/home/maddy/canopen_test/install/motor_control/share/motor_control/hook/ament_prefix_path.ps1'
[0.548s] INFO:colcon.colcon_core.shell:Creating environment descriptor '/home/maddy/canopen_test/install/motor_control/share/motor_control/hook/ament_prefix_path.dsv'
[0.548s] INFO:colcon.colcon_core.shell:Creating environment hook '/home/maddy/canopen_test/install/motor_control/share/motor_control/hook/ament_prefix_path.sh'
[0.549s] INFO:colcon.colcon_core.shell:Skip shell extension 'powershell' for command environment: Not usable outside of PowerShell
[0.549s] DEBUG:colcon.colcon_core.shell:Skip shell extension 'dsv' for command environment
[0.694s] INFO:colcon.colcon_core.task.python.build:Building Python package in '/home/maddy/canopen_test/a5_control'
[0.695s] INFO:colcon.colcon_core.shell:Skip shell extension 'powershell' for command environment: Not usable outside of PowerShell
[0.695s] DEBUG:colcon.colcon_core.shell:Skip shell extension 'dsv' for command environment
[0.857s] INFO:colcon.colcon_core.task.python.build:Building Python package in '/home/maddy/canopen_test/motor_control'
[0.857s] INFO:colcon.colcon_core.shell:Skip shell extension 'powershell' for command environment: Not usable outside of PowerShell
[0.857s] DEBUG:colcon.colcon_core.shell:Skip shell extension 'dsv' for command environment
[1.075s] DEBUG:colcon.colcon_core.task.python.build:Available setuptools commands: develop, install, sdist, bdist_rpm, install_data, init_catalog, bdist_wheel, bdist_egg, egg_info, install_headers, install_lib, build_scripts, build, dist_info, install_scripts, extract_messages, check, build_ext, easy_install, rotate, register, upload, setopt, build_clib, test, saveopts, update_catalog, bdist, symlink_data, install_egg_info, build_py, bdist_dumb, upload_docs, compile_catalog, clean, alias
[1.077s] DEBUG:colcon.colcon_core.task.python.build:Available setuptools commands: develop, install, sdist, bdist_rpm, install_data, init_catalog, bdist_wheel, bdist_egg, egg_info, install_headers, install_lib, build_scripts, build, dist_info, install_scripts, extract_messages, check, build_ext, easy_install, rotate, register, upload, setopt, build_clib, test, saveopts, update_catalog, bdist, symlink_data, install_egg_info, build_py, bdist_dumb, upload_docs, compile_catalog, clean, alias
[1.078s] DEBUG:colcon.colcon_core.event_handler.log_command:Invoking command in '/home/maddy/canopen_test/motor_control': AMENT_PREFIX_PATH=/home/maddy/canopen_test/install/iris_interfaces:${AMENT_PREFIX_PATH} CMAKE_PREFIX_PATH=/home/maddy/canopen_test/install/iris_interfaces LD_LIBRARY_PATH=/home/maddy/canopen_test/install/iris_interfaces/lib:${LD_LIBRARY_PATH} PYTHONPATH=/home/maddy/canopen_test/build/motor_control/prefix_override:/usr/lib/python3/dist-packages/colcon_core/task/python/colcon_distutils_commands:/home/maddy/canopen_test/install/motor_control/lib/python3.10/site-packages:/home/maddy/canopen_test/install/iris_interfaces/local/lib/python3.10/dist-packages:${PYTHONPATH} /usr/bin/python3 -W ignore:setup.py install is deprecated -W ignore:easy_install command is deprecated setup.py egg_info --egg-base ../build/motor_control build --build-base /home/maddy/canopen_test/build/motor_control/build install --record /home/maddy/canopen_test/build/motor_control/install.log --install-scripts $base/lib/motor_control --single-version-externally-managed install_data
[1.079s] DEBUG:colcon.colcon_core.event_handler.log_command:Invoking command in '/home/maddy/canopen_test/a5_control': AMENT_PREFIX_PATH=/home/maddy/canopen_test/install/iris_interfaces:${AMENT_PREFIX_PATH} CMAKE_PREFIX_PATH=/home/maddy/canopen_test/install/iris_interfaces LD_LIBRARY_PATH=/home/maddy/canopen_test/install/iris_interfaces/lib:${LD_LIBRARY_PATH} PYTHONPATH=/home/maddy/canopen_test/build/a5_control/prefix_override:/usr/lib/python3/dist-packages/colcon_core/task/python/colcon_distutils_commands:/home/maddy/canopen_test/install/a5_control/lib/python3.10/site-packages:/home/maddy/canopen_test/install/iris_interfaces/local/lib/python3.10/dist-packages:${PYTHONPATH} /usr/bin/python3 -W ignore:setup.py install is deprecated -W ignore:easy_install command is deprecated setup.py egg_info --egg-base ../build/a5_control build --build-base /home/maddy/canopen_test/build/a5_control/build install --record /home/maddy/canopen_test/build/a5_control/install.log --install-scripts $base/lib/a5_control --single-version-externally-managed install_data
[1.248s] Level 1:colcon.colcon_core.environment:checking '/home/maddy/canopen_test/install/motor_control' for CMake module files
[1.248s] DEBUG:colcon.colcon_core.event_handler.log_command:Invoked command in '/home/maddy/canopen_test/motor_control' returned '0': AMENT_PREFIX_PATH=/home/maddy/canopen_test/install/iris_interfaces:${AMENT_PREFIX_PATH} CMAKE_PREFIX_PATH=/home/maddy/canopen_test/install/iris_interfaces LD_LIBRARY_PATH=/home/maddy/canopen_test/install/iris_interfaces/lib:${LD_LIBRARY_PATH} PYTHONPATH=/home/maddy/canopen_test/build/motor_control/prefix_override:/usr/lib/python3/dist-packages/colcon_core/task/python/colcon_distutils_commands:/home/maddy/canopen_test/install/motor_control/lib/python3.10/site-packages:/home/maddy/canopen_test/install/iris_interfaces/local/lib/python3.10/dist-packages:${PYTHONPATH} /usr/bin/python3 -W ignore:setup.py install is deprecated -W ignore:easy_install command is deprecated setup.py egg_info --egg-base ../build/motor_control build --build-base /home/maddy/canopen_test/build/motor_control/build install --record /home/maddy/canopen_test/build/motor_control/install.log --install-scripts $base/lib/motor_control --single-version-externally-managed install_data
[1.248s] Level 1:colcon.colcon_core.environment:checking '/home/maddy/canopen_test/install/motor_control' for CMake config files
[1.249s] Level 1:colcon.colcon_core.environment:checking '/home/maddy/canopen_test/install/motor_control/lib'
[1.249s] Level 1:colcon.colcon_core.environment:checking '/home/maddy/canopen_test/install/motor_control/bin'
[1.249s] Level 1:colcon.colcon_core.environment:checking '/home/maddy/canopen_test/install/motor_control/lib/pkgconfig/motor_control.pc'
[1.249s] Level 1:colcon.colcon_core.environment:checking '/home/maddy/canopen_test/install/motor_control/lib/python3.10/site-packages'
[1.249s] Level 1:colcon.colcon_core.shell:create_environment_hook('motor_control', 'pythonpath')
[1.249s] INFO:colcon.colcon_core.shell:Creating environment hook '/home/maddy/canopen_test/install/motor_control/share/motor_control/hook/pythonpath.ps1'
[1.249s] INFO:colcon.colcon_core.shell:Creating environment descriptor '/home/maddy/canopen_test/install/motor_control/share/motor_control/hook/pythonpath.dsv'
[1.250s] INFO:colcon.colcon_core.shell:Creating environment hook '/home/maddy/canopen_test/install/motor_control/share/motor_control/hook/pythonpath.sh'
[1.250s] Level 1:colcon.colcon_core.environment:checking '/home/maddy/canopen_test/install/motor_control/bin'
[1.250s] Level 1:colcon.colcon_core.environment:create_environment_scripts_only(motor_control)
[1.250s] INFO:colcon.colcon_core.shell:Creating package script '/home/maddy/canopen_test/install/motor_control/share/motor_control/package.ps1'
[1.251s] INFO:colcon.colcon_core.shell:Creating package descriptor '/home/maddy/canopen_test/install/motor_control/share/motor_control/package.dsv'
[1.251s] INFO:colcon.colcon_core.shell:Creating package script '/home/maddy/canopen_test/install/motor_control/share/motor_control/package.sh'
[1.251s] INFO:colcon.colcon_core.shell:Creating package script '/home/maddy/canopen_test/install/motor_control/share/motor_control/package.bash'
[1.251s] INFO:colcon.colcon_core.shell:Creating package script '/home/maddy/canopen_test/install/motor_control/share/motor_control/package.zsh'
[1.251s] Level 1:colcon.colcon_core.environment:create_file_with_runtime_dependencies(/home/maddy/canopen_test/install/motor_control/share/colcon-core/packages/motor_control)
[1.253s] Level 1:colcon.colcon_core.environment:checking '/home/maddy/canopen_test/install/a5_control' for CMake module files
[1.253s] DEBUG:colcon.colcon_core.event_handler.log_command:Invoked command in '/home/maddy/canopen_test/a5_control' returned '0': AMENT_PREFIX_PATH=/home/maddy/canopen_test/install/iris_interfaces:${AMENT_PREFIX_PATH} CMAKE_PREFIX_PATH=/home/maddy/canopen_test/install/iris_interfaces LD_LIBRARY_PATH=/home/maddy/canopen_test/install/iris_interfaces/lib:${LD_LIBRARY_PATH} PYTHONPATH=/home/maddy/canopen_test/build/a5_control/prefix_override:/usr/lib/python3/dist-packages/colcon_core/task/python/colcon_distutils_commands:/home/maddy/canopen_test/install/a5_control/lib/python3.10/site-packages:/home/maddy/canopen_test/install/iris_interfaces/local/lib/python3.10/dist-packages:${PYTHONPATH} /usr/bin/python3 -W ignore:setup.py install is deprecated -W ignore:easy_install command is deprecated setup.py egg_info --egg-base ../build/a5_control build --build-base /home/maddy/canopen_test/build/a5_control/build install --record /home/maddy/canopen_test/build/a5_control/install.log --install-scripts $base/lib/a5_control --single-version-externally-managed install_data
[1.253s] Level 1:colcon.colcon_core.environment:checking '/home/maddy/canopen_test/install/a5_control' for CMake config files
[1.254s] Level 1:colcon.colcon_core.environment:checking '/home/maddy/canopen_test/install/a5_control/lib'
[1.254s] Level 1:colcon.colcon_core.environment:checking '/home/maddy/canopen_test/install/a5_control/bin'
[1.254s] Level 1:colcon.colcon_core.environment:checking '/home/maddy/canopen_test/install/a5_control/lib/pkgconfig/a5_control.pc'
[1.254s] Level 1:colcon.colcon_core.environment:checking '/home/maddy/canopen_test/install/a5_control/lib/python3.10/site-packages'
[1.254s] Level 1:colcon.colcon_core.shell:create_environment_hook('a5_control', 'pythonpath')
[1.254s] INFO:colcon.colcon_core.shell:Creating environment hook '/home/maddy/canopen_test/install/a5_control/share/a5_control/hook/pythonpath.ps1'
[1.254s] INFO:colcon.colcon_core.shell:Creating environment descriptor '/home/maddy/canopen_test/install/a5_control/share/a5_control/hook/pythonpath.dsv'
[1.255s] INFO:colcon.colcon_core.shell:Creating environment hook '/home/maddy/canopen_test/install/a5_control/share/a5_control/hook/pythonpath.sh'
[1.255s] Level 1:colcon.colcon_core.environment:checking '/home/maddy/canopen_test/install/a5_control/bin'
[1.255s] Level 1:colcon.colcon_core.environment:create_environment_scripts_only(a5_control)
[1.255s] INFO:colcon.colcon_core.shell:Creating package script '/home/maddy/canopen_test/install/a5_control/share/a5_control/package.ps1'
[1.256s] INFO:colcon.colcon_core.shell:Creating package descriptor '/home/maddy/canopen_test/install/a5_control/share/a5_control/package.dsv'
[1.256s] INFO:colcon.colcon_core.shell:Creating package script '/home/maddy/canopen_test/install/a5_control/share/a5_control/package.sh'
[1.256s] INFO:colcon.colcon_core.shell:Creating package script '/home/maddy/canopen_test/install/a5_control/share/a5_control/package.bash'
[1.256s] INFO:colcon.colcon_core.shell:Creating package script '/home/maddy/canopen_test/install/a5_control/share/a5_control/package.zsh'
[1.256s] Level 1:colcon.colcon_core.environment:create_file_with_runtime_dependencies(/home/maddy/canopen_test/install/a5_control/share/colcon-core/packages/a5_control)
[1.257s] DEBUG:colcon.colcon_parallel_executor.executor.parallel:closing loop
[1.257s] DEBUG:colcon.colcon_parallel_executor.executor.parallel:loop closed
[1.257s] DEBUG:colcon.colcon_parallel_executor.executor.parallel:run_until_complete finished with '0'
[1.257s] DEBUG:colcon.colcon_core.event_reactor:joining thread
[1.260s] INFO:colcon.colcon_core.plugin_system:Skipping extension 'colcon_notification.desktop_notification.terminal_notifier': Not used on non-Darwin systems
[1.260s] INFO:colcon.colcon_core.plugin_system:Skipping extension 'colcon_notification.desktop_notification.win32': Not used on non-Windows systems
[1.260s] INFO:colcon.colcon_notification.desktop_notification:Sending desktop notification using 'notify2'
[1.269s] DEBUG:colcon.colcon_core.event_reactor:joined thread
[1.269s] INFO:colcon.colcon_core.shell:Creating prefix script '/home/maddy/canopen_test/install/local_setup.ps1'
[1.270s] INFO:colcon.colcon_core.shell:Creating prefix util module '/home/maddy/canopen_test/install/_local_setup_util_ps1.py'
[1.272s] INFO:colcon.colcon_core.shell:Creating prefix chain script '/home/maddy/canopen_test/install/setup.ps1'
[1.273s] INFO:colcon.colcon_core.shell:Creating prefix script '/home/maddy/canopen_test/install/local_setup.sh'
[1.273s] INFO:colcon.colcon_core.shell:Creating prefix util module '/home/maddy/canopen_test/install/_local_setup_util_sh.py'
[1.274s] INFO:colcon.colcon_core.shell:Creating prefix chain script '/home/maddy/canopen_test/install/setup.sh'
[1.275s] INFO:colcon.colcon_core.shell:Creating prefix script '/home/maddy/canopen_test/install/local_setup.bash'
[1.275s] INFO:colcon.colcon_core.shell:Creating prefix chain script '/home/maddy/canopen_test/install/setup.bash'
[1.276s] INFO:colcon.colcon_core.shell:Creating prefix script '/home/maddy/canopen_test/install/local_setup.zsh'
[1.277s] INFO:colcon.colcon_core.shell:Creating prefix chain script '/home/maddy/canopen_test/install/setup.zsh'
